2015-02-15 
17:55
$PROB THEOPHYLLINE ORAL
$INPUT ID AMT TIME DV BWT
$DATA ../THEO.CSV
$PRED
  DOSE = 320
  KA   = THETA(1) * EXP(ETA(1))
  V    = THETA(2) * EXP(ETA(2))
  K    = THETA(3) * EXP(ETA(3))

  F    = DOSE / V * KA / (KA - K) * (EXP(-K*TIME) - EXP(-KA*TIME))
  Y    = F + F * EPS(1) + EPS(2)

$THETA 
  (0, 2)
  (0, 50)
  (0, 0.1)

$OMEGA BLOCK(3)
  0.2
  0.1  0.2
  0.1  0.1  0.2

$SIGMA
  0.1  
  0.1

$EST MAX=9999 NOTBT NOOBT NOSBT NOABORT METHOD=COND INTER
$COV PRINT=ERS
$TAB ID ETA(1) ETA(2) ETA(3) FIRSTONLY NOAPPEND FILE=INDIPARA.OUT
$TAB ID AMT TIME BWT ONEHEADER FILE=FIT.OUT




  
NM-TRAN MESSAGES 
  
 WARNINGS AND ERRORS (IF ANY) FOR PROBLEM    1
             
 (WARNING  2) NM-TRAN INFERS THAT THE DATA ARE POPULATION.
             
 (WARNING  13) WITH USER-WRITTEN PRED OR $PRED, NM-TRAN CANNOT APPEND THE
 MDV DATA ITEM.
  
License Registered to: Asan Medical Center
Expiration Date:    14 DEC 2015
Current Date:       15 FEB 2015
Days until program expires : 299
1NONLINEAR MIXED EFFECTS MODEL PROGRAM (NONMEM) VERSION 7.3.0
 ORIGINALLY DEVELOPED BY STUART BEAL, LEWIS SHEINER, AND ALISON BOECKMANN
 CURRENT DEVELOPERS ARE ROBERT BAUER, ICON DEVELOPMENT SOLUTIONS,
 AND ALISON BOECKMANN. IMPLEMENTATION, EFFICIENCY, AND STANDARDIZATION
 PERFORMED BY NOUS INFOSYSTEMS.

 PROBLEM NO.:         1
 THEOPHYLLINE ORAL
0DATA CHECKOUT RUN:              NO
 DATA SET LOCATED ON UNIT NO.:    2
 THIS UNIT TO BE REWOUND:        NO
 NO. OF DATA RECS IN DATA SET:      132
 NO. OF DATA ITEMS IN DATA SET:   5
 ID DATA ITEM IS DATA ITEM NO.:   1
 DEP VARIABLE IS DATA ITEM NO.:   4
0LABELS FOR DATA ITEMS:
 ID AMT TIME DV BWT
0FORMAT FOR DATA:
 (5E6.0)

 TOT. NO. OF OBS RECS:      132
 TOT. NO. OF INDIVIDUALS:     12
0LENGTH OF THETA:   3
0DEFAULT THETA BOUNDARY TEST OMITTED:   YES
0OMEGA HAS BLOCK FORM:
  1
  1  1
  1  1  1
0DEFAULT OMEGA BOUNDARY TEST OMITTED:   YES
0SIGMA HAS SIMPLE DIAGONAL FORM WITH DIMENSION:   2
0DEFAULT SIGMA BOUNDARY TEST OMITTED:   YES
0INITIAL ESTIMATE OF THETA:
 LOWER BOUND    INITIAL EST    UPPER BOUND
  0.0000E+00     0.2000E+01     0.1000E+07
  0.0000E+00     0.5000E+02     0.1000E+07
  0.0000E+00     0.1000E+00     0.1000E+07
0INITIAL ESTIMATE OF OMEGA:
 BLOCK SET NO.   BLOCK                                                                    FIXED
        1                                                                                   NO
                  0.2000E+00
                  0.1000E+00   0.2000E+00
                  0.1000E+00   0.1000E+00   0.2000E+00
0INITIAL ESTIMATE OF SIGMA:
 0.1000E+00
 0.0000E+00   0.1000E+00
0COVARIANCE STEP OMITTED:        NO
 R MATRIX PRINTED:              YES
 S MATRIX PRINTED:              YES
 EIGENVLS. PRINTED:             YES
 SPECIAL COMPUTATION:            NO
 COMPRESSED FORMAT:              NO
 SIGDIGITS ETAHAT (SIGLO):                  -1
 SIGDIGITS GRADIENTS (SIGL):                -1
 RELATIVE TOLERANCE (TOL):                  -1
 ABSOLUTE TOLERANCE-ADVAN 9,13 ONLY (ATOL): -1
 EXCLUDE COV FOR FOCE (NOFCOV):              NO
 RESUME COV ANALYSIS (RESUME):               NO
0TABLES STEP OMITTED:    NO
 NO. OF TABLES:           2
 SEED NUMBER (SEED):    11456
 RANMETHOD:
 MC SAMPLES (ESEED):    300
 WRES SQUARE ROOT TYPE:            EIGENVALUE
0-- TABLE   1 --
0FIRST RECORDS ONLY:    YES
04 COLUMNS APPENDED:     NO
 PRINTED:               YES
 FOR TABLE FILE,
 HEADER:                YES
 FILE TO BE FORWARDED:   NO
 FORMAT:                S1PE11.4
 LFORMAT:
 RFORMAT:
0USER-CHOSEN ITEMS:
 ID ETA1 ETA2 ETA3
0-- TABLE   2 --
 PRINTED:               YES
 FOR TABLE FILE,
 HEADER:                YES
 FILE TO BE FORWARDED:   NO
 FORMAT:                S1PE11.4
 LFORMAT:
 RFORMAT:
0USER-CHOSEN ITEMS:
 ID AMT TIME BWT
1


 #TBLN:      1
 #METH: First Order Conditional Estimation with Interaction

 ESTIMATION STEP OMITTED:                 NO  
 ANALYSIS TYPE:                           POPULATION
 CONDITIONAL ESTIMATES USED:              YES 
 CENTERED ETA:                            NO  
 EPS-ETA INTERACTION:                     YES 
 LAPLACIAN OBJ. FUNC.:                    NO  
 NO. OF FUNCT. EVALS. ALLOWED:            9999
 NO. OF SIG. FIGURES REQUIRED:            3
 INTERMEDIATE PRINTOUT:                   YES 
 ESTIMATE OUTPUT TO MSF:                  NO  
 ABORT WITH PRED EXIT CODE 1:             NO  
 IND. OBJ. FUNC. VALUES SORTED:           NO  
 NUMERICAL DERIVATIVE 
       FILE REQUEST (NUMDER):             NONE
 MAP (ETAHAT) ESTIMATION METHOD (OPTMAP): 0           
 ETA HESSIAN EVALUATION METHOD (ETADER):  0           
 INITIAL ETA FOR MAP ESTIMATION (MCETA):  0           
 SIGDIGITS FOR MAP ESTIMATION (SIGLO):    100         
 GRADIENT SIGDIGITS OF 
       FIXED EFFECTS PARAMETERS (SIGL):   100         
 EXCLUDE TITLE (NOTITLE):                 NO 
 EXCLUDE COLUMN LABELS (NOLABEL):         NO 
 NOPRIOR SETTING (NOPRIOR):               OFF
 NOCOV SETTING (NOCOV):                   OFF
 DERCONT SETTING (DERCONT):               OFF
 ABSOLUTE TOLERANCE-ADVAN 9,13 ONLY(ATOL):-100        
 FINAL ETA RE-EVALUATION (FNLETA):        ON 
 EXCLUDE NON-INFLUENTIAL (NON-INFL.) ETAS 
       IN SHRINKAGE (ETASTYPE):           NO 
 NON-INFL. ETA CORRECTION (NONINFETA):    OFF
 FORMAT FOR ADDITIONAL FILES (FORMAT):    S1PE12.5
 PARAMETER ORDER FOR OUTPUTS (ORDER):     TSOL
 ADDITIONAL CONVERGENCE TEST (CTYPE=4)?:  NO
 EM OR BAYESIAN METHOD USED:                NONE


 THE FOLLOWING LABELS ARE EQUIVALENT
 PRED=PREDI
 RES=RESI
 WRES=WRESI
 IWRS=IWRESI
 IPRD=IPREDI
 IRS=IRESI

 MONITORING OF SEARCH:


0ITERATION NO.:    0    OBJECTIVE VALUE:   192.650255559400        NO. OF FUNC. EVALS.:   7
 CUMULATIVE NO. OF FUNC. EVALS.:        7
 NPARAMETR:  2.0000E+00  5.0000E+01  1.0000E-01  2.0000E-01  1.0000E-01  1.0000E-01  2.0000E-01  1.0000E-01  2.0000E-01  1.0000E-01
             1.0000E-01
 PARAMETER:  1.0000E-01  1.0000E-01  1.0000E-01  1.0000E-01  1.0000E-01  1.0000E-01  1.0000E-01  1.0000E-01  1.0000E-01  1.0000E-01
             1.0000E-01
 GRADIENT:   8.0998E+00  2.7969E+01  7.5712E+00 -8.0610E+00  1.2548E+01  3.1347E+01  9.3726E+00 -4.7766E+00  1.0867E+01  1.1082E+02
             1.8061E+01

0ITERATION NO.:   26    OBJECTIVE VALUE:   92.8308690305759        NO. OF FUNC. EVALS.:  10
 CUMULATIVE NO. OF FUNC. EVALS.:      247
 NPARAMETR:  1.4907E+00  3.2447E+01  8.7290E-02  4.3472E-01  5.6920E-02 -6.4854E-03  1.9399E-02  1.2083E-02  2.0233E-02  1.7039E-02
             8.2844E-02
 PARAMETER: -1.9389E-01 -3.3242E-01 -3.5933E-02  4.8819E-01  3.8608E-02 -4.3990E-03 -1.1651E+00  9.1648E-02 -1.4392E+00 -7.8485E-01
             5.8945E-03
 GRADIENT:   6.8460E-04  5.0107E-03  5.1878E-03  1.5920E-03 -2.2087E-03 -9.6443E-03  1.0768E-03 -1.7841E-02 -6.2939E-04 -1.7890E-03
            -1.0253E-03

 #TERM:
0MINIMIZATION SUCCESSFUL
 NO. OF FUNCTION EVALUATIONS USED:      247
 NO. OF SIG. DIGITS IN FINAL EST.:  3.5

 ETABAR IS THE ARITHMETIC MEAN OF THE ETA-ESTIMATES,
 AND THE P-VALUE IS GIVEN FOR THE NULL HYPOTHESIS THAT THE TRUE MEAN IS 0.

 ETABAR:        -1.2112E-02 -2.2438E-03  1.4084E-03
 SE:             1.7980E-01  3.7873E-02  3.7339E-02
 N:                      12          12          12

 P VAL.:         9.4629E-01  9.5276E-01  9.6991E-01

 ETAshrink(%):   1.3337E+00  1.6180E+00  5.0232E+00
 EBVshrink(%):   3.6405E+00  5.2209E+00  8.9518E+00
 EPSshrink(%):   7.9530E+00  9.0252E+00

 #TERE:
 Elapsed estimation time in seconds:     0.35
 Elapsed covariance time in seconds:     0.32
1
 
 
 
 
 
 
 
 
 
 
 
 
 
 
 
 
 
 
 
 
 ************************************************************************************************************************
 ********************                                                                                ********************
 ********************               FIRST ORDER CONDITIONAL ESTIMATION WITH INTERACTION              ********************
 #OBJT:**************                       MINIMUM VALUE OF OBJECTIVE FUNCTION                      ********************
 ********************                                                                                ********************
 ************************************************************************************************************************
 





 #OBJV:********************************************       92.831       **************************************************
1
 ************************************************************************************************************************
 ********************                                                                                ********************
 ********************               FIRST ORDER CONDITIONAL ESTIMATION WITH INTERACTION              ********************
 ********************                             FINAL PARAMETER ESTIMATE                           ********************
 ********************                                                                                ********************
 ************************************************************************************************************************
 


 THETA - VECTOR OF FIXED EFFECTS PARAMETERS   *********


         TH 1      TH 2      TH 3     
 
         1.49E+00  3.24E+01  8.73E-02
 


 OMEGA - COV MATRIX FOR RANDOM EFFECTS - ETAS  ********


            ETA1      ETA2      ETA3   
 
 ETA1
+        4.35E-01
 
 ETA2
+        5.69E-02  1.94E-02
 
 ETA3
+       -6.49E-03  1.21E-02  2.02E-02
 


 SIGMA - COV MATRIX FOR RANDOM EFFECTS - EPSILONS  ****


            EPS1      EPS2   
 
 EPS1
+        1.70E-02
 
 EPS2
+        0.00E+00  8.28E-02
 
1


 OMEGA - CORR MATRIX FOR RANDOM EFFECTS - ETAS  *******


            ETA1      ETA2      ETA3   
 
 ETA1
+        6.59E-01
 
 ETA2
+        6.20E-01  1.39E-01
 
 ETA3
+       -6.92E-02  6.10E-01  1.42E-01
 


 SIGMA - CORR MATRIX FOR RANDOM EFFECTS - EPSILONS  ***


            EPS1      EPS2   
 
 EPS1
+        1.31E-01
 
 EPS2
+        0.00E+00  2.88E-01
 
1
 ************************************************************************************************************************
 ********************                                                                                ********************
 ********************               FIRST ORDER CONDITIONAL ESTIMATION WITH INTERACTION              ********************
 ********************                            STANDARD ERROR OF ESTIMATE                          ********************
 ********************                                                                                ********************
 ************************************************************************************************************************
 


 THETA - VECTOR OF FIXED EFFECTS PARAMETERS   *********


         TH 1      TH 2      TH 3     
 
         3.01E-01  1.70E+00  4.21E-03
 


 OMEGA - COV MATRIX FOR RANDOM EFFECTS - ETAS  ********


            ETA1      ETA2      ETA3   
 
 ETA1
+        2.23E-01
 
 ETA2
+        3.61E-02  8.66E-03
 
 ETA3
+        2.20E-02  7.66E-03  2.00E-02
 


 SIGMA - COV MATRIX FOR RANDOM EFFECTS - EPSILONS  ****


            EPS1      EPS2   
 
 EPS1
+        1.17E-02
 
 EPS2
+       .........  1.13E-01
 
1


 OMEGA - CORR MATRIX FOR RANDOM EFFECTS - ETAS  *******


            ETA1      ETA2      ETA3   
 
 ETA1
+        1.69E-01
 
 ETA2
+        2.46E-01  3.11E-02
 
 ETA3
+        2.25E-01  3.58E-01  7.05E-02
 


 SIGMA - CORR MATRIX FOR RANDOM EFFECTS - EPSILONS  ***


            EPS1      EPS2   
 
 EPS1
+        4.48E-02
 
 EPS2
+       .........  1.96E-01
 
1
 ************************************************************************************************************************
 ********************                                                                                ********************
 ********************               FIRST ORDER CONDITIONAL ESTIMATION WITH INTERACTION              ********************
 ********************                          COVARIANCE MATRIX OF ESTIMATE                         ********************
 ********************                                                                                ********************
 ************************************************************************************************************************
 

            TH 1      TH 2      TH 3      OM11      OM12      OM13      OM22      OM23      OM33      SG11      SG12      SG22  

 
 TH 1
+        9.07E-02
 
 TH 2
+        2.79E-01  2.88E+00
 
 TH 3
+       -2.30E-04  1.39E-03  1.77E-05
 
 OM11
+        4.28E-02  1.24E-01  8.70E-05  4.99E-02
 
 OM12
+        5.58E-03 -5.76E-03  1.21E-05  6.67E-03  1.30E-03
 
 OM13
+        3.28E-04  3.48E-03 -1.59E-05 -1.36E-03 -9.14E-05  4.83E-04
 
 OM22
+       -2.95E-04 -5.26E-05  1.47E-05  5.75E-04  1.37E-04 -1.50E-05  7.49E-05
 
 OM23
+        9.92E-05  8.94E-04 -2.46E-05 -4.43E-04 -1.05E-04  7.95E-05 -2.90E-05  5.87E-05
 
 OM33
+       -2.72E-05 -1.25E-02 -6.46E-05 -8.69E-04 -1.06E-04 -8.53E-05 -6.76E-05  9.55E-05  4.02E-04
 
 SG11
+       -5.47E-05  5.50E-03  3.02E-05 -2.26E-04 -5.13E-05  6.29E-05  1.07E-05 -3.81E-05 -1.86E-04  1.37E-04
 
 SG12
+       ......... ......... ......... ......... ......... ......... ......... ......... ......... ......... .........
 
 SG22
+       -3.99E-03 -8.81E-02 -3.32E-04 -4.73E-03 -4.17E-04 -7.09E-04 -3.13E-04  4.31E-04  2.19E-03 -1.17E-03 .........  1.28E-02
 
1
 ************************************************************************************************************************
 ********************                                                                                ********************
 ********************               FIRST ORDER CONDITIONAL ESTIMATION WITH INTERACTION              ********************
 ********************                          CORRELATION MATRIX OF ESTIMATE                        ********************
 ********************                                                                                ********************
 ************************************************************************************************************************
 

            TH 1      TH 2      TH 3      OM11      OM12      OM13      OM22      OM23      OM33      SG11      SG12      SG22  

 
 TH 1
+        3.01E-01
 
 TH 2
+        5.45E-01  1.70E+00
 
 TH 3
+       -1.81E-01  1.94E-01  4.21E-03
 
 OM11
+        6.36E-01  3.27E-01  9.26E-02  2.23E-01
 
 OM12
+        5.14E-01 -9.42E-02  7.95E-02  8.28E-01  3.61E-02
 
 OM13
+        4.95E-02  9.34E-02 -1.72E-01 -2.76E-01 -1.15E-01  2.20E-02
 
 OM22
+       -1.13E-01 -3.58E-03  4.04E-01  2.97E-01  4.40E-01 -7.88E-02  8.66E-03
 
 OM23
+        4.30E-02  6.88E-02 -7.62E-01 -2.59E-01 -3.81E-01  4.72E-01 -4.37E-01  7.66E-03
 
 OM33
+       -4.50E-03 -3.66E-01 -7.65E-01 -1.94E-01 -1.47E-01 -1.94E-01 -3.90E-01  6.22E-01  2.00E-02
 
 SG11
+       -1.55E-02  2.77E-01  6.14E-01 -8.67E-02 -1.22E-01  2.45E-01  1.06E-01 -4.26E-01 -7.93E-01  1.17E-02
 
 SG12
+       ......... ......... ......... ......... ......... ......... ......... ......... ......... ......... .........
 
 SG22
+       -1.17E-01 -4.60E-01 -6.99E-01 -1.87E-01 -1.02E-01 -2.86E-01 -3.19E-01  4.98E-01  9.66E-01 -8.84E-01 .........  1.13E-01
 
1
 ************************************************************************************************************************
 ********************                                                                                ********************
 ********************               FIRST ORDER CONDITIONAL ESTIMATION WITH INTERACTION              ********************
 ********************                      INVERSE COVARIANCE MATRIX OF ESTIMATE                     ********************
 ********************                                                                                ********************
 ************************************************************************************************************************
 

            TH 1      TH 2      TH 3      OM11      OM12      OM13      OM22      OM23      OM33      SG11      SG12      SG22  

 
 TH 1
+        4.99E+02
 
 TH 2
+       -5.18E+01  8.00E+00
 
 TH 3
+        1.04E+04 -9.83E+02  4.71E+05
 
 OM11
+        8.74E+02 -1.23E+02  1.36E+04  3.24E+03
 
 OM12
+       -6.48E+03  9.18E+02 -9.81E+04 -2.17E+04  1.51E+05
 
 OM13
+        4.09E+03 -5.97E+02  5.35E+04  1.89E+04 -1.25E+05  1.22E+05
 
 OM22
+        9.57E+03 -1.02E+03  1.72E+05  2.26E+04 -1.59E+05  1.20E+05  2.28E+05
 
 OM23
+        3.55E+03  4.80E+02  2.67E+05 -3.06E+04  1.99E+05 -2.49E+05 -4.51E+04  1.07E+06
 
 OM33
+       -2.55E+04  1.89E+03 -5.61E+05 -3.96E+04  2.70E+05 -1.71E+05 -5.02E+05 -5.15E+05  1.74E+06
 
 SG11
+        2.07E+04 -1.59E+03  4.37E+05  4.34E+04 -2.82E+05  2.22E+05  4.60E+05  1.74E+05 -1.39E+06  1.26E+06
 
 SG12
+       ......... ......... ......... ......... ......... ......... ......... ......... ......... ......... .........
 
 SG22
+        6.79E+03 -5.46E+02  1.45E+05  1.37E+04 -9.09E+04  6.91E+04  1.45E+05  5.97E+04 -4.45E+05  3.85E+05 .........  1.21E+05
 
1
 
 
 
 
 
 
 
 
 
 
 
 
 
 
 
 
 
 
 
 
 ************************************************************************************************************************
 ********************                                                                                ********************
 ********************               FIRST ORDER CONDITIONAL ESTIMATION WITH INTERACTION              ********************
 ********************                      EIGENVALUES OF COR MATRIX OF ESTIMATE                     ********************
 ********************                                                                                ********************
 ************************************************************************************************************************
 

             1         2         3         4         5         6         7         8         9        10        11
 
         3.81E-04  3.23E-03  2.60E-02  1.34E-01  2.31E-01  2.51E-01  6.58E-01  1.04E+00  1.92E+00  2.49E+00  4.25E+00
 
1
 ************************************************************************************************************************
 ********************                                                                                ********************
 ********************               FIRST ORDER CONDITIONAL ESTIMATION WITH INTERACTION              ********************
 ********************                                     R MATRIX                                   ********************
 ********************                                                                                ********************
 ************************************************************************************************************************
 

            TH 1      TH 2      TH 3      OM11      OM12      OM13      OM22      OM23      OM33      SG11      SG12      SG22  

 
 TH 1
+        1.94E+01
 
 TH 2
+       -2.29E+00  6.89E-01
 
 TH 3
+        2.39E+02 -3.69E+01  4.37E+04
 
 OM11
+        2.16E-01 -5.59E-01  1.66E+02  7.02E+01
 
 OM12
+       -1.59E+01  6.60E+00 -1.58E+03 -3.66E+02  3.26E+03
 
 OM13
+        7.88E+00 -3.05E+00  6.65E+02  1.08E+02 -5.73E+02  1.32E+03
 
 OM22
+        3.32E+01 -1.20E+01  2.53E+03  3.95E+02 -5.19E+03  3.67E+02  1.74E+04
 
 OM23
+       -1.32E+01  5.00E+00 -5.95E+02 -2.37E+02  2.06E+03 -3.34E+03 -3.56E+03  2.08E+04
 
 OM33
+       -6.30E+00  2.22E+00 -1.00E+03  6.56E+01 -4.75E+02  1.19E+03  7.05E+02 -4.41E+03  5.87E+03
 
 SG11
+        1.15E+02 -2.88E+01  3.22E+03  1.98E+02 -2.02E+03  1.22E+03  6.63E+03 -8.01E+03  3.35E+03  9.23E+04
 
 SG12
+       ......... ......... ......... ......... ......... ......... ......... ......... ......... ......... .........
 
 SG22
+        6.89E-01 -4.97E-01  8.02E+01  2.85E+01 -2.56E+02  1.64E+02  7.61E+02 -1.01E+03  3.39E+02  6.72E+03 .........  9.39E+02
 
1
 ************************************************************************************************************************
 ********************                                                                                ********************
 ********************               FIRST ORDER CONDITIONAL ESTIMATION WITH INTERACTION              ********************
 ********************                                     S MATRIX                                   ********************
 ********************                                                                                ********************
 ************************************************************************************************************************
 

            TH 1      TH 2      TH 3      OM11      OM12      OM13      OM22      OM23      OM33      SG11      SG12      SG22  

 
 TH 1
+        1.90E+01
 
 TH 2
+       -2.25E+00  6.78E-01
 
 TH 3
+        2.30E+02 -3.42E+01  4.28E+04
 
 OM11
+       -4.17E+00  3.10E+00  2.64E+02  4.48E+01
 
 OM12
+        1.41E+02 -2.43E+01 -2.38E+03 -1.98E+02  2.67E+03
 
 OM13
+        2.06E+01 -5.44E+00 -7.70E+02 -5.19E+01  3.80E+02  1.52E+02
 
 OM22
+       -3.01E+02  2.50E+01  8.98E+03  2.53E+02 -6.03E+03 -6.51E+02  1.85E+04
 
 OM23
+       -6.49E+01  4.09E+01 -5.96E+03  2.41E+02 -6.80E+01 -2.78E+02 -3.79E+03  7.39E+03
 
 OM33
+       -4.61E+01 -5.60E+00 -1.60E+04 -2.26E+02  1.03E+03  6.87E+02 -2.50E+03 -1.27E+03  9.72E+03
 
 SG11
+        3.89E+02 -1.76E+02  3.91E+04 -8.84E+02 -5.24E+03  1.54E+03  1.96E+04 -2.48E+04 -1.70E+03  2.88E+05
 
 SG12
+       ......... ......... ......... ......... ......... ......... ......... ......... ......... ......... .........
 
 SG22
+       -3.02E+01 -1.05E+01 -5.29E+03 -1.45E+02  5.72E+01  3.17E+02  3.48E+02 -2.13E+03  4.34E+03  1.19E+04 .........  2.62E+03
 
1
 
 
 
 
 
 
 
 
 
 
 
 
 
 
 
 
 
 
 
 
 ************************************************************************************************************************
 ********************                                                                                ********************
 ********************               FIRST ORDER CONDITIONAL ESTIMATION WITH INTERACTION              ********************
 ********************                          TABLES OF DATA AND PREDICTIONS                        ********************
 ********************                                                                                ********************
 ************************************************************************************************************************
 
1TABLE NO.  1



 LINE NO.ID        ETA1      ETA2      ETA3     
 
    1
+        1.00E+00 -1.05E-01 -1.93E-01 -2.79E-01
 
    2
+        2.00E+00  3.29E-01  5.63E-02  4.41E-02
 
    3
+        3.00E+00  4.11E-01  4.39E-02 -1.29E-02
 
    4
+        4.00E+00 -3.44E-01 -4.21E-02  1.56E-02
 
    5
+        5.00E+00 -3.03E-02 -1.09E-01 -9.57E-02
 
    6
+        6.00E+00 -4.71E-01  1.38E-01  2.33E-01
 
    7
+        7.00E+00 -8.58E-01  2.92E-03  1.46E-01
 
    8
+        8.00E+00 -6.82E-02  7.08E-02  7.92E-02
 
    9
+        9.00E+00  1.33E+00  1.77E-01 -1.26E-02
 
   10
+        1.00E+01 -7.13E-01 -2.15E-01 -1.49E-01
 
   11
+        1.10E+01  8.66E-01  1.76E-01  7.78E-02
 
   12
+        1.20E+01 -4.96E-01 -1.35E-01 -2.92E-02
 
1TABLE NO.  2



 LINE NO.ID        AMT       TIME      BWT       DV        PRED      RES       WRES     
 
    1
+        1.00E+00  4.02E+00  0.00E+00  7.96E+01  7.40E-01  0.00E+00  7.40E-01  2.57E+00
 
    2
+        1.00E+00  0.00E+00  2.50E-01  0.00E+00  2.84E+00  3.03E+00 -1.93E-01 -1.12E+00
 
    3
+        1.00E+00  0.00E+00  5.70E-01  0.00E+00  6.57E+00  5.49E+00  1.08E+00  4.13E-01
 
    4
+        1.00E+00  0.00E+00  1.12E+00  0.00E+00  1.05E+01  7.53E+00  2.97E+00  1.81E+00
 
    5
+        1.00E+00  0.00E+00  2.02E+00  0.00E+00  9.66E+00  8.27E+00  1.39E+00  4.41E-02
 
    6
+        1.00E+00  0.00E+00  3.82E+00  0.00E+00  8.58E+00  7.47E+00  1.11E+00 -3.84E-01
 
    7
+        1.00E+00  0.00E+00  5.10E+00  0.00E+00  8.36E+00  6.71E+00  1.65E+00  1.13E-01
 
    8
+        1.00E+00  0.00E+00  7.03E+00  0.00E+00  7.47E+00  5.67E+00  1.80E+00  2.87E-01
 
    9
+        1.00E+00  0.00E+00  9.05E+00  0.00E+00  6.89E+00  4.75E+00  2.14E+00  8.37E-01
 
   10
+        1.00E+00  0.00E+00  1.21E+01  0.00E+00  5.94E+00  3.64E+00  2.30E+00  1.46E+00
 
   11
+        1.00E+00  0.00E+00  2.44E+01  0.00E+00  3.28E+00  1.25E+00  2.03E+00  3.34E+00
 
   12
+        2.00E+00  4.40E+00  0.00E+00  7.24E+01  0.00E+00  0.00E+00  0.00E+00  0.00E+00
 
   13
+        2.00E+00  0.00E+00  2.70E-01  0.00E+00  1.72E+00  3.23E+00 -1.51E+00 -3.55E+00
 
   14
+        2.00E+00  0.00E+00  5.20E-01  0.00E+00  7.91E+00  5.19E+00  2.72E+00  2.82E+00
 
   15
+        2.00E+00  0.00E+00  1.00E+00  0.00E+00  8.31E+00  7.24E+00  1.07E+00  6.87E-01
 
   16
+        2.00E+00  0.00E+00  1.92E+00  0.00E+00  8.33E+00  8.26E+00  6.94E-02  1.22E-01
 
   17
+        2.00E+00  0.00E+00  3.50E+00  0.00E+00  6.85E+00  7.66E+00 -8.11E-01 -4.30E-01
 
   18
+        2.00E+00  0.00E+00  5.02E+00  0.00E+00  6.08E+00  6.75E+00 -6.73E-01 -3.05E-01
 
   19
+        2.00E+00  0.00E+00  7.03E+00  0.00E+00  5.40E+00  5.67E+00 -2.71E-01  1.12E-01
 
   20
+        2.00E+00  0.00E+00  9.00E+00  0.00E+00  4.55E+00  4.78E+00 -2.25E-01  1.52E-01
 
   21
+        2.00E+00  0.00E+00  1.20E+01  0.00E+00  3.01E+00  3.68E+00 -6.65E-01 -6.56E-01
 
   22
+        2.00E+00  0.00E+00  2.43E+01  0.00E+00  9.00E-01  1.26E+00 -3.56E-01 -6.10E-01
 
   23
+        3.00E+00  4.53E+00  0.00E+00  7.05E+01  0.00E+00  0.00E+00  0.00E+00  0.00E+00
 
   24
+        3.00E+00  0.00E+00  2.70E-01  0.00E+00  4.40E+00  3.23E+00  1.17E+00  6.51E-01
 
   25
+        3.00E+00  0.00E+00  5.80E-01  0.00E+00  6.90E+00  5.55E+00  1.35E+00  4.74E-01
 
1

 LINE NO.ID        AMT       TIME      BWT       DV        PRED      RES       WRES     
 
   26
+        3.00E+00  0.00E+00  1.02E+00  0.00E+00  8.20E+00  7.29E+00  9.07E-01  1.71E-01
 
   27
+        3.00E+00  0.00E+00  2.02E+00  0.00E+00  7.80E+00  8.27E+00 -4.66E-01 -5.00E-01
 
   28
+        3.00E+00  0.00E+00  3.62E+00  0.00E+00  7.50E+00  7.59E+00 -9.00E-02  1.55E-01
 
   29
+        3.00E+00  0.00E+00  5.08E+00  0.00E+00  6.20E+00  6.72E+00 -5.18E-01 -2.62E-01
 
   30
+        3.00E+00  0.00E+00  7.07E+00  0.00E+00  5.30E+00  5.65E+00 -3.51E-01 -1.54E-01
 
   31
+        3.00E+00  0.00E+00  9.00E+00  0.00E+00  4.90E+00  4.78E+00  1.25E-01  4.36E-01
 
   32
+        3.00E+00  0.00E+00  1.22E+01  0.00E+00  3.70E+00  3.63E+00  7.27E-02  3.42E-01
 
   33
+        3.00E+00  0.00E+00  2.42E+01  0.00E+00  1.05E+00  1.27E+00 -2.20E-01 -6.04E-01
 
   34
+        4.00E+00  4.40E+00  0.00E+00  7.27E+01  0.00E+00  0.00E+00  0.00E+00  0.00E+00
 
   35
+        4.00E+00  0.00E+00  3.50E-01  0.00E+00  1.89E+00  3.94E+00 -2.05E+00 -2.03E+00
 
   36
+        4.00E+00  0.00E+00  6.00E-01  0.00E+00  4.60E+00  5.66E+00 -1.06E+00 -3.20E-01
 
   37
+        4.00E+00  0.00E+00  1.07E+00  0.00E+00  8.60E+00  7.42E+00  1.18E+00  1.66E+00
 
   38
+        4.00E+00  0.00E+00  2.13E+00  0.00E+00  8.38E+00  8.26E+00  1.19E-01  5.45E-02
 
   39
+        4.00E+00  0.00E+00  3.50E+00  0.00E+00  7.54E+00  7.66E+00 -1.21E-01 -4.17E-01
 
   40
+        4.00E+00  0.00E+00  5.02E+00  0.00E+00  6.88E+00  6.75E+00  1.27E-01 -2.33E-01
 
   41
+        4.00E+00  0.00E+00  7.02E+00  0.00E+00  5.78E+00  5.68E+00  1.04E-01 -2.52E-01
 
   42
+        4.00E+00  0.00E+00  9.02E+00  0.00E+00  5.33E+00  4.77E+00  5.63E-01  4.26E-01
 
   43
+        4.00E+00  0.00E+00  1.20E+01  0.00E+00  4.19E+00  3.68E+00  5.09E-01  5.26E-01
 
   44
+        4.00E+00  0.00E+00  2.46E+01  0.00E+00  1.15E+00  1.22E+00 -6.82E-02 -3.88E-01
 
   45
+        5.00E+00  5.86E+00  0.00E+00  5.46E+01  0.00E+00  0.00E+00  0.00E+00  0.00E+00
 
   46
+        5.00E+00  0.00E+00  3.00E-01  0.00E+00  2.02E+00  3.51E+00 -1.49E+00 -2.87E+00
 
   47
+        5.00E+00  0.00E+00  5.20E-01  0.00E+00  5.63E+00  5.19E+00  4.45E-01  1.45E-01
 
   48
+        5.00E+00  0.00E+00  1.00E+00  0.00E+00  1.14E+01  7.24E+00  4.16E+00  3.55E+00
 
   49
+        5.00E+00  0.00E+00  2.02E+00  0.00E+00  9.33E+00  8.27E+00  1.06E+00  2.45E-01
 
   50
+        5.00E+00  0.00E+00  3.50E+00  0.00E+00  8.74E+00  7.66E+00  1.08E+00  1.96E-01
 
   51
+        5.00E+00  0.00E+00  5.02E+00  0.00E+00  7.56E+00  6.75E+00  8.07E-01 -8.28E-02
 
1

 LINE NO.ID        AMT       TIME      BWT       DV        PRED      RES       WRES     
 
   52
+        5.00E+00  0.00E+00  7.02E+00  0.00E+00  7.09E+00  5.68E+00  1.41E+00  6.72E-01
 
   53
+        5.00E+00  0.00E+00  9.10E+00  0.00E+00  5.90E+00  4.73E+00  1.17E+00  4.79E-01
 
   54
+        5.00E+00  0.00E+00  1.20E+01  0.00E+00  4.37E+00  3.68E+00  6.95E-01 -1.16E-01
 
   55
+        5.00E+00  0.00E+00  2.44E+01  0.00E+00  1.57E+00  1.25E+00  3.20E-01 -2.81E-01
 
   56
+        6.00E+00  4.00E+00  0.00E+00  8.00E+01  0.00E+00  0.00E+00  0.00E+00  0.00E+00
 
   57
+        6.00E+00  0.00E+00  2.70E-01  0.00E+00  1.29E+00  3.23E+00 -1.94E+00 -1.40E+00
 
   58
+        6.00E+00  0.00E+00  5.80E-01  0.00E+00  3.08E+00  5.55E+00 -2.47E+00 -1.11E+00
 
   59
+        6.00E+00  0.00E+00  1.15E+00  0.00E+00  6.44E+00  7.59E+00 -1.15E+00  3.44E-01
 
   60
+        6.00E+00  0.00E+00  2.03E+00  0.00E+00  6.32E+00  8.27E+00 -1.95E+00 -6.84E-01
 
   61
+        6.00E+00  0.00E+00  3.57E+00  0.00E+00  5.53E+00  7.62E+00 -2.09E+00 -1.09E+00
 
   62
+        6.00E+00  0.00E+00  5.00E+00  0.00E+00  4.94E+00  6.76E+00 -1.82E+00 -9.39E-01
 
   63
+        6.00E+00  0.00E+00  7.00E+00  0.00E+00  4.02E+00  5.69E+00 -1.67E+00 -8.69E-01
 
   64
+        6.00E+00  0.00E+00  9.22E+00  0.00E+00  3.46E+00  4.68E+00 -1.22E+00 -3.81E-01
 
   65
+        6.00E+00  0.00E+00  1.21E+01  0.00E+00  2.78E+00  3.64E+00 -8.63E-01  1.06E-01
 
   66
+        6.00E+00  0.00E+00  2.39E+01  0.00E+00  9.20E-01  1.31E+00 -3.86E-01  5.94E-01
 
   67
+        7.00E+00  4.95E+00  0.00E+00  6.46E+01  1.50E-01  0.00E+00  1.50E-01  5.21E-01
 
   68
+        7.00E+00  0.00E+00  2.50E-01  0.00E+00  8.50E-01  3.03E+00 -2.18E+00 -1.11E+00
 
   69
+        7.00E+00  0.00E+00  5.00E-01  0.00E+00  2.35E+00  5.06E+00 -2.71E+00 -8.74E-01
 
   70
+        7.00E+00  0.00E+00  1.02E+00  0.00E+00  5.02E+00  7.29E+00 -2.27E+00 -5.10E-01
 
   71
+        7.00E+00  0.00E+00  2.02E+00  0.00E+00  6.58E+00  8.27E+00 -1.69E+00 -8.60E-01
 
   72
+        7.00E+00  0.00E+00  3.48E+00  0.00E+00  7.09E+00  7.67E+00 -5.83E-01 -4.09E-01
 
   73
+        7.00E+00  0.00E+00  5.00E+00  0.00E+00  6.66E+00  6.76E+00 -1.05E-01 -6.48E-03
 
   74
+        7.00E+00  0.00E+00  6.98E+00  0.00E+00  5.25E+00  5.70E+00 -4.46E-01 -3.47E-01
 
   75
+        7.00E+00  0.00E+00  9.00E+00  0.00E+00  4.39E+00  4.78E+00 -3.85E-01 -2.29E-01
 
   76
+        7.00E+00  0.00E+00  1.21E+01  0.00E+00  3.53E+00  3.66E+00 -1.29E-01  2.64E-01
 
   77
+        7.00E+00  0.00E+00  2.42E+01  0.00E+00  1.15E+00  1.26E+00 -1.15E-01  4.05E-01
 
1

 LINE NO.ID        AMT       TIME      BWT       DV        PRED      RES       WRES     
 
   78
+        8.00E+00  4.53E+00  0.00E+00  7.05E+01  0.00E+00  0.00E+00  0.00E+00  0.00E+00
 
   79
+        8.00E+00  0.00E+00  2.50E-01  0.00E+00  3.05E+00  3.03E+00  1.70E-02  7.82E-01
 
   80
+        8.00E+00  0.00E+00  5.20E-01  0.00E+00  3.05E+00  5.19E+00 -2.14E+00 -2.04E+00
 
   81
+        8.00E+00  0.00E+00  9.80E-01  0.00E+00  7.31E+00  7.19E+00  1.24E-01  7.18E-01
 
   82
+        8.00E+00  0.00E+00  2.02E+00  0.00E+00  7.56E+00  8.27E+00 -7.06E-01 -1.88E-01
 
   83
+        8.00E+00  0.00E+00  3.53E+00  0.00E+00  6.59E+00  7.64E+00 -1.05E+00 -5.95E-01
 
   84
+        8.00E+00  0.00E+00  5.05E+00  0.00E+00  5.88E+00  6.74E+00 -8.56E-01 -4.59E-01
 
   85
+        8.00E+00  0.00E+00  7.15E+00  0.00E+00  4.73E+00  5.61E+00 -8.82E-01 -5.65E-01
 
   86
+        8.00E+00  0.00E+00  9.07E+00  0.00E+00  4.57E+00  4.75E+00 -1.76E-01  3.54E-01
 
   87
+        8.00E+00  0.00E+00  1.21E+01  0.00E+00  3.00E+00  3.64E+00 -6.43E-01 -4.25E-01
 
   88
+        8.00E+00  0.00E+00  2.41E+01  0.00E+00  1.25E+00  1.28E+00 -2.59E-02  6.38E-01
 
   89
+        9.00E+00  3.10E+00  0.00E+00  8.64E+01  0.00E+00  0.00E+00  0.00E+00  0.00E+00
 
   90
+        9.00E+00  0.00E+00  3.00E-01  0.00E+00  7.37E+00  3.51E+00  3.86E+00  3.07E+00
 
   91
+        9.00E+00  0.00E+00  6.30E-01  0.00E+00  9.03E+00  5.82E+00  3.21E+00  1.18E+00
 
   92
+        9.00E+00  0.00E+00  1.05E+00  0.00E+00  7.14E+00  7.37E+00 -2.28E-01 -1.65E+00
 
   93
+        9.00E+00  0.00E+00  2.02E+00  0.00E+00  6.33E+00  8.27E+00 -1.94E+00 -1.50E+00
 
   94
+        9.00E+00  0.00E+00  3.53E+00  0.00E+00  5.66E+00  7.64E+00 -1.98E+00 -7.64E-01
 
   95
+        9.00E+00  0.00E+00  5.02E+00  0.00E+00  5.67E+00  6.75E+00 -1.08E+00  1.74E-01
 
   96
+        9.00E+00  0.00E+00  7.17E+00  0.00E+00  4.24E+00  5.60E+00 -1.36E+00 -3.24E-01
 
   97
+        9.00E+00  0.00E+00  8.80E+00  0.00E+00  4.11E+00  4.86E+00 -7.49E-01  3.21E-01
 
   98
+        9.00E+00  0.00E+00  1.16E+01  0.00E+00  3.16E+00  3.81E+00 -6.46E-01  2.37E-01
 
   99
+        9.00E+00  0.00E+00  2.44E+01  0.00E+00  1.12E+00  1.24E+00 -1.22E-01  4.01E-01
 
  100
+        1.00E+01  5.50E+00  0.00E+00  5.82E+01  2.40E-01  0.00E+00  2.40E-01  8.34E-01
 
  101
+        1.00E+01  0.00E+00  3.70E-01  0.00E+00  2.89E+00  4.11E+00 -1.22E+00  5.46E-02
 
  102
+        1.00E+01  0.00E+00  7.70E-01  0.00E+00  5.22E+00  6.47E+00 -1.25E+00 -3.29E-01
 
  103
+        1.00E+01  0.00E+00  1.02E+00  0.00E+00  6.41E+00  7.29E+00 -8.83E-01 -3.47E-01
 
1

 LINE NO.ID        AMT       TIME      BWT       DV        PRED      RES       WRES     
 
  104
+        1.00E+01  0.00E+00  2.05E+00  0.00E+00  7.83E+00  8.27E+00 -4.36E-01 -1.23E+00
 
  105
+        1.00E+01  0.00E+00  3.55E+00  0.00E+00  1.02E+01  7.63E+00  2.58E+00  8.48E-01
 
  106
+        1.00E+01  0.00E+00  5.05E+00  0.00E+00  9.18E+00  6.74E+00  2.44E+00  7.13E-01
 
  107
+        1.00E+01  0.00E+00  7.08E+00  0.00E+00  8.02E+00  5.65E+00  2.37E+00  8.36E-01
 
  108
+        1.00E+01  0.00E+00  9.38E+00  0.00E+00  7.14E+00  4.62E+00  2.52E+00  1.38E+00
 
  109
+        1.00E+01  0.00E+00  1.21E+01  0.00E+00  5.68E+00  3.64E+00  2.04E+00  1.09E+00
 
  110
+        1.00E+01  0.00E+00  2.37E+01  0.00E+00  2.42E+00  1.32E+00  1.10E+00  9.35E-01
 
  111
+        1.10E+01  4.92E+00  0.00E+00  6.50E+01  0.00E+00  0.00E+00  0.00E+00  0.00E+00
 
  112
+        1.10E+01  0.00E+00  2.50E-01  0.00E+00  4.86E+00  3.03E+00  1.83E+00  1.01E+00
 
  113
+        1.10E+01  0.00E+00  5.00E-01  0.00E+00  7.24E+00  5.06E+00  2.18E+00  8.81E-01
 
  114
+        1.10E+01  0.00E+00  9.80E-01  0.00E+00  8.00E+00  7.19E+00  8.14E-01 -1.53E-01
 
  115
+        1.10E+01  0.00E+00  1.98E+00  0.00E+00  6.81E+00  8.27E+00 -1.46E+00 -9.42E-01
 
  116
+        1.10E+01  0.00E+00  3.60E+00  0.00E+00  5.87E+00  7.60E+00 -1.73E+00 -5.58E-01
 
  117
+        1.10E+01  0.00E+00  5.02E+00  0.00E+00  5.22E+00  6.75E+00 -1.53E+00 -3.55E-01
 
  118
+        1.10E+01  0.00E+00  7.03E+00  0.00E+00  4.45E+00  5.67E+00 -1.22E+00 -1.42E-01
 
  119
+        1.10E+01  0.00E+00  9.03E+00  0.00E+00  3.62E+00  4.76E+00 -1.14E+00 -2.12E-01
 
  120
+        1.10E+01  0.00E+00  1.21E+01  0.00E+00  2.69E+00  3.64E+00 -9.47E-01 -2.03E-01
 
  121
+        1.10E+01  0.00E+00  2.41E+01  0.00E+00  8.60E-01  1.28E+00 -4.20E-01 -1.31E-01
 
  122
+        1.20E+01  5.30E+00  0.00E+00  6.05E+01  0.00E+00  0.00E+00  0.00E+00  0.00E+00
 
  123
+        1.20E+01  0.00E+00  2.50E-01  0.00E+00  1.25E+00  3.03E+00 -1.78E+00 -1.75E+00
 
  124
+        1.20E+01  0.00E+00  5.00E-01  0.00E+00  3.96E+00  5.06E+00 -1.10E+00 -1.89E-01
 
  125
+        1.20E+01  0.00E+00  1.00E+00  0.00E+00  7.82E+00  7.24E+00  5.79E-01  1.02E+00
 
  126
+        1.20E+01  0.00E+00  2.00E+00  0.00E+00  9.72E+00  8.27E+00  1.45E+00  7.72E-01
 
  127
+        1.20E+01  0.00E+00  3.52E+00  0.00E+00  9.75E+00  7.65E+00  2.10E+00  9.31E-01
 
  128
+        1.20E+01  0.00E+00  5.07E+00  0.00E+00  8.57E+00  6.72E+00  1.85E+00  7.32E-01
 
  129
+        1.20E+01  0.00E+00  7.07E+00  0.00E+00  6.59E+00  5.65E+00  9.39E-01 -1.69E-01
 
1

 LINE NO.ID        AMT       TIME      BWT       DV        PRED      RES       WRES     
 
  130
+        1.20E+01  0.00E+00  9.03E+00  0.00E+00  6.11E+00  4.76E+00  1.35E+00  5.30E-01
 
  131
+        1.20E+01  0.00E+00  1.21E+01  0.00E+00  4.57E+00  3.66E+00  9.11E-01  1.50E-01
 
  132
+        1.20E+01  0.00E+00  2.41E+01  0.00E+00  1.17E+00  1.27E+00 -1.03E-01 -1.40E+00
 
 #CPUT: Total CPU Time in Seconds,        0.641
Stop Time: 
2015-02-15 
17:55
