2015-02-15 
17:48
$PROB Emax Model
$INPUT ID CE DV
$DATA ../SimData.CSV IGNORE=@
$PRED
  CE50 = THETA(1) * EXP(ETA(1))
  BASE = THETA(2)
  F    = BASE * (1 - CE/(CE50 + CE))
  Y    = F + EPS(1)

$THETA
  (0, 10)
  (0, 100)

$OMEGA 0.2
$SIGMA 1
$EST MAXEVAL=9999 NOTBT NOOBT NOSBT PRINT=5 METHOD=COND INTER
$COV PRINT=ERS
$TAB ID ETA(1) FIRSTONLY NOAPPEND FILE=INDIPARA.OUT
$TAB ID CE G11 H11 ONEHEADER FILE=FIT.OUT
  
NM-TRAN MESSAGES 
  
 WARNINGS AND ERRORS (IF ANY) FOR PROBLEM    1
             
 (WARNING  2) NM-TRAN INFERS THAT THE DATA ARE POPULATION.
             
 (WARNING  13) WITH USER-WRITTEN PRED OR $PRED, NM-TRAN CANNOT APPEND THE
 MDV DATA ITEM.
  
License Registered to: Asan Medical Center
Expiration Date:    14 DEC 2015
Current Date:       15 FEB 2015
Days until program expires : 299
1NONLINEAR MIXED EFFECTS MODEL PROGRAM (NONMEM) VERSION 7.3.0
 ORIGINALLY DEVELOPED BY STUART BEAL, LEWIS SHEINER, AND ALISON BOECKMANN
 CURRENT DEVELOPERS ARE ROBERT BAUER, ICON DEVELOPMENT SOLUTIONS,
 AND ALISON BOECKMANN. IMPLEMENTATION, EFFICIENCY, AND STANDARDIZATION
 PERFORMED BY NOUS INFOSYSTEMS.

 PROBLEM NO.:         1
 Emax Model
0DATA CHECKOUT RUN:              NO
 DATA SET LOCATED ON UNIT NO.:    2
 THIS UNIT TO BE REWOUND:        NO
 NO. OF DATA RECS IN DATA SET:       72
 NO. OF DATA ITEMS IN DATA SET:   3
 ID DATA ITEM IS DATA ITEM NO.:   1
 DEP VARIABLE IS DATA ITEM NO.:   3
0LABELS FOR DATA ITEMS:
 ID CE DV
0(NONBLANK) LABELS FOR PRED-DEFINED ITEMS:
 G11 H11
0FORMAT FOR DATA:
 (3E7.0)

 TOT. NO. OF OBS RECS:       72
 TOT. NO. OF INDIVIDUALS:      4
0LENGTH OF THETA:   2
0DEFAULT THETA BOUNDARY TEST OMITTED:   YES
0OMEGA HAS SIMPLE DIAGONAL FORM WITH DIMENSION:   1
0DEFAULT OMEGA BOUNDARY TEST OMITTED:   YES
0SIGMA HAS SIMPLE DIAGONAL FORM WITH DIMENSION:   1
0DEFAULT SIGMA BOUNDARY TEST OMITTED:   YES
0INITIAL ESTIMATE OF THETA:
 LOWER BOUND    INITIAL EST    UPPER BOUND
  0.0000E+00     0.1000E+02     0.1000E+07
  0.0000E+00     0.1000E+03     0.1000E+07
0INITIAL ESTIMATE OF OMEGA:
 0.2000E+00
0INITIAL ESTIMATE OF SIGMA:
 0.1000E+01
0COVARIANCE STEP OMITTED:        NO
 R MATRIX PRINTED:              YES
 S MATRIX PRINTED:              YES
 EIGENVLS. PRINTED:             YES
 SPECIAL COMPUTATION:            NO
 COMPRESSED FORMAT:              NO
 SIGDIGITS ETAHAT (SIGLO):                  -1
 SIGDIGITS GRADIENTS (SIGL):                -1
 RELATIVE TOLERANCE (TOL):                  -1
 ABSOLUTE TOLERANCE-ADVAN 9,13 ONLY (ATOL): -1
 EXCLUDE COV FOR FOCE (NOFCOV):              NO
 RESUME COV ANALYSIS (RESUME):               NO
0TABLES STEP OMITTED:    NO
 NO. OF TABLES:           2
 SEED NUMBER (SEED):    11456
 RANMETHOD:
 MC SAMPLES (ESEED):    300
 WRES SQUARE ROOT TYPE:            EIGENVALUE
0-- TABLE   1 --
0FIRST RECORDS ONLY:    YES
04 COLUMNS APPENDED:     NO
 PRINTED:               YES
 FOR TABLE FILE,
 HEADER:                YES
 FILE TO BE FORWARDED:   NO
 FORMAT:                S1PE11.4
 LFORMAT:
 RFORMAT:
0USER-CHOSEN ITEMS:
 ID ETA1
0-- TABLE   2 --
 PRINTED:               YES
 FOR TABLE FILE,
 HEADER:                YES
 FILE TO BE FORWARDED:   NO
 FORMAT:                S1PE11.4
 LFORMAT:
 RFORMAT:
0USER-CHOSEN ITEMS:
 ID CE G11 H11
1


 #TBLN:      1
 #METH: First Order Conditional Estimation with Interaction

 ESTIMATION STEP OMITTED:                 NO  
 ANALYSIS TYPE:                           POPULATION
 CONDITIONAL ESTIMATES USED:              YES 
 CENTERED ETA:                            NO  
 EPS-ETA INTERACTION:                     YES 
 LAPLACIAN OBJ. FUNC.:                    NO  
 NO. OF FUNCT. EVALS. ALLOWED:            9999
 NO. OF SIG. FIGURES REQUIRED:            3
 INTERMEDIATE PRINTOUT:                   YES 
 ESTIMATE OUTPUT TO MSF:                  NO  
 IND. OBJ. FUNC. VALUES SORTED:           NO  
 NUMERICAL DERIVATIVE 
       FILE REQUEST (NUMDER):             NONE
 MAP (ETAHAT) ESTIMATION METHOD (OPTMAP): 0           
 ETA HESSIAN EVALUATION METHOD (ETADER):  0           
 INITIAL ETA FOR MAP ESTIMATION (MCETA):  0           
 SIGDIGITS FOR MAP ESTIMATION (SIGLO):    100         
 GRADIENT SIGDIGITS OF 
       FIXED EFFECTS PARAMETERS (SIGL):   100         
 EXCLUDE TITLE (NOTITLE):                 NO 
 EXCLUDE COLUMN LABELS (NOLABEL):         NO 
 NOPRIOR SETTING (NOPRIOR):               OFF
 NOCOV SETTING (NOCOV):                   OFF
 DERCONT SETTING (DERCONT):               OFF
 ABSOLUTE TOLERANCE-ADVAN 9,13 ONLY(ATOL):-100        
 FINAL ETA RE-EVALUATION (FNLETA):        ON 
 EXCLUDE NON-INFLUENTIAL (NON-INFL.) ETAS 
       IN SHRINKAGE (ETASTYPE):           NO 
 NON-INFL. ETA CORRECTION (NONINFETA):    OFF
 FORMAT FOR ADDITIONAL FILES (FORMAT):    S1PE12.5
 PARAMETER ORDER FOR OUTPUTS (ORDER):     TSOL
 ADDITIONAL CONVERGENCE TEST (CTYPE=4)?:  NO
 EM OR BAYESIAN METHOD USED:                NONE


 THE FOLLOWING LABELS ARE EQUIVALENT
 PRED=PREDI
 RES=RESI
 WRES=WRESI
 IWRS=IWRESI
 IPRD=IPREDI
 IRS=IRESI

 MONITORING OF SEARCH:


0ITERATION NO.:    0    OBJECTIVE VALUE:   20012.5947695741        NO. OF FUNC. EVALS.:   5
 CUMULATIVE NO. OF FUNC. EVALS.:        5
 NPARAMETR:  1.0000E+01  1.0000E+02  2.0000E-01  1.0000E+00
 PARAMETER:  1.0000E-01  1.0000E-01  1.0000E-01  1.0000E-01
 GRADIENT:   7.9957E+01  1.8133E+05 -1.4924E+02 -3.9679E+04

0ITERATION NO.:    5    OBJECTIVE VALUE:   303.960054051699        NO. OF FUNC. EVALS.:   6
 CUMULATIVE NO. OF FUNC. EVALS.:       35
 NPARAMETR:  2.0013E+00  8.0613E+01  1.2196E-01  3.0532E+00
 PARAMETER: -1.5088E+00 -1.1551E-01 -1.4731E-01  6.5810E-01
 GRADIENT:  -2.3059E+01  3.7562E+03 -2.8521E+00 -2.6818E+02

0ITERATION NO.:   10    OBJECTIVE VALUE:   236.052813034992        NO. OF FUNC. EVALS.:   6
 CUMULATIVE NO. OF FUNC. EVALS.:       71
 NPARAMETR:  2.9890E+00  7.8867E+01  6.4065E-03  4.1046E+00
 PARAMETER: -1.1076E+00 -1.3741E-01 -1.6205E+00  8.0606E-01
 GRADIENT:  -5.3136E+01 -4.9497E+02 -3.6276E+00 -1.1222E+02

0ITERATION NO.:   15    OBJECTIVE VALUE:   220.194713509535        NO. OF FUNC. EVALS.:   6
 CUMULATIVE NO. OF FUNC. EVALS.:      101
 NPARAMETR:  3.1578E+00  7.9071E+01  2.6118E-04  7.6668E+00
 PARAMETER: -1.0527E+00 -1.3483E-01 -3.2204E+00  1.1185E+00
 GRADIENT:   1.3225E+00  1.5745E+01 -2.9165E-01 -2.2823E+00

0ITERATION NO.:   20    OBJECTIVE VALUE:   219.677458481353        NO. OF FUNC. EVALS.:   6
 CUMULATIVE NO. OF FUNC. EVALS.:      137
 NPARAMETR:  3.0866E+00  7.8992E+01  8.6967E-03  8.0393E+00
 PARAMETER: -1.0755E+00 -1.3582E-01 -1.4677E+00  1.1422E+00
 GRADIENT:  -1.4323E+01 -9.6772E+01  7.0556E-01  1.1135E+01

0ITERATION NO.:   25    OBJECTIVE VALUE:   219.136758649549        NO. OF FUNC. EVALS.:   6
 CUMULATIVE NO. OF FUNC. EVALS.:      168
 NPARAMETR:  3.1637E+00  7.9049E+01  6.1505E-03  7.4185E+00
 PARAMETER: -1.0508E+00 -1.3511E-01 -1.6409E+00  1.1020E+00
 GRADIENT:   3.5896E-02 -1.1815E+00 -1.0151E-02  2.1179E-01

0ITERATION NO.:   30    OBJECTIVE VALUE:   219.136256860577        NO. OF FUNC. EVALS.:   6
 CUMULATIVE NO. OF FUNC. EVALS.:      206
 NPARAMETR:  3.1668E+00  7.9056E+01  6.1897E-03  7.4150E+00
 PARAMETER: -1.0499E+00 -1.3502E-01 -1.6377E+00  1.1018E+00
 GRADIENT:   1.5687E-01  2.2966E+00  1.1259E-03  2.6433E-03

 #TERM:
0MINIMIZATION SUCCESSFUL
 NO. OF FUNCTION EVALUATIONS USED:      206
 NO. OF SIG. DIGITS IN FINAL EST.:  3.8

 ETABAR IS THE ARITHMETIC MEAN OF THE ETA-ESTIMATES,
 AND THE P-VALUE IS GIVEN FOR THE NULL HYPOTHESIS THAT THE TRUE MEAN IS 0.

 ETABAR:        -1.3994E-04
 SE:             2.8206E-02
 N:                       4

 P VAL.:         9.9604E-01

 ETAshrink(%):   1.7204E+01
 EBVshrink(%):   2.8308E+01
 EPSshrink(%):   1.4399E+00

 #TERE:
 Elapsed estimation time in seconds:     0.29
 Elapsed covariance time in seconds:     0.02
1
 
 
 
 
 
 
 
 
 
 
 
 
 
 
 
 
 
 
 
 
 ************************************************************************************************************************
 ********************                                                                                ********************
 ********************               FIRST ORDER CONDITIONAL ESTIMATION WITH INTERACTION              ********************
 #OBJT:**************                       MINIMUM VALUE OF OBJECTIVE FUNCTION                      ********************
 ********************                                                                                ********************
 ************************************************************************************************************************
 





 #OBJV:********************************************      219.136       **************************************************
1
 ************************************************************************************************************************
 ********************                                                                                ********************
 ********************               FIRST ORDER CONDITIONAL ESTIMATION WITH INTERACTION              ********************
 ********************                             FINAL PARAMETER ESTIMATE                           ********************
 ********************                                                                                ********************
 ************************************************************************************************************************
 


 THETA - VECTOR OF FIXED EFFECTS PARAMETERS   *********


         TH 1      TH 2     
 
         3.17E+00  7.91E+01
 


 OMEGA - COV MATRIX FOR RANDOM EFFECTS - ETAS  ********


            ETA1   
 
 ETA1
+        6.19E-03
 


 SIGMA - COV MATRIX FOR RANDOM EFFECTS - EPSILONS  ****


            EPS1   
 
 EPS1
+        7.41E+00
 
1


 OMEGA - CORR MATRIX FOR RANDOM EFFECTS - ETAS  *******


            ETA1   
 
 ETA1
+        7.87E-02
 


 SIGMA - CORR MATRIX FOR RANDOM EFFECTS - EPSILONS  ***


            EPS1   
 
 EPS1
+        2.72E+00
 
1
 ************************************************************************************************************************
 ********************                                                                                ********************
 ********************               FIRST ORDER CONDITIONAL ESTIMATION WITH INTERACTION              ********************
 ********************                            STANDARD ERROR OF ESTIMATE                          ********************
 ********************                                                                                ********************
 ************************************************************************************************************************
 


 THETA - VECTOR OF FIXED EFFECTS PARAMETERS   *********


         TH 1      TH 2     
 
         2.17E-01  4.07E-01
 


 OMEGA - COV MATRIX FOR RANDOM EFFECTS - ETAS  ********


            ETA1   
 
 ETA1
+        5.49E-03
 


 SIGMA - COV MATRIX FOR RANDOM EFFECTS - EPSILONS  ****


            EPS1   
 
 EPS1
+        1.20E+00
 
1


 OMEGA - CORR MATRIX FOR RANDOM EFFECTS - ETAS  *******


            ETA1   
 
 ETA1
+        3.49E-02
 


 SIGMA - CORR MATRIX FOR RANDOM EFFECTS - EPSILONS  ***


            EPS1   
 
 EPS1
+        2.20E-01
 
1
 ************************************************************************************************************************
 ********************                                                                                ********************
 ********************               FIRST ORDER CONDITIONAL ESTIMATION WITH INTERACTION              ********************
 ********************                          COVARIANCE MATRIX OF ESTIMATE                         ********************
 ********************                                                                                ********************
 ************************************************************************************************************************
 

            TH 1      TH 2      OM11      SG11  
 
 TH 1
+        4.69E-02
 
 TH 2
+       -7.67E-02  1.65E-01
 
 OM11
+       -3.86E-04 -3.57E-06  3.01E-05
 
 SG11
+        7.49E-02  2.93E-03  1.36E-03  1.44E+00
 
1
 ************************************************************************************************************************
 ********************                                                                                ********************
 ********************               FIRST ORDER CONDITIONAL ESTIMATION WITH INTERACTION              ********************
 ********************                          CORRELATION MATRIX OF ESTIMATE                        ********************
 ********************                                                                                ********************
 ************************************************************************************************************************
 

            TH 1      TH 2      OM11      SG11  
 
 TH 1
+        2.17E-01
 
 TH 2
+       -8.70E-01  4.07E-01
 
 OM11
+       -3.25E-01 -1.60E-03  5.49E-03
 
 SG11
+        2.89E-01  6.01E-03  2.06E-01  1.20E+00
 
1
 ************************************************************************************************************************
 ********************                                                                                ********************
 ********************               FIRST ORDER CONDITIONAL ESTIMATION WITH INTERACTION              ********************
 ********************                      INVERSE COVARIANCE MATRIX OF ESTIMATE                     ********************
 ********************                                                                                ********************
 ************************************************************************************************************************
 

            TH 1      TH 2      OM11      SG11  
 
 TH 1
+        1.98E+06
 
 TH 2
+        9.23E+05  4.29E+05
 
 OM11
+        3.16E+07  1.47E+07  5.04E+08
 
 SG11
+       -1.35E+05 -6.29E+04 -2.15E+06  9.21E+03
 
1
 
 
 
 
 
 
 
 
 
 
 
 
 
 
 
 
 
 
 
 
 ************************************************************************************************************************
 ********************                                                                                ********************
 ********************               FIRST ORDER CONDITIONAL ESTIMATION WITH INTERACTION              ********************
 ********************                      EIGENVALUES OF COR MATRIX OF ESTIMATE                     ********************
 ********************                                                                                ********************
 ************************************************************************************************************************
 

             1         2         3         4
 
         5.19E-06  8.40E-01  1.21E+00  1.95E+00
 
1
 ************************************************************************************************************************
 ********************                                                                                ********************
 ********************               FIRST ORDER CONDITIONAL ESTIMATION WITH INTERACTION              ********************
 ********************                                     R MATRIX                                   ********************
 ********************                                                                                ********************
 ************************************************************************************************************************
 

            TH 1      TH 2      OM11      SG11  
 
 TH 1
+        3.29E+01
 
 TH 2
+        4.24E+00  6.82E+00
 
 OM11
+       -2.52E+01  2.45E+00  1.36E+04
 
 SG11
+        1.72E-02 -4.29E-04  1.10E+01  6.27E-01
 
1
 ************************************************************************************************************************
 ********************                                                                                ********************
 ********************               FIRST ORDER CONDITIONAL ESTIMATION WITH INTERACTION              ********************
 ********************                                     S MATRIX                                   ********************
 ********************                                                                                ********************
 ************************************************************************************************************************
 

            TH 1      TH 2      OM11      SG11  
 
 TH 1
+        3.31E+01
 
 TH 2
+       -7.24E+00  4.10E+00
 
 OM11
+       -1.92E+02 -7.75E+00  6.45E+03
 
 SG11
+        1.42E+00  1.90E-01  2.51E+01  5.89E-01
 
1
 
 
 
 
 
 
 
 
 
 
 
 
 
 
 
 
 
 
 
 
 ************************************************************************************************************************
 ********************                                                                                ********************
 ********************               FIRST ORDER CONDITIONAL ESTIMATION WITH INTERACTION              ********************
 ********************                          TABLES OF DATA AND PREDICTIONS                        ********************
 ********************                                                                                ********************
 ************************************************************************************************************************
 
1TABLE NO.  1



 LINE NO.ID        ETA1     
 
    1
+        1.00E+00 -8.61E-02
 
    2
+        2.00E+00 -5.38E-03
 
    3
+        3.00E+00  2.13E-02
 
    4
+        4.00E+00  6.96E-02
 
1TABLE NO.  2



 LINE NO.ID        CE        G11       H11       DV        PRED      RES       WRES     
 
    1
+        1.00E+00  1.00E-04  2.72E-03  1.00E+00  8.51E+01  7.91E+01  6.00E+00  2.20E+00
 
    2
+        1.00E+00  1.00E-04  2.72E-03  1.00E+00  7.92E+01  7.91E+01  1.94E-01  7.13E-02
 
    3
+        1.00E+00  1.00E-04  2.72E-03  1.00E+00  7.77E+01  7.91E+01 -1.34E+00 -4.93E-01
 
    4
+        1.00E+00  1.00E-03  2.72E-02  1.00E+00  7.81E+01  7.90E+01 -9.13E-01 -3.35E-01
 
    5
+        1.00E+00  1.00E-03  2.72E-02  1.00E+00  8.23E+01  7.90E+01  3.26E+00  1.20E+00
 
    6
+        1.00E+00  1.00E-03  2.72E-02  1.00E+00  8.35E+01  7.90E+01  4.43E+00  1.63E+00
 
    7
+        1.00E+00  1.00E-02  2.70E-01  1.00E+00  7.77E+01  7.88E+01 -1.07E+00 -3.87E-01
 
    8
+        1.00E+00  1.00E-02  2.70E-01  1.00E+00  7.74E+01  7.88E+01 -1.37E+00 -5.00E-01
 
    9
+        1.00E+00  1.00E-02  2.70E-01  1.00E+00  7.94E+01  7.88E+01  5.67E-01  2.13E-01
 
   10
+        1.00E+00  1.00E-01  2.54E+00  1.00E+00  7.86E+01  7.66E+01  1.96E+00  7.63E-01
 
   11
+        1.00E+00  1.00E-01  2.54E+00  1.00E+00  7.46E+01  7.66E+01 -2.01E+00 -6.92E-01
 
   12
+        1.00E+00  1.00E-01  2.54E+00  1.00E+00  7.35E+01  7.66E+01 -3.14E+00 -1.11E+00
 
   13
+        1.00E+00  1.00E+00  1.51E+01  1.00E+00  6.00E+01  6.01E+01 -6.40E-02  2.50E-01
 
   14
+        1.00E+00  1.00E+00  1.51E+01  1.00E+00  5.90E+01  6.01E+01 -1.07E+00 -1.18E-01
 
   15
+        1.00E+00  1.00E+00  1.51E+01  1.00E+00  5.76E+01  6.01E+01 -2.47E+00 -6.35E-01
 
   16
+        1.00E+00  1.00E+01  1.38E+01  1.00E+00  1.20E+01  1.90E+01 -6.98E+00 -2.29E+00
 
   17
+        1.00E+00  1.00E+01  1.38E+01  1.00E+00  1.91E+01  1.90E+01  6.79E-02  2.99E-01
 
   18
+        1.00E+00  1.00E+01  1.38E+01  1.00E+00  1.51E+01  1.90E+01 -3.93E+00 -1.17E+00
 
   19
+        2.00E+00  1.00E-04  2.51E-03  1.00E+00  7.88E+01  7.91E+01 -2.04E-01 -7.50E-02
 
   20
+        2.00E+00  1.00E-04  2.51E-03  1.00E+00  7.89E+01  7.91E+01 -1.08E-01 -3.97E-02
 
   21
+        2.00E+00  1.00E-04  2.51E-03  1.00E+00  8.06E+01  7.91E+01  1.55E+00  5.71E-01
 
   22
+        2.00E+00  1.00E-03  2.51E-02  1.00E+00  7.70E+01  7.90E+01 -2.08E+00 -7.63E-01
 
   23
+        2.00E+00  1.00E-03  2.51E-02  1.00E+00  7.86E+01  7.90E+01 -4.32E-01 -1.58E-01
 
   24
+        2.00E+00  1.00E-03  2.51E-02  1.00E+00  7.95E+01  7.90E+01  4.50E-01  1.65E-01
 
   25
+        2.00E+00  1.00E-02  2.49E-01  1.00E+00  7.87E+01  7.88E+01 -7.27E-02 -2.64E-02
 
1

 LINE NO.ID        CE        G11       H11       DV        PRED      RES       WRES     
 
   26
+        2.00E+00  1.00E-02  2.49E-01  1.00E+00  8.00E+01  7.88E+01  1.16E+00  4.27E-01
 
   27
+        2.00E+00  1.00E-02  2.49E-01  1.00E+00  7.52E+01  7.88E+01 -3.65E+00 -1.34E+00
 
   28
+        2.00E+00  1.00E-01  2.36E+00  1.00E+00  7.29E+01  7.66E+01 -3.75E+00 -1.38E+00
 
   29
+        2.00E+00  1.00E-01  2.36E+00  1.00E+00  7.55E+01  7.66E+01 -1.10E+00 -4.01E-01
 
   30
+        2.00E+00  1.00E-01  2.36E+00  1.00E+00  7.98E+01  7.66E+01  3.12E+00  1.15E+00
 
   31
+        2.00E+00  1.00E+00  1.45E+01  1.00E+00  6.21E+01  6.01E+01  2.07E+00  7.75E-01
 
   32
+        2.00E+00  1.00E+00  1.45E+01  1.00E+00  6.13E+01  6.01E+01  1.21E+00  4.61E-01
 
   33
+        2.00E+00  1.00E+00  1.45E+01  1.00E+00  5.98E+01  6.01E+01 -3.03E-01 -9.42E-02
 
   34
+        2.00E+00  1.00E+01  1.44E+01  1.00E+00  1.66E+01  1.90E+01 -2.37E+00 -8.53E-01
 
   35
+        2.00E+00  1.00E+01  1.44E+01  1.00E+00  1.89E+01  1.90E+01 -6.91E-02 -8.28E-03
 
   36
+        2.00E+00  1.00E+01  1.44E+01  1.00E+00  1.79E+01  1.90E+01 -1.13E+00 -3.99E-01
 
   37
+        3.00E+00  1.00E-04  2.44E-03  1.00E+00  8.32E+01  7.91E+01  4.10E+00  1.51E+00
 
   38
+        3.00E+00  1.00E-04  2.44E-03  1.00E+00  7.62E+01  7.91E+01 -2.81E+00 -1.03E+00
 
   39
+        3.00E+00  1.00E-04  2.44E-03  1.00E+00  8.23E+01  7.91E+01  3.22E+00  1.18E+00
 
   40
+        3.00E+00  1.00E-03  2.44E-02  1.00E+00  8.07E+01  7.90E+01  1.62E+00  5.96E-01
 
   41
+        3.00E+00  1.00E-03  2.44E-02  1.00E+00  8.40E+01  7.90E+01  5.00E+00  1.84E+00
 
   42
+        3.00E+00  1.00E-03  2.44E-02  1.00E+00  7.75E+01  7.90E+01 -1.53E+00 -5.61E-01
 
   43
+        3.00E+00  1.00E-02  2.43E-01  1.00E+00  8.22E+01  7.88E+01  3.44E+00  1.26E+00
 
   44
+        3.00E+00  1.00E-02  2.43E-01  1.00E+00  7.75E+01  7.88E+01 -1.33E+00 -4.90E-01
 
   45
+        3.00E+00  1.00E-02  2.43E-01  1.00E+00  7.89E+01  7.88E+01  6.73E-02  2.36E-02
 
   46
+        3.00E+00  1.00E-01  2.30E+00  1.00E+00  7.51E+01  7.66E+01 -1.50E+00 -5.62E-01
 
   47
+        3.00E+00  1.00E-01  2.30E+00  1.00E+00  7.27E+01  7.66E+01 -3.98E+00 -1.47E+00
 
   48
+        3.00E+00  1.00E-01  2.30E+00  1.00E+00  7.86E+01  7.66E+01  2.01E+00  7.28E-01
 
   49
+        3.00E+00  1.00E+00  1.43E+01  1.00E+00  5.82E+01  6.01E+01 -1.93E+00 -7.74E-01
 
   50
+        3.00E+00  1.00E+00  1.43E+01  1.00E+00  5.82E+01  6.01E+01 -1.90E+00 -7.62E-01
 
   51
+        3.00E+00  1.00E+00  1.43E+01  1.00E+00  6.36E+01  6.01E+01  3.54E+00  1.23E+00
 
1

 LINE NO.ID        CE        G11       H11       DV        PRED      RES       WRES     
 
   52
+        3.00E+00  1.00E+01  1.46E+01  1.00E+00  1.74E+01  1.90E+01 -1.61E+00 -6.57E-01
 
   53
+        3.00E+00  1.00E+01  1.46E+01  1.00E+00  2.53E+01  1.90E+01  6.28E+00  2.24E+00
 
   54
+        3.00E+00  1.00E+01  1.46E+01  1.00E+00  1.87E+01  1.90E+01 -2.91E-01 -1.72E-01
 
   55
+        4.00E+00  1.00E-04  2.33E-03  1.00E+00  7.84E+01  7.91E+01 -6.07E-01 -2.23E-01
 
   56
+        4.00E+00  1.00E-04  2.33E-03  1.00E+00  8.02E+01  7.91E+01  1.17E+00  4.28E-01
 
   57
+        4.00E+00  1.00E-04  2.33E-03  1.00E+00  7.79E+01  7.91E+01 -1.18E+00 -4.33E-01
 
   58
+        4.00E+00  1.00E-03  2.33E-02  1.00E+00  8.33E+01  7.90E+01  4.29E+00  1.58E+00
 
   59
+        4.00E+00  1.00E-03  2.33E-02  1.00E+00  7.90E+01  7.90E+01 -2.16E-02 -8.31E-03
 
   60
+        4.00E+00  1.00E-03  2.33E-02  1.00E+00  7.74E+01  7.90E+01 -1.58E+00 -5.82E-01
 
   61
+        4.00E+00  1.00E-02  2.31E-01  1.00E+00  7.70E+01  7.88E+01 -1.85E+00 -6.83E-01
 
   62
+        4.00E+00  1.00E-02  2.31E-01  1.00E+00  7.91E+01  7.88E+01  3.08E-01  1.10E-01
 
   63
+        4.00E+00  1.00E-02  2.31E-01  1.00E+00  7.88E+01  7.88E+01  2.23E-02  4.61E-03
 
   64
+        4.00E+00  1.00E-01  2.20E+00  1.00E+00  7.73E+01  7.66E+01  6.65E-01  2.11E-01
 
   65
+        4.00E+00  1.00E-01  2.20E+00  1.00E+00  7.16E+01  7.66E+01 -5.00E+00 -1.87E+00
 
   66
+        4.00E+00  1.00E-01  2.20E+00  1.00E+00  6.94E+01  7.66E+01 -7.23E+00 -2.69E+00
 
   67
+        4.00E+00  1.00E+00  1.39E+01  1.00E+00  6.38E+01  6.01E+01  3.77E+00  1.18E+00
 
   68
+        4.00E+00  1.00E+00  1.39E+01  1.00E+00  5.78E+01  6.01E+01 -2.30E+00 -1.05E+00
 
   69
+        4.00E+00  1.00E+00  1.39E+01  1.00E+00  5.92E+01  6.01E+01 -8.66E-01 -5.25E-01
 
   70
+        4.00E+00  1.00E+01  1.50E+01  1.00E+00  2.45E+01  1.90E+01  5.49E+00  1.81E+00
 
   71
+        4.00E+00  1.00E+01  1.50E+01  1.00E+00  2.23E+01  1.90E+01  3.27E+00  9.94E-01
 
   72
+        4.00E+00  1.00E+01  1.50E+01  1.00E+00  2.29E+01  1.90E+01  3.86E+00  1.21E+00
 
 #CPUT: Total CPU Time in Seconds,        0.125
Stop Time: 
2015-02-15 
17:48
