2015-02-15 
17:48
$PROB Emax Model
$INPUT ID CE DV
$DATA ../SimData.CSV IGNORE=@
$PRED
  CE50 = THETA(1) * EXP(ETA(1))
  BASE = THETA(2)
  F    = BASE * (1 - CE/(CE50 + CE))
  Y    = F + EPS(1)

$THETA
  (0, 10)
  (0, 100)

$OMEGA 0.2
$SIGMA 1
$EST MAXEVAL=9999 NOTBT NOOBT NOSBT PRINT=5 METHOD=ZERO POSTHOC
$COV PRINT=ERS
$TAB ID ETA(1) FIRSTONLY NOAPPEND FILE=INDIPARA.OUT
$TAB ID CE G11 H11 ONEHEADER FILE=FIT.OUT
  
NM-TRAN MESSAGES 
  
 WARNINGS AND ERRORS (IF ANY) FOR PROBLEM    1
             
 (WARNING  2) NM-TRAN INFERS THAT THE DATA ARE POPULATION.
             
 (WARNING  13) WITH USER-WRITTEN PRED OR $PRED, NM-TRAN CANNOT APPEND THE
 MDV DATA ITEM.
  
License Registered to: Asan Medical Center
Expiration Date:    14 DEC 2015
Current Date:       15 FEB 2015
Days until program expires : 299
1NONLINEAR MIXED EFFECTS MODEL PROGRAM (NONMEM) VERSION 7.3.0
 ORIGINALLY DEVELOPED BY STUART BEAL, LEWIS SHEINER, AND ALISON BOECKMANN
 CURRENT DEVELOPERS ARE ROBERT BAUER, ICON DEVELOPMENT SOLUTIONS,
 AND ALISON BOECKMANN. IMPLEMENTATION, EFFICIENCY, AND STANDARDIZATION
 PERFORMED BY NOUS INFOSYSTEMS.

 PROBLEM NO.:         1
 Emax Model
0DATA CHECKOUT RUN:              NO
 DATA SET LOCATED ON UNIT NO.:    2
 THIS UNIT TO BE REWOUND:        NO
 NO. OF DATA RECS IN DATA SET:       72
 NO. OF DATA ITEMS IN DATA SET:   3
 ID DATA ITEM IS DATA ITEM NO.:   1
 DEP VARIABLE IS DATA ITEM NO.:   3
0LABELS FOR DATA ITEMS:
 ID CE DV
0(NONBLANK) LABELS FOR PRED-DEFINED ITEMS:
 G11 H11
0FORMAT FOR DATA:
 (3E7.0)

 TOT. NO. OF OBS RECS:       72
 TOT. NO. OF INDIVIDUALS:      4
0LENGTH OF THETA:   2
0DEFAULT THETA BOUNDARY TEST OMITTED:   YES
0OMEGA HAS SIMPLE DIAGONAL FORM WITH DIMENSION:   1
0DEFAULT OMEGA BOUNDARY TEST OMITTED:   YES
0SIGMA HAS SIMPLE DIAGONAL FORM WITH DIMENSION:   1
0DEFAULT SIGMA BOUNDARY TEST OMITTED:   YES
0INITIAL ESTIMATE OF THETA:
 LOWER BOUND    INITIAL EST    UPPER BOUND
  0.0000E+00     0.1000E+02     0.1000E+07
  0.0000E+00     0.1000E+03     0.1000E+07
0INITIAL ESTIMATE OF OMEGA:
 0.2000E+00
0INITIAL ESTIMATE OF SIGMA:
 0.1000E+01
0COVARIANCE STEP OMITTED:        NO
 R MATRIX PRINTED:              YES
 S MATRIX PRINTED:              YES
 EIGENVLS. PRINTED:             YES
 SPECIAL COMPUTATION:            NO
 COMPRESSED FORMAT:              NO
 SIGDIGITS ETAHAT (SIGLO):                  -1
 SIGDIGITS GRADIENTS (SIGL):                -1
 RELATIVE TOLERANCE (TOL):                  -1
 ABSOLUTE TOLERANCE-ADVAN 9,13 ONLY (ATOL): -1
 EXCLUDE COV FOR FOCE (NOFCOV):              NO
 RESUME COV ANALYSIS (RESUME):               NO
0TABLES STEP OMITTED:    NO
 NO. OF TABLES:           2
 SEED NUMBER (SEED):    11456
 RANMETHOD:
 MC SAMPLES (ESEED):    300
 WRES SQUARE ROOT TYPE:            EIGENVALUE
0-- TABLE   1 --
0FIRST RECORDS ONLY:    YES
04 COLUMNS APPENDED:     NO
 PRINTED:               YES
 FOR TABLE FILE,
 HEADER:                YES
 FILE TO BE FORWARDED:   NO
 FORMAT:                S1PE11.4
 LFORMAT:
 RFORMAT:
0USER-CHOSEN ITEMS:
 ID ETA1
0-- TABLE   2 --
 PRINTED:               YES
 FOR TABLE FILE,
 HEADER:                YES
 FILE TO BE FORWARDED:   NO
 FORMAT:                S1PE11.4
 LFORMAT:
 RFORMAT:
0USER-CHOSEN ITEMS:
 ID CE G11 H11
1


 #TBLN:      1
 #METH: First Order

 ESTIMATION STEP OMITTED:                 NO  
 ANALYSIS TYPE:                           POPULATION
 EPS-ETA INTERACTION:                     NO  
 POP. ETAS OBTAINED POST HOC:             YES 
 NO. OF FUNCT. EVALS. ALLOWED:            9999
 NO. OF SIG. FIGURES REQUIRED:            3
 INTERMEDIATE PRINTOUT:                   YES 
 ESTIMATE OUTPUT TO MSF:                  NO  
 IND. OBJ. FUNC. VALUES SORTED:           NO  
 NUMERICAL DERIVATIVE 
       FILE REQUEST (NUMDER):             NONE
 MAP (ETAHAT) ESTIMATION METHOD (OPTMAP): 0           
 ETA HESSIAN EVALUATION METHOD (ETADER):  0           
 INITIAL ETA FOR MAP ESTIMATION (MCETA):  0           
 SIGDIGITS FOR MAP ESTIMATION (SIGLO):    100         
 GRADIENT SIGDIGITS OF 
       FIXED EFFECTS PARAMETERS (SIGL):   100         
 EXCLUDE TITLE (NOTITLE):                 NO 
 EXCLUDE COLUMN LABELS (NOLABEL):         NO 
 NOPRIOR SETTING (NOPRIOR):               OFF
 NOCOV SETTING (NOCOV):                   OFF
 DERCONT SETTING (DERCONT):               OFF
 ABSOLUTE TOLERANCE-ADVAN 9,13 ONLY(ATOL):-100        
 FINAL ETA RE-EVALUATION (FNLETA):        ON 
 EXCLUDE NON-INFLUENTIAL (NON-INFL.) ETAS 
       IN SHRINKAGE (ETASTYPE):           NO 
 NON-INFL. ETA CORRECTION (NONINFETA):    OFF
 FORMAT FOR ADDITIONAL FILES (FORMAT):    S1PE12.5
 PARAMETER ORDER FOR OUTPUTS (ORDER):     TSOL
 ADDITIONAL CONVERGENCE TEST (CTYPE=4)?:  NO
 EM OR BAYESIAN METHOD USED:                NONE


 THE FOLLOWING LABELS ARE EQUIVALENT
 PRED=NPRED
 RES=NRES
 WRES=NWRES
 IWRS=NIWRES
 IPRD=NIPRED
 IRS=NIRES

 MONITORING OF SEARCH:


0ITERATION NO.:    0    OBJECTIVE VALUE:   26252.4395779711        NO. OF FUNC. EVALS.:   5
 CUMULATIVE NO. OF FUNC. EVALS.:        5
 NPARAMETR:  1.0000E+01  1.0000E+02  2.0000E-01  1.0000E+00
 PARAMETER:  1.0000E-01  1.0000E-01  1.0000E-01  1.0000E-01
 GRADIENT:   5.4193E+03  2.3234E+05 -8.3570E+01 -5.2224E+04

0ITERATION NO.:    5    OBJECTIVE VALUE:   329.128318811952        NO. OF FUNC. EVALS.:   9
 CUMULATIVE NO. OF FUNC. EVALS.:       39
 NPARAMETR:  3.6377E+00  8.0468E+01  8.3448E-02  2.3986E+00
 PARAMETER: -9.1124E-01 -1.1731E-01 -3.3705E-01  5.3745E-01
 GRADIENT:   2.7084E+01  4.6253E+03  3.2448E+00 -3.6051E+02

0ITERATION NO.:   10    OBJECTIVE VALUE:   225.494003937045        NO. OF FUNC. EVALS.:   6
 CUMULATIVE NO. OF FUNC. EVALS.:       71
 NPARAMETR:  3.0111E+00  8.0001E+01  1.7373E-02  7.9572E+00
 PARAMETER: -1.1003E+00 -1.2314E-01 -1.1217E+00  1.1370E+00
 GRADIENT:  -7.8981E+00  8.7068E+02  3.1036E+00 -5.1152E-01

0ITERATION NO.:   15    OBJECTIVE VALUE:   219.164256213350        NO. OF FUNC. EVALS.:   6
 CUMULATIVE NO. OF FUNC. EVALS.:      101
 NPARAMETR:  3.1773E+00  7.9035E+01  6.7660E-03  7.4120E+00
 PARAMETER: -1.0465E+00 -1.3527E-01 -1.5932E+00  1.1016E+00
 GRADIENT:   2.8413E-02 -1.0339E+01  2.2164E-01  1.9052E-01

0ITERATION NO.:   20    OBJECTIVE VALUE:   219.157059495192        NO. OF FUNC. EVALS.:   0
 CUMULATIVE NO. OF FUNC. EVALS.:      131
 NPARAMETR:  3.1750E+00  7.9051E+01  6.0948E-03  7.4189E+00
 PARAMETER: -1.0473E+00 -1.3507E-01 -1.6454E+00  1.1020E+00
 GRADIENT:   2.0028E-02 -1.3196E-01 -7.9998E-04 -3.0056E-02

 #TERM:
0MINIMIZATION SUCCESSFUL
 NO. OF FUNCTION EVALUATIONS USED:      131
 NO. OF SIG. DIGITS IN FINAL EST.:  4.1
 #TERE:
 Elapsed estimation time in seconds:     0.12
 Elapsed covariance time in seconds:     0.01
1
 
 
 
 
 
 
 
 
 
 
 
 
 
 
 
 
 
 
 
 
 ************************************************************************************************************************
 ********************                                                                                ********************
 ********************                                   FIRST ORDER                                  ********************
 #OBJT:**************                       MINIMUM VALUE OF OBJECTIVE FUNCTION                      ********************
 ********************                                                                                ********************
 ************************************************************************************************************************
 





 #OBJV:********************************************      219.157       **************************************************
1
 ************************************************************************************************************************
 ********************                                                                                ********************
 ********************                                   FIRST ORDER                                  ********************
 ********************                             FINAL PARAMETER ESTIMATE                           ********************
 ********************                                                                                ********************
 ************************************************************************************************************************
 


 THETA - VECTOR OF FIXED EFFECTS PARAMETERS   *********


         TH 1      TH 2     
 
         3.18E+00  7.91E+01
 


 OMEGA - COV MATRIX FOR RANDOM EFFECTS - ETAS  ********


            ETA1   
 
 ETA1
+        6.09E-03
 


 SIGMA - COV MATRIX FOR RANDOM EFFECTS - EPSILONS  ****


            EPS1   
 
 EPS1
+        7.42E+00
 
1


 OMEGA - CORR MATRIX FOR RANDOM EFFECTS - ETAS  *******


            ETA1   
 
 ETA1
+        7.81E-02
 


 SIGMA - CORR MATRIX FOR RANDOM EFFECTS - EPSILONS  ***


            EPS1   
 
 EPS1
+        2.72E+00
 
1
 ************************************************************************************************************************
 ********************                                                                                ********************
 ********************                                   FIRST ORDER                                  ********************
 ********************                            STANDARD ERROR OF ESTIMATE                          ********************
 ********************                                                                                ********************
 ************************************************************************************************************************
 


 THETA - VECTOR OF FIXED EFFECTS PARAMETERS   *********


         TH 1      TH 2     
 
         2.14E-01  4.07E-01
 


 OMEGA - COV MATRIX FOR RANDOM EFFECTS - ETAS  ********


            ETA1   
 
 ETA1
+        5.41E-03
 


 SIGMA - COV MATRIX FOR RANDOM EFFECTS - EPSILONS  ****


            EPS1   
 
 EPS1
+        1.20E+00
 
1


 OMEGA - CORR MATRIX FOR RANDOM EFFECTS - ETAS  *******


            ETA1   
 
 ETA1
+        3.46E-02
 


 SIGMA - CORR MATRIX FOR RANDOM EFFECTS - EPSILONS  ***


            EPS1   
 
 EPS1
+        2.19E-01
 
1
 ************************************************************************************************************************
 ********************                                                                                ********************
 ********************                                   FIRST ORDER                                  ********************
 ********************                          COVARIANCE MATRIX OF ESTIMATE                         ********************
 ********************                                                                                ********************
 ************************************************************************************************************************
 

            TH 1      TH 2      OM11      SG11  
 
 TH 1
+        4.57E-02
 
 TH 2
+       -7.73E-02  1.66E-01
 
 OM11
+       -2.86E-04 -4.78E-05  2.92E-05
 
 SG11
+        7.62E-02  3.22E-03  1.46E-03  1.43E+00
 
1
 ************************************************************************************************************************
 ********************                                                                                ********************
 ********************                                   FIRST ORDER                                  ********************
 ********************                          CORRELATION MATRIX OF ESTIMATE                        ********************
 ********************                                                                                ********************
 ************************************************************************************************************************
 

            TH 1      TH 2      OM11      SG11  
 
 TH 1
+        2.14E-01
 
 TH 2
+       -8.88E-01  4.07E-01
 
 OM11
+       -2.47E-01 -2.17E-02  5.41E-03
 
 SG11
+        2.98E-01  6.63E-03  2.26E-01  1.20E+00
 
1
 ************************************************************************************************************************
 ********************                                                                                ********************
 ********************                                   FIRST ORDER                                  ********************
 ********************                      INVERSE COVARIANCE MATRIX OF ESTIMATE                     ********************
 ********************                                                                                ********************
 ************************************************************************************************************************
 

            TH 1      TH 2      OM11      SG11  
 
 TH 1
+        2.14E+08
 
 TH 2
+        1.01E+08  4.76E+07
 
 OM11
+        2.99E+09  1.41E+09  4.18E+10
 
 SG11
+       -1.47E+07 -6.92E+06 -2.05E+08  1.01E+06
 
1
 
 
 
 
 
 
 
 
 
 
 
 
 
 
 
 
 
 
 
 
 ************************************************************************************************************************
 ********************                                                                                ********************
 ********************                                   FIRST ORDER                                  ********************
 ********************                      EIGENVALUES OF COR MATRIX OF ESTIMATE                     ********************
 ********************                                                                                ********************
 ************************************************************************************************************************
 

             1         2         3         4
 
         4.93E-08  8.27E-01  1.22E+00  1.95E+00
 
1
 ************************************************************************************************************************
 ********************                                                                                ********************
 ********************                                   FIRST ORDER                                  ********************
 ********************                                     R MATRIX                                   ********************
 ********************                                                                                ********************
 ************************************************************************************************************************
 

            TH 1      TH 2      OM11      SG11  
 
 TH 1
+        3.32E+01
 
 TH 2
+        4.30E+00  6.83E+00
 
 OM11
+       -9.22E+01 -3.83E+00  1.40E+04
 
 SG11
+        7.43E-02  6.73E-03  1.11E+01  6.27E-01
 
1
 ************************************************************************************************************************
 ********************                                                                                ********************
 ********************                                   FIRST ORDER                                  ********************
 ********************                                     S MATRIX                                   ********************
 ********************                                                                                ********************
 ************************************************************************************************************************
 

            TH 1      TH 2      OM11      SG11  
 
 TH 1
+        3.39E+01
 
 TH 2
+       -7.33E+00  4.04E+00
 
 OM11
+       -2.50E+02  8.03E+00  7.27E+03
 
 SG11
+        1.52E+00  1.84E-01  2.28E+01  5.92E-01
 
1
 
 
 
 
 
 
 
 
 
 
 
 
 
 
 
 
 
 
 
 
 ************************************************************************************************************************
 ********************                                                                                ********************
 ********************                                   FIRST ORDER                                  ********************
 ********************                          TABLES OF DATA AND PREDICTIONS                        ********************
 ********************                                                                                ********************
 ************************************************************************************************************************
 
1TABLE NO.  1



 LINE NO.ID        ETA1     
 
    1
+        1.00E+00 -8.67E-02
 
    2
+        2.00E+00 -6.59E-03
 
    3
+        3.00E+00  1.99E-02
 
    4
+        4.00E+00  6.78E-02
 
1TABLE NO.  2



 LINE NO.ID        CE        G11       H11       DV        PRED      RES       WRES     
 
    1
+        1.00E+00  1.00E-04  2.72E-03  1.00E+00  8.51E+01  7.90E+01  6.01E+00  2.21E+00
 
    2
+        1.00E+00  1.00E-04  2.72E-03  1.00E+00  7.92E+01  7.90E+01  1.98E-01  7.28E-02
 
    3
+        1.00E+00  1.00E-04  2.72E-03  1.00E+00  7.77E+01  7.90E+01 -1.34E+00 -4.91E-01
 
    4
+        1.00E+00  1.00E-03  2.71E-02  1.00E+00  7.81E+01  7.90E+01 -9.08E-01 -3.33E-01
 
    5
+        1.00E+00  1.00E-03  2.71E-02  1.00E+00  8.23E+01  7.90E+01  3.26E+00  1.20E+00
 
    6
+        1.00E+00  1.00E-03  2.71E-02  1.00E+00  8.35E+01  7.90E+01  4.44E+00  1.63E+00
 
    7
+        1.00E+00  1.00E-02  2.70E-01  1.00E+00  7.77E+01  7.88E+01 -1.06E+00 -3.85E-01
 
    8
+        1.00E+00  1.00E-02  2.70E-01  1.00E+00  7.74E+01  7.88E+01 -1.37E+00 -4.99E-01
 
    9
+        1.00E+00  1.00E-02  2.70E-01  1.00E+00  7.94E+01  7.88E+01  5.71E-01  2.14E-01
 
   10
+        1.00E+00  1.00E-01  2.54E+00  1.00E+00  7.86E+01  7.66E+01  1.95E+00  7.62E-01
 
   11
+        1.00E+00  1.00E-01  2.54E+00  1.00E+00  7.46E+01  7.66E+01 -2.01E+00 -6.92E-01
 
   12
+        1.00E+00  1.00E-01  2.54E+00  1.00E+00  7.35E+01  7.66E+01 -3.14E+00 -1.11E+00
 
   13
+        1.00E+00  1.00E+00  1.50E+01  1.00E+00  6.00E+01  6.01E+01 -9.79E-02  2.39E-01
 
   14
+        1.00E+00  1.00E+00  1.50E+01  1.00E+00  5.90E+01  6.01E+01 -1.10E+00 -1.29E-01
 
   15
+        1.00E+00  1.00E+00  1.50E+01  1.00E+00  5.76E+01  6.01E+01 -2.51E+00 -6.46E-01
 
   16
+        1.00E+00  1.00E+01  1.38E+01  1.00E+00  1.20E+01  1.91E+01 -7.02E+00 -2.30E+00
 
   17
+        1.00E+00  1.00E+01  1.38E+01  1.00E+00  1.91E+01  1.91E+01  3.16E-02  2.88E-01
 
   18
+        1.00E+00  1.00E+01  1.38E+01  1.00E+00  1.51E+01  1.91E+01 -3.97E+00 -1.18E+00
 
   19
+        2.00E+00  1.00E-04  2.51E-03  1.00E+00  7.88E+01  7.90E+01 -2.00E-01 -7.34E-02
 
   20
+        2.00E+00  1.00E-04  2.51E-03  1.00E+00  7.89E+01  7.90E+01 -1.04E-01 -3.81E-02
 
   21
+        2.00E+00  1.00E-04  2.51E-03  1.00E+00  8.06E+01  7.90E+01  1.56E+00  5.72E-01
 
   22
+        2.00E+00  1.00E-03  2.50E-02  1.00E+00  7.70E+01  7.90E+01 -2.07E+00 -7.61E-01
 
   23
+        2.00E+00  1.00E-03  2.50E-02  1.00E+00  7.86E+01  7.90E+01 -4.27E-01 -1.57E-01
 
   24
+        2.00E+00  1.00E-03  2.50E-02  1.00E+00  7.95E+01  7.90E+01  4.55E-01  1.67E-01
 
   25
+        2.00E+00  1.00E-02  2.49E-01  1.00E+00  7.87E+01  7.88E+01 -6.92E-02 -2.50E-02
 
1

 LINE NO.ID        CE        G11       H11       DV        PRED      RES       WRES     
 
   26
+        2.00E+00  1.00E-02  2.49E-01  1.00E+00  8.00E+01  7.88E+01  1.16E+00  4.28E-01
 
   27
+        2.00E+00  1.00E-02  2.49E-01  1.00E+00  7.52E+01  7.88E+01 -3.65E+00 -1.34E+00
 
   28
+        2.00E+00  1.00E-01  2.35E+00  1.00E+00  7.29E+01  7.66E+01 -3.75E+00 -1.38E+00
 
   29
+        2.00E+00  1.00E-01  2.35E+00  1.00E+00  7.55E+01  7.66E+01 -1.10E+00 -4.01E-01
 
   30
+        2.00E+00  1.00E-01  2.35E+00  1.00E+00  7.98E+01  7.66E+01  3.12E+00  1.15E+00
 
   31
+        2.00E+00  1.00E+00  1.44E+01  1.00E+00  6.21E+01  6.01E+01  2.03E+00  7.67E-01
 
   32
+        2.00E+00  1.00E+00  1.44E+01  1.00E+00  6.13E+01  6.01E+01  1.18E+00  4.53E-01
 
   33
+        2.00E+00  1.00E+00  1.44E+01  1.00E+00  5.98E+01  6.01E+01 -3.37E-01 -1.03E-01
 
   34
+        2.00E+00  1.00E+01  1.44E+01  1.00E+00  1.66E+01  1.91E+01 -2.41E+00 -8.62E-01
 
   35
+        2.00E+00  1.00E+01  1.44E+01  1.00E+00  1.89E+01  1.91E+01 -1.05E-01 -1.77E-02
 
   36
+        2.00E+00  1.00E+01  1.44E+01  1.00E+00  1.79E+01  1.91E+01 -1.17E+00 -4.09E-01
 
   37
+        3.00E+00  1.00E-04  2.44E-03  1.00E+00  8.32E+01  7.90E+01  4.11E+00  1.51E+00
 
   38
+        3.00E+00  1.00E-04  2.44E-03  1.00E+00  7.62E+01  7.90E+01 -2.80E+00 -1.03E+00
 
   39
+        3.00E+00  1.00E-04  2.44E-03  1.00E+00  8.23E+01  7.90E+01  3.23E+00  1.18E+00
 
   40
+        3.00E+00  1.00E-03  2.44E-02  1.00E+00  8.07E+01  7.90E+01  1.63E+00  5.97E-01
 
   41
+        3.00E+00  1.00E-03  2.44E-02  1.00E+00  8.40E+01  7.90E+01  5.00E+00  1.84E+00
 
   42
+        3.00E+00  1.00E-03  2.44E-02  1.00E+00  7.75E+01  7.90E+01 -1.52E+00 -5.59E-01
 
   43
+        3.00E+00  1.00E-02  2.43E-01  1.00E+00  8.22E+01  7.88E+01  3.44E+00  1.26E+00
 
   44
+        3.00E+00  1.00E-02  2.43E-01  1.00E+00  7.75E+01  7.88E+01 -1.33E+00 -4.89E-01
 
   45
+        3.00E+00  1.00E-02  2.43E-01  1.00E+00  7.89E+01  7.88E+01  7.08E-02  2.50E-02
 
   46
+        3.00E+00  1.00E-01  2.30E+00  1.00E+00  7.51E+01  7.66E+01 -1.50E+00 -5.62E-01
 
   47
+        3.00E+00  1.00E-01  2.30E+00  1.00E+00  7.27E+01  7.66E+01 -3.99E+00 -1.47E+00
 
   48
+        3.00E+00  1.00E-01  2.30E+00  1.00E+00  7.86E+01  7.66E+01  2.01E+00  7.28E-01
 
   49
+        3.00E+00  1.00E+00  1.42E+01  1.00E+00  5.82E+01  6.01E+01 -1.96E+00 -7.82E-01
 
   50
+        3.00E+00  1.00E+00  1.42E+01  1.00E+00  5.82E+01  6.01E+01 -1.93E+00 -7.70E-01
 
   51
+        3.00E+00  1.00E+00  1.42E+01  1.00E+00  6.36E+01  6.01E+01  3.51E+00  1.23E+00
 
1

 LINE NO.ID        CE        G11       H11       DV        PRED      RES       WRES     
 
   52
+        3.00E+00  1.00E+01  1.46E+01  1.00E+00  1.74E+01  1.91E+01 -1.65E+00 -6.66E-01
 
   53
+        3.00E+00  1.00E+01  1.46E+01  1.00E+00  2.53E+01  1.91E+01  6.24E+00  2.23E+00
 
   54
+        3.00E+00  1.00E+01  1.46E+01  1.00E+00  1.87E+01  1.91E+01 -3.27E-01 -1.81E-01
 
   55
+        4.00E+00  1.00E-04  2.33E-03  1.00E+00  7.84E+01  7.90E+01 -6.03E-01 -2.21E-01
 
   56
+        4.00E+00  1.00E-04  2.33E-03  1.00E+00  8.02E+01  7.90E+01  1.17E+00  4.30E-01
 
   57
+        4.00E+00  1.00E-04  2.33E-03  1.00E+00  7.79E+01  7.90E+01 -1.18E+00 -4.32E-01
 
   58
+        4.00E+00  1.00E-03  2.33E-02  1.00E+00  8.33E+01  7.90E+01  4.30E+00  1.58E+00
 
   59
+        4.00E+00  1.00E-03  2.33E-02  1.00E+00  7.90E+01  7.90E+01 -1.75E-02 -6.76E-03
 
   60
+        4.00E+00  1.00E-03  2.33E-02  1.00E+00  7.74E+01  7.90E+01 -1.58E+00 -5.81E-01
 
   61
+        4.00E+00  1.00E-02  2.31E-01  1.00E+00  7.70E+01  7.88E+01 -1.85E+00 -6.81E-01
 
   62
+        4.00E+00  1.00E-02  2.31E-01  1.00E+00  7.91E+01  7.88E+01  3.12E-01  1.11E-01
 
   63
+        4.00E+00  1.00E-02  2.31E-01  1.00E+00  7.88E+01  7.88E+01  2.58E-02  6.03E-03
 
   64
+        4.00E+00  1.00E-01  2.20E+00  1.00E+00  7.73E+01  7.66E+01  6.63E-01  2.11E-01
 
   65
+        4.00E+00  1.00E-01  2.20E+00  1.00E+00  7.16E+01  7.66E+01 -5.00E+00 -1.87E+00
 
   66
+        4.00E+00  1.00E-01  2.20E+00  1.00E+00  6.94E+01  7.66E+01 -7.23E+00 -2.69E+00
 
   67
+        4.00E+00  1.00E+00  1.39E+01  1.00E+00  6.38E+01  6.01E+01  3.73E+00  1.17E+00
 
   68
+        4.00E+00  1.00E+00  1.39E+01  1.00E+00  5.78E+01  6.01E+01 -2.33E+00 -1.06E+00
 
   69
+        4.00E+00  1.00E+00  1.39E+01  1.00E+00  5.92E+01  6.01E+01 -9.00E-01 -5.32E-01
 
   70
+        4.00E+00  1.00E+01  1.50E+01  1.00E+00  2.45E+01  1.91E+01  5.45E+00  1.80E+00
 
   71
+        4.00E+00  1.00E+01  1.50E+01  1.00E+00  2.23E+01  1.91E+01  3.23E+00  9.85E-01
 
   72
+        4.00E+00  1.00E+01  1.50E+01  1.00E+00  2.29E+01  1.91E+01  3.82E+00  1.20E+00
 
 #CPUT: Total CPU Time in Seconds,        0.094
Stop Time: 
2015-02-15 
17:48
