NONLINEAR MIXED EFFECTS MODEL PROGRAM (NONMEM) VERSION 7.3.0
ORIGINALLY DEVELOPED BY STUART BEAL, LEWIS SHEINER, AND ALISON BOECKMANN
CURRENT DEVELOPERS ARE ROBERT BAUER, ICON DEVELOPMENT SOLUTIONS,
AND ALISON BOECKMANN. IMPLEMENTATION, EFFICIENCY, AND STANDARDIZATION
PERFORMED BY NOUS INFOSYSTEMS.

PROBLEM NO.:         1
THEOPHYLLINE ORAL

DATA CHECKOUT RUN:              NO
DATA SET LOCATED ON UNIT NO.:    2
THIS UNIT TO BE REWOUND:        NO
NO. OF DATA RECS IN DATA SET:      132
NO. OF DATA ITEMS IN DATA SET:   5
ID DATA ITEM IS DATA ITEM NO.:   1
DEP VARIABLE IS DATA ITEM NO.:   4

LABELS FOR DATA ITEMS:
ID AMT TIME DV BWT

FORMAT FOR DATA:
(5E6.0)

TOT. NO. OF OBS RECS:      132
TOT. NO. OF INDIVIDUALS:     12

LENGTH OF THETA:   3

DEFAULT THETA BOUNDARY TEST OMITTED:   YES

OMEGA HAS BLOCK FORM:
 1
 1  1
 1  1  1

DEFAULT OMEGA BOUNDARY TEST OMITTED:   YES

SIGMA HAS SIMPLE DIAGONAL FORM WITH DIMENSION:   2

DEFAULT SIGMA BOUNDARY TEST OMITTED:   YES

INITIAL ESTIMATE OF THETA:
LOWER BOUND    INITIAL EST    UPPER BOUND
 0.0000E+00     0.2000E+01     0.1000E+07
 0.0000E+00     0.5000E+02     0.1000E+07
 0.0000E+00     0.1000E+00     0.1000E+07

INITIAL ESTIMATE OF OMEGA:
BLOCK SET NO.   BLOCK                                                                    FIXED
       1                                                                                   NO
                 0.2000E+00
                 0.1000E+00   0.2000E+00
                 0.1000E+00   0.1000E+00   0.2000E+00

INITIAL ESTIMATE OF SIGMA:
0.1000E+00
0.0000E+00   0.1000E+00

COVARIANCE STEP OMITTED:        NO
R MATRIX PRINTED:              YES
S MATRIX PRINTED:              YES
EIGENVLS. PRINTED:             YES
SPECIAL COMPUTATION:            NO
COMPRESSED FORMAT:              NO
SIGDIGITS ETAHAT (SIGLO):                  -1
SIGDIGITS GRADIENTS (SIGL):                -1
RELATIVE TOLERANCE (TOL):                  -1
ABSOLUTE TOLERANCE-ADVAN 9,13 ONLY (ATOL): -1
EXCLUDE COV FOR FOCE (NOFCOV):              NO
RESUME COV ANALYSIS (RESUME):               NO

TABLES STEP OMITTED:    NO
NO. OF TABLES:           2
SEED NUMBER (SEED):    11456
RANMETHOD:
MC SAMPLES (ESEED):    300
WRES SQUARE ROOT TYPE:            EIGENVALUE

-- TABLE   1 --

FIRST RECORDS ONLY:    YES

4 COLUMNS APPENDED:     NO
PRINTED:               YES
FOR TABLE FILE,
HEADER:                YES
FILE TO BE FORWARDED:   NO
FORMAT:                S1PE11.4
LFORMAT:
RFORMAT:

USER-CHOSEN ITEMS:
ID ETA1 ETA2 ETA3

-- TABLE   2 --
PRINTED:               YES
FOR TABLE FILE,
HEADER:                YES
FILE TO BE FORWARDED:   NO
FORMAT:                S1PE11.4
LFORMAT:
RFORMAT:

USER-CHOSEN ITEMS:
ID AMT TIME BWT



#TBLN:      1
#METH: Laplacian Conditional Estimation

ESTIMATION STEP OMITTED:                 NO
ANALYSIS TYPE:                           POPULATION
CONDITIONAL ESTIMATES USED:              YES
CENTERED ETA:                            NO
EPS-ETA INTERACTION:                     NO
LAPLACIAN OBJ. FUNC.:                    YES
NUMERICAL 2ND DERIVATIVES:               NO
NO. OF FUNCT. EVALS. ALLOWED:            9999
NO. OF SIG. FIGURES REQUIRED:            3
INTERMEDIATE PRINTOUT:                   YES
ESTIMATE OUTPUT TO MSF:                  NO
ABORT WITH PRED EXIT CODE 1:             NO
IND. OBJ. FUNC. VALUES SORTED:           NO
NUMERICAL DERIVATIVE
      FILE REQUEST (NUMDER):             NONE
MAP (ETAHAT) ESTIMATION METHOD (OPTMAP): 0
ETA HESSIAN EVALUATION METHOD (ETADER):  0
INITIAL ETA FOR MAP ESTIMATION (MCETA):  0
SIGDIGITS FOR MAP ESTIMATION (SIGLO):    100
GRADIENT SIGDIGITS OF
      FIXED EFFECTS PARAMETERS (SIGL):   100
EXCLUDE TITLE (NOTITLE):                 NO
EXCLUDE COLUMN LABELS (NOLABEL):         NO
NOPRIOR SETTING (NOPRIOR):               OFF
NOCOV SETTING (NOCOV):                   OFF
DERCONT SETTING (DERCONT):               OFF
ABSOLUTE TOLERANCE-ADVAN 9,13 ONLY(ATOL):-100
FINAL ETA RE-EVALUATION (FNLETA):        ON
EXCLUDE NON-INFLUENTIAL (NON-INFL.) ETAS
      IN SHRINKAGE (ETASTYPE):           NO
NON-INFL. ETA CORRECTION (NONINFETA):    OFF
FORMAT FOR ADDITIONAL FILES (FORMAT):    S1PE12.5
PARAMETER ORDER FOR OUTPUTS (ORDER):     TSOL
ADDITIONAL CONVERGENCE TEST (CTYPE=4)?:  NO
EM OR BAYESIAN METHOD USED:                NONE


THE FOLLOWING LABELS ARE EQUIVALENT
PRED=NPRED
RES=NRES
WRES=NWRES
IWRS=NIWRES
IPRD=NIPRED
IRS=NIRES

MONITORING OF SEARCH:



ITERATION NO.:    0    OBJECTIVE VALUE:   145.845582961728        NO. OF FUNC. EVALS.:   7
CUMULATIVE NO. OF FUNC. EVALS.:        7
NPARAMETR:  2.0000E+00  5.0000E+01  1.0000E-01  2.0000E-01  1.0000E-01  1.0000E-01  2.0000E-01  1.0000E-01  2.0000E-01  1.0000E-01
            1.0000E-01
PARAMETER:  1.0000E-01  1.0000E-01  1.0000E-01  1.0000E-01  1.0000E-01  1.0000E-01  1.0000E-01  1.0000E-01  1.0000E-01  1.0000E-01
            1.0000E-01
GRADIENT:  -3.9637E+00 -4.4471E+01 -6.1566E+01 -1.3445E+01 -8.6836E+00  5.5036E+01  3.9338E+00 -2.9906E+00  1.1765E+01  8.7840E+01
            2.3758E+01


ITERATION NO.:   42    OBJECTIVE VALUE:   49.4677073627150        NO. OF FUNC. EVALS.:  10
CUMULATIVE NO. OF FUNC. EVALS.:      459
NPARAMETR:  9.2622E+00  6.4296E+01  4.7751E-01  3.0764E+00  1.1526E+00  2.9251E+00  4.6021E-01  1.1688E+00  3.1427E+00  9.8481E-02
            4.7067E-02
PARAMETER:  1.6328E+00  3.5147E-01  1.6634E+00  1.4666E+00  2.9389E-01  7.4583E-01 -7.3290E-01  3.3519E-01  2.3357E-01  9.2348E-02
           -2.7680E-01
GRADIENT:   6.3089E-03 -3.6278E-03  1.5153E-03  4.3126E-04 -4.9675E-04  6.9664E-03  7.9488E-03 -2.4215E-03 -1.5384E-03 -3.0991E-03
           -5.9037E-03

#TERM:

MINIMIZATION SUCCESSFUL
NO. OF FUNCTION EVALUATIONS USED:      459
NO. OF SIG. DIGITS IN FINAL EST.:  3.1

ETABAR IS THE ARITHMETIC MEAN OF THE ETA-ESTIMATES,
AND THE P-VALUE IS GIVEN FOR THE NULL HYPOTHESIS THAT THE TRUE MEAN IS 0.

ETABAR:        -1.6753E+00 -6.6074E-01 -1.7598E+00
SE:             1.4981E-01  4.4561E-02  5.1211E-02
N:                      12          12          12

P VAL.:         5.0622E-29  1.0142E-49  1.011E-258

ETAshrink(%):   6.9097E+01  7.6234E+01  8.9548E+01
EBVshrink(%):   6.6848E-01  1.5253E-01  7.2613E-02
EPSshrink(%):   1.4824E+01  1.2789E+01

#TERE:
Elapsed estimation time in seconds:     0.58
Elapsed covariance time in seconds:     0.38





















************************************************************************************************************************
********************                                                                                ********************
********************                         LAPLACIAN CONDITIONAL ESTIMATION                       ********************
#OBJT:**************                       MINIMUM VALUE OF OBJECTIVE FUNCTION                      ********************
********************                                                                                ********************
************************************************************************************************************************






#OBJV:********************************************       49.468       **************************************************

************************************************************************************************************************
********************                                                                                ********************
********************                         LAPLACIAN CONDITIONAL ESTIMATION                       ********************
********************                             FINAL PARAMETER ESTIMATE                           ********************
********************                                                                                ********************
************************************************************************************************************************



THETA - VECTOR OF FIXED EFFECTS PARAMETERS   *********


        TH 1      TH 2      TH 3

        9.26E+00  6.43E+01  4.78E-01



OMEGA - COV MATRIX FOR RANDOM EFFECTS - ETAS  ********


           ETA1      ETA2      ETA3

ETA1    3.08E+00

ETA2    1.15E+00  4.60E-01

ETA3    2.93E+00  1.17E+00  3.14E+00



SIGMA - COV MATRIX FOR RANDOM EFFECTS - EPSILONS  ****


           EPS1      EPS2

EPS1    9.85E-02

EPS2    0.00E+00  4.71E-02




OMEGA - CORR MATRIX FOR RANDOM EFFECTS - ETAS  *******


           ETA1      ETA2      ETA3

ETA1    1.75E+00

ETA2    9.69E-01  6.78E-01

ETA3    9.41E-01  9.72E-01  1.77E+00



SIGMA - CORR MATRIX FOR RANDOM EFFECTS - EPSILONS  ***


           EPS1      EPS2

EPS1    3.14E-01

EPS2    0.00E+00  2.17E-01


************************************************************************************************************************
********************                                                                                ********************
********************                         LAPLACIAN CONDITIONAL ESTIMATION                       ********************
********************                            STANDARD ERROR OF ESTIMATE                          ********************
********************                                                                                ********************
************************************************************************************************************************



THETA - VECTOR OF FIXED EFFECTS PARAMETERS   *********


        TH 1      TH 2      TH 3

        4.98E+00  1.57E+01  3.68E-01



OMEGA - COV MATRIX FOR RANDOM EFFECTS - ETAS  ********


           ETA1      ETA2      ETA3

ETA1    1.99E+00

ETA2    3.42E-01  2.88E-01

ETA3    6.01E-01  8.33E-01  2.85E+00



SIGMA - COV MATRIX FOR RANDOM EFFECTS - EPSILONS  ****


           EPS1      EPS2

EPS1    1.23E-01

EPS2   .........  1.44E-02




OMEGA - CORR MATRIX FOR RANDOM EFFECTS - ETAS  *******


           ETA1      ETA2      ETA3

ETA1    5.67E-01

ETA2    1.80E-02  2.12E-01

ETA3    3.30E-02  2.25E-02  8.03E-01



SIGMA - CORR MATRIX FOR RANDOM EFFECTS - EPSILONS  ***


           EPS1      EPS2

EPS1    1.96E-01

EPS2   .........  3.32E-02


************************************************************************************************************************
********************                                                                                ********************
********************                         LAPLACIAN CONDITIONAL ESTIMATION                       ********************
********************                          COVARIANCE MATRIX OF ESTIMATE                         ********************
********************                                                                                ********************
************************************************************************************************************************


           TH 1      TH 2      TH 3      OM11      OM12      OM13      OM22      OM23      OM33      SG11      SG12      SG22


TH 1    2.48E+01

TH 2   -4.29E+01  2.46E+02

TH 3   -1.49E+00  3.71E+00  1.35E-01

OM11    9.37E+00 -1.81E+01 -6.64E-01  3.95E+00

OM12    7.18E-01  2.09E+00 -4.27E-02  3.38E-01  1.17E-01

OM13   -8.45E-01  4.90E+00  1.62E-01 -4.62E-01  2.55E-02  3.61E-01

OM22   -8.54E-01  4.43E+00  6.64E-02 -3.33E-01  4.10E-02  8.68E-02  8.29E-02

OM23   -3.35E+00  1.14E+01  2.84E-01 -1.42E+00 -8.36E-03  3.42E-01  2.09E-01  6.94E-01

OM33   -1.18E+01  2.88E+01  1.04E+00 -5.23E+00 -3.42E-01  1.21E+00  5.19E-01  2.21E+00  8.10E+00

SG11   -4.72E-01  1.62E+00  4.22E-02 -2.06E-01 -1.68E-03  5.30E-02  2.97E-02  1.01E-01  3.26E-01  1.52E-02

SG12   ......... ......... ......... ......... ......... ......... ......... ......... ......... ......... .........

SG22   -6.06E-02  6.55E-02  4.31E-03 -2.45E-02 -2.88E-03  3.70E-03  1.40E-03  8.28E-03  3.44E-02  1.19E-03 .........  2.07E-04


************************************************************************************************************************
********************                                                                                ********************
********************                         LAPLACIAN CONDITIONAL ESTIMATION                       ********************
********************                          CORRELATION MATRIX OF ESTIMATE                        ********************
********************                                                                                ********************
************************************************************************************************************************


           TH 1      TH 2      TH 3      OM11      OM12      OM13      OM22      OM23      OM33      SG11      SG12      SG22


TH 1    4.98E+00

TH 2   -5.49E-01  1.57E+01

TH 3   -8.15E-01  6.44E-01  3.68E-01

OM11    9.47E-01 -5.80E-01 -9.09E-01  1.99E+00

OM12    4.21E-01  3.90E-01 -3.39E-01  4.97E-01  3.42E-01

OM13   -2.83E-01  5.19E-01  7.32E-01 -3.87E-01  1.24E-01  6.01E-01

OM22   -5.96E-01  9.81E-01  6.27E-01 -5.81E-01  4.16E-01  5.02E-01  2.88E-01

OM23   -8.08E-01  8.70E-01  9.28E-01 -8.60E-01 -2.93E-02  6.83E-01  8.70E-01  8.33E-01

OM33   -8.33E-01  6.45E-01  9.98E-01 -9.24E-01 -3.50E-01  7.06E-01  6.33E-01  9.32E-01  2.85E+00

SG11   -7.69E-01  8.35E-01  9.30E-01 -8.41E-01 -3.99E-02  7.15E-01  8.37E-01  9.83E-01  9.30E-01  1.23E-01

SG12   ......... ......... ......... ......... ......... ......... ......... ......... ......... ......... .........

SG22   -8.45E-01  2.90E-01  8.15E-01 -8.58E-01 -5.85E-01  4.28E-01  3.37E-01  6.91E-01  8.39E-01  6.69E-01 .........  1.44E-02


************************************************************************************************************************
********************                                                                                ********************
********************                         LAPLACIAN CONDITIONAL ESTIMATION                       ********************
********************                      INVERSE COVARIANCE MATRIX OF ESTIMATE                     ********************
********************                                                                                ********************
************************************************************************************************************************


           TH 1      TH 2      TH 3      OM11      OM12      OM13      OM22      OM23      OM33      SG11      SG12      SG22


TH 1    9.56E+01

TH 2   -5.60E+01  3.35E+01

TH 3    8.35E+03 -4.91E+03  7.54E+05

OM11    5.31E+02 -3.18E+02  4.63E+04  3.22E+03

OM12   -6.39E+02  3.60E+02 -3.54E+04 -4.95E+03  3.39E+04

OM13   -1.34E+03  8.04E+02 -1.25E+05 -7.42E+03  1.69E+02  2.21E+04

OM22    2.24E+03 -1.29E+03  1.68E+05  1.40E+04 -5.12E+04 -2.04E+04  1.10E+05

OM23    1.96E+03 -1.18E+03  1.75E+05  1.13E+04 -1.15E+04 -2.88E+04  3.40E+04  4.88E+04

OM33   -8.33E+02  4.86E+02 -7.31E+04 -4.69E+03  6.67E+03  1.14E+04 -1.88E+04 -1.85E+04  7.73E+03

SG11   -2.76E+03  1.64E+03 -2.44E+05 -1.52E+04  1.46E+04  4.00E+04 -6.00E+04 -5.76E+04  2.38E+04  8.32E+04

SG12   ......... ......... ......... ......... ......... ......... ......... ......... ......... ......... .........

SG22    1.05E+04 -5.96E+03  9.41E+05  5.79E+04 -6.71E+04 -1.48E+05  2.35E+05  2.14E+05 -9.53E+04 -2.95E+05 .........  1.31E+06






















************************************************************************************************************************
********************                                                                                ********************
********************                         LAPLACIAN CONDITIONAL ESTIMATION                       ********************
********************                      EIGENVALUES OF COR MATRIX OF ESTIMATE                     ********************
********************                                                                                ********************
************************************************************************************************************************


            1         2         3         4         5         6         7         8         9        10        11

        4.43E-06  9.24E-05  1.68E-04  6.47E-04  3.41E-03  2.97E-02  5.25E-02  1.89E-01  7.95E-01  2.20E+00  7.73E+00


************************************************************************************************************************
********************                                                                                ********************
********************                         LAPLACIAN CONDITIONAL ESTIMATION                       ********************
********************                                     R MATRIX                                   ********************
********************                                                                                ********************
************************************************************************************************************************


           TH 1      TH 2      TH 3      OM11      OM12      OM13      OM22      OM23      OM33      SG11      SG12      SG22


TH 1    5.75E-01

TH 2   -2.05E-01  1.89E-01

TH 3   -5.54E-01 -3.65E+00  4.08E+02

OM11   -9.63E-01  1.20E-01 -6.98E+00  9.13E+01

OM12    8.03E-01  7.13E-01  1.34E+01 -4.66E+02  4.04E+03

OM13   -1.45E+00  5.87E-01  1.19E+01  6.74E+00 -6.31E+02  2.31E+02

OM22    4.59E+00 -5.02E+00  3.77E+01  5.96E+02 -7.12E+03  1.50E+03  2.08E+04

OM23    3.13E+00 -3.11E+00  1.32E+02 -1.86E+01  1.52E+03 -5.47E+02 -8.66E+03  5.14E+03

OM33    1.03E-01  9.49E-01 -6.84E+01  4.84E-01  1.34E+01 -6.65E+00  8.93E+02 -7.15E+02  1.44E+02

SG11    1.01E+00 -5.96E+00 -3.84E+02  8.29E+01 -3.41E+02 -2.84E+01  4.34E+02 -1.38E+00  1.30E+01  1.93E+03

SG12   ......... ......... ......... ......... ......... ......... ......... ......... ......... ......... .........

SG22    4.91E-01 -1.06E+00 -3.47E+02 -7.36E+00 -1.57E+02  6.97E+01  7.73E+02 -4.41E+02  5.31E+01  4.33E+02 .........  1.14E+04


************************************************************************************************************************
********************                                                                                ********************
********************                         LAPLACIAN CONDITIONAL ESTIMATION                       ********************
********************                                     S MATRIX                                   ********************
********************                                                                                ********************
************************************************************************************************************************


           TH 1      TH 2      TH 3      OM11      OM12      OM13      OM22      OM23      OM33      SG11      SG12      SG22


TH 1    5.91E-01

TH 2   -2.43E-01  2.35E-01

TH 3   -2.79E+00 -1.55E+00  1.81E+02

OM11   -2.74E+00  2.60E+00 -4.86E+01  7.20E+01

OM12    2.80E+01 -1.74E+01  1.19E+02 -3.65E+02  3.37E+03

OM13   -8.28E+00  2.81E+00  6.24E+01  1.47E+01 -7.14E+02  2.82E+02

OM22   -5.12E+01  1.71E+01  2.93E+02  4.22E+02 -6.37E+03  1.85E+03  1.89E+04

OM23    1.91E+01 -3.19E+00 -2.59E+02 -5.46E+01  2.18E+03 -8.11E+02 -8.75E+03  4.59E+03

OM33    3.80E-01 -2.50E-02 -2.08E+00  1.21E+01 -1.12E+02  1.72E+01  7.47E+02 -4.45E+02  7.47E+01

SG11    1.10E+01 -1.36E+01 -1.77E+02 -7.36E+01  9.48E+01  5.00E+01  1.62E+02  4.77E+01 -5.48E+01  2.11E+03

SG12   ......... ......... ......... ......... ......... ......... ......... ......... ......... ......... .........

SG22    2.46E+01 -2.11E+01  1.20E+02 -4.24E+02  2.56E+03 -3.08E+02 -2.96E+03  3.91E+02  4.28E+01  1.32E+03 .........  1.21E+04






















************************************************************************************************************************
********************                                                                                ********************
********************                         LAPLACIAN CONDITIONAL ESTIMATION                       ********************
********************                          TABLES OF DATA AND PREDICTIONS                        ********************
********************                                                                                ********************
************************************************************************************************************************

TABLE NO.  1



LINE NO.ID        ETA1      ETA2      ETA3

   1    1.00E+00 -1.55E+00 -7.37E-01 -2.28E+00

   2    2.00E+00 -1.49E+00 -6.52E-01 -1.63E+00

   3    3.00E+00 -1.43E+00 -6.41E-01 -1.74E+00

   4    4.00E+00 -1.88E+00 -6.80E-01 -1.79E+00

   5    5.00E+00 -1.72E+00 -8.09E-01 -1.80E+00

   6    6.00E+00 -1.67E+00 -4.15E-01 -1.64E+00

   7    7.00E+00 -2.34E+00 -6.31E-01 -1.63E+00

   8    8.00E+00 -1.69E+00 -5.57E-01 -1.71E+00

   9    9.00E+00 -6.11E-01 -4.73E-01 -1.76E+00

  10    1.00E+01 -2.53E+00 -9.14E-01 -1.89E+00

  11    1.10E+01 -9.75E-01 -5.08E-01 -1.61E+00

  12    1.20E+01 -2.21E+00 -9.12E-01 -1.63E+00

TABLE NO.  2



LINE NO.ID        AMT       TIME      BWT       DV        PRED      RES       WRES

   1    1.00E+00  4.02E+00  0.00E+00  7.96E+01  7.40E-01  0.00E+00  7.40E-01  3.41E+00

   2    1.00E+00  0.00E+00  2.50E-01  0.00E+00  2.84E+00  4.14E+00 -1.30E+00 -2.91E+00

   3    1.00E+00  0.00E+00  5.70E-01  0.00E+00  6.57E+00  3.97E+00  2.60E+00 -3.33E+00

   4    1.00E+00  0.00E+00  1.12E+00  0.00E+00  1.05E+01  3.07E+00  7.43E+00 -1.32E+00

   5    1.00E+00  0.00E+00  2.02E+00  0.00E+00  9.66E+00  2.00E+00  7.66E+00 -2.92E+00

   6    1.00E+00  0.00E+00  3.82E+00  0.00E+00  8.58E+00  8.47E-01  7.73E+00 -6.65E-01

   7    1.00E+00  0.00E+00  5.10E+00  0.00E+00  8.36E+00  4.60E-01  7.90E+00  7.69E+00

   8    1.00E+00  0.00E+00  7.03E+00  0.00E+00  7.47E+00  1.83E-01  7.29E+00  1.80E+01

   9    1.00E+00  0.00E+00  9.05E+00  0.00E+00  6.89E+00  6.97E-02  6.82E+00  2.40E+01

  10    1.00E+00  0.00E+00  1.21E+01  0.00E+00  5.94E+00  1.61E-02  5.92E+00  2.51E+01

  11    1.00E+00  0.00E+00  2.44E+01  0.00E+00  3.28E+00  4.64E-05  3.28E+00  1.51E+01

  12    2.00E+00  4.40E+00  0.00E+00  7.24E+01  0.00E+00  0.00E+00  0.00E+00  0.00E+00

  13    2.00E+00  0.00E+00  2.70E-01  0.00E+00  1.72E+00  4.18E+00 -2.46E+00 -3.52E+00

  14    2.00E+00  0.00E+00  5.20E-01  0.00E+00  7.91E+00  4.05E+00  3.86E+00 -8.11E-01

  15    2.00E+00  0.00E+00  1.00E+00  0.00E+00  8.31E+00  3.25E+00  5.06E+00 -1.26E+00

  16    2.00E+00  0.00E+00  1.92E+00  0.00E+00  8.33E+00  2.10E+00  6.23E+00 -1.27E+00

  17    2.00E+00  0.00E+00  3.50E+00  0.00E+00  6.85E+00  9.87E-01  5.86E+00 -7.85E-01

  18    2.00E+00  0.00E+00  5.02E+00  0.00E+00  6.08E+00  4.77E-01  5.60E+00  4.68E+00

  19    2.00E+00  0.00E+00  7.03E+00  0.00E+00  5.40E+00  1.83E-01  5.22E+00  1.28E+01

  20    2.00E+00  0.00E+00  9.00E+00  0.00E+00  4.55E+00  7.14E-02  4.48E+00  1.52E+01

  21    2.00E+00  0.00E+00  1.20E+01  0.00E+00  3.01E+00  1.70E-02  2.99E+00  1.21E+01

  22    2.00E+00  0.00E+00  2.43E+01  0.00E+00  9.00E-01  4.79E-05  9.00E-01  4.14E+00

  23    3.00E+00  4.53E+00  0.00E+00  7.05E+01  0.00E+00  0.00E+00  0.00E+00  0.00E+00

  24    3.00E+00  0.00E+00  2.70E-01  0.00E+00  4.40E+00  4.18E+00  2.18E-01 -1.61E+00

  25    3.00E+00  0.00E+00  5.80E-01  0.00E+00  6.90E+00  3.95E+00  2.95E+00 -1.86E+00



LINE NO.ID        AMT       TIME      BWT       DV        PRED      RES       WRES

  26    3.00E+00  0.00E+00  1.02E+00  0.00E+00  8.20E+00  3.22E+00  4.98E+00 -1.48E+00

  27    3.00E+00  0.00E+00  2.02E+00  0.00E+00  7.80E+00  2.00E+00  5.80E+00 -2.24E+00

  28    3.00E+00  0.00E+00  3.62E+00  0.00E+00  7.50E+00  9.32E-01  6.57E+00  9.44E-01

  29    3.00E+00  0.00E+00  5.08E+00  0.00E+00  6.20E+00  4.64E-01  5.74E+00  4.91E+00

  30    3.00E+00  0.00E+00  7.07E+00  0.00E+00  5.30E+00  1.79E-01  5.12E+00  1.21E+01

  31    3.00E+00  0.00E+00  9.00E+00  0.00E+00  4.90E+00  7.14E-02  4.83E+00  1.66E+01

  32    3.00E+00  0.00E+00  1.22E+01  0.00E+00  3.70E+00  1.59E-02  3.68E+00  1.53E+01

  33    3.00E+00  0.00E+00  2.42E+01  0.00E+00  1.05E+00  5.10E-05  1.05E+00  4.83E+00

  34    4.00E+00  4.40E+00  0.00E+00  7.27E+01  0.00E+00  0.00E+00  0.00E+00  0.00E+00

  35    4.00E+00  0.00E+00  3.50E-01  0.00E+00  1.89E+00  4.23E+00 -2.34E+00 -4.10E+00

  36    4.00E+00  0.00E+00  6.00E-01  0.00E+00  4.60E+00  3.92E+00  6.80E-01 -3.41E+00

  37    4.00E+00  0.00E+00  1.07E+00  0.00E+00  8.60E+00  3.15E+00  5.45E+00 -7.72E-01

  38    4.00E+00  0.00E+00  2.13E+00  0.00E+00  8.38E+00  1.90E+00  6.48E+00 -1.08E+00

  39    4.00E+00  0.00E+00  3.50E+00  0.00E+00  7.54E+00  9.87E-01  6.55E+00  3.38E-01

  40    4.00E+00  0.00E+00  5.02E+00  0.00E+00  6.88E+00  4.77E-01  6.40E+00  6.67E+00

  41    4.00E+00  0.00E+00  7.02E+00  0.00E+00  5.78E+00  1.84E-01  5.60E+00  1.37E+01

  42    4.00E+00  0.00E+00  9.02E+00  0.00E+00  5.33E+00  7.07E-02  5.26E+00  1.84E+01

  43    4.00E+00  0.00E+00  1.20E+01  0.00E+00  4.19E+00  1.72E-02  4.17E+00  1.74E+01

  44    4.00E+00  0.00E+00  2.46E+01  0.00E+00  1.15E+00  4.06E-05  1.15E+00  5.29E+00

  45    5.00E+00  5.86E+00  0.00E+00  5.46E+01  0.00E+00  0.00E+00  0.00E+00  0.00E+00

  46    5.00E+00  0.00E+00  3.00E-01  0.00E+00  2.02E+00  4.22E+00 -2.20E+00 -4.12E+00

  47    5.00E+00  0.00E+00  5.20E-01  0.00E+00  5.63E+00  4.05E+00  1.58E+00 -3.42E+00

  48    5.00E+00  0.00E+00  1.00E+00  0.00E+00  1.14E+01  3.25E+00  8.15E+00  2.75E-01

  49    5.00E+00  0.00E+00  2.02E+00  0.00E+00  9.33E+00  2.00E+00  7.33E+00 -2.38E+00

  50    5.00E+00  0.00E+00  3.50E+00  0.00E+00  8.74E+00  9.87E-01  7.75E+00 -1.29E-01

  51    5.00E+00  0.00E+00  5.02E+00  0.00E+00  7.56E+00  4.77E-01  7.08E+00  5.76E+00



LINE NO.ID        AMT       TIME      BWT       DV        PRED      RES       WRES

  52    5.00E+00  0.00E+00  7.02E+00  0.00E+00  7.09E+00  1.84E-01  6.91E+00  1.74E+01

  53    5.00E+00  0.00E+00  9.10E+00  0.00E+00  5.90E+00  6.80E-02  5.83E+00  2.02E+01

  54    5.00E+00  0.00E+00  1.20E+01  0.00E+00  4.37E+00  1.70E-02  4.35E+00  1.79E+01

  55    5.00E+00  0.00E+00  2.44E+01  0.00E+00  1.57E+00  4.68E-05  1.57E+00  7.22E+00

  56    6.00E+00  4.00E+00  0.00E+00  8.00E+01  0.00E+00  0.00E+00  0.00E+00  0.00E+00

  57    6.00E+00  0.00E+00  2.70E-01  0.00E+00  1.29E+00  4.18E+00 -2.89E+00 -3.14E+00

  58    6.00E+00  0.00E+00  5.80E-01  0.00E+00  3.08E+00  3.95E+00 -8.74E-01 -3.20E+00

  59    6.00E+00  0.00E+00  1.15E+00  0.00E+00  6.44E+00  3.03E+00  3.41E+00 -8.18E-01

  60    6.00E+00  0.00E+00  2.03E+00  0.00E+00  6.32E+00  1.99E+00  4.33E+00 -6.62E-01

  61    6.00E+00  0.00E+00  3.57E+00  0.00E+00  5.53E+00  9.54E-01  4.58E+00  8.06E-01

  62    6.00E+00  0.00E+00  5.00E+00  0.00E+00  4.94E+00  4.82E-01  4.46E+00  4.93E+00

  63    6.00E+00  0.00E+00  7.00E+00  0.00E+00  4.02E+00  1.85E-01  3.83E+00  9.40E+00

  64    6.00E+00  0.00E+00  9.22E+00  0.00E+00  3.46E+00  6.43E-02  3.40E+00  1.20E+01

  65    6.00E+00  0.00E+00  1.21E+01  0.00E+00  2.78E+00  1.62E-02  2.76E+00  1.15E+01

  66    6.00E+00  0.00E+00  2.39E+01  0.00E+00  9.20E-01  5.94E-05  9.20E-01  4.23E+00

  67    7.00E+00  4.95E+00  0.00E+00  6.46E+01  1.50E-01  0.00E+00  1.50E-01  6.91E-01

  68    7.00E+00  0.00E+00  2.50E-01  0.00E+00  8.50E-01  4.14E+00 -3.29E+00 -3.41E+00

  69    7.00E+00  0.00E+00  5.00E-01  0.00E+00  2.35E+00  4.08E+00 -1.73E+00 -3.87E+00

  70    7.00E+00  0.00E+00  1.02E+00  0.00E+00  5.02E+00  3.22E+00  1.80E+00 -2.88E+00

  71    7.00E+00  0.00E+00  2.02E+00  0.00E+00  6.58E+00  2.00E+00  4.58E+00 -1.87E+00

  72    7.00E+00  0.00E+00  3.48E+00  0.00E+00  7.09E+00  9.96E-01  6.09E+00  1.69E+00

  73    7.00E+00  0.00E+00  5.00E+00  0.00E+00  6.66E+00  4.82E-01  6.18E+00  8.16E+00

  74    7.00E+00  0.00E+00  6.98E+00  0.00E+00  5.25E+00  1.87E-01  5.06E+00  1.26E+01

  75    7.00E+00  0.00E+00  9.00E+00  0.00E+00  4.39E+00  7.14E-02  4.32E+00  1.48E+01

  76    7.00E+00  0.00E+00  1.21E+01  0.00E+00  3.53E+00  1.66E-02  3.51E+00  1.46E+01

  77    7.00E+00  0.00E+00  2.42E+01  0.00E+00  1.15E+00  4.98E-05  1.15E+00  5.29E+00



LINE NO.ID        AMT       TIME      BWT       DV        PRED      RES       WRES

  78    8.00E+00  4.53E+00  0.00E+00  7.05E+01  0.00E+00  0.00E+00  0.00E+00  0.00E+00

  79    8.00E+00  0.00E+00  2.50E-01  0.00E+00  3.05E+00  4.14E+00 -1.09E+00 -1.99E+00

  80    8.00E+00  0.00E+00  5.20E-01  0.00E+00  3.05E+00  4.05E+00 -1.00E+00 -3.85E+00

  81    8.00E+00  0.00E+00  9.80E-01  0.00E+00  7.31E+00  3.29E+00  4.02E+00 -1.17E+00

  82    8.00E+00  0.00E+00  2.02E+00  0.00E+00  7.56E+00  2.00E+00  5.56E+00 -8.96E-01

  83    8.00E+00  0.00E+00  3.53E+00  0.00E+00  6.59E+00  9.73E-01  5.62E+00  3.75E-01

  84    8.00E+00  0.00E+00  5.05E+00  0.00E+00  5.88E+00  4.71E-01  5.41E+00  5.63E+00

  85    8.00E+00  0.00E+00  7.15E+00  0.00E+00  4.73E+00  1.73E-01  4.56E+00  1.12E+01

  86    8.00E+00  0.00E+00  9.07E+00  0.00E+00  4.57E+00  6.90E-02  4.50E+00  1.59E+01

  87    8.00E+00  0.00E+00  1.21E+01  0.00E+00  3.00E+00  1.62E-02  2.98E+00  1.23E+01

  88    8.00E+00  0.00E+00  2.41E+01  0.00E+00  1.25E+00  5.22E-05  1.25E+00  5.75E+00

  89    9.00E+00  3.10E+00  0.00E+00  8.64E+01  0.00E+00  0.00E+00  0.00E+00  0.00E+00

  90    9.00E+00  0.00E+00  3.00E-01  0.00E+00  7.37E+00  4.22E+00  3.15E+00  4.03E-01

  91    9.00E+00  0.00E+00  6.30E-01  0.00E+00  9.03E+00  3.87E+00  5.16E+00  2.51E-01

  92    9.00E+00  0.00E+00  1.05E+00  0.00E+00  7.14E+00  3.18E+00  3.96E+00 -1.68E+00

  93    9.00E+00  0.00E+00  2.02E+00  0.00E+00  6.33E+00  2.00E+00  4.33E+00 -2.74E+00

  94    9.00E+00  0.00E+00  3.53E+00  0.00E+00  5.66E+00  9.73E-01  4.69E+00 -1.45E+00

  95    9.00E+00  0.00E+00  5.02E+00  0.00E+00  5.67E+00  4.77E-01  5.19E+00  5.61E+00

  96    9.00E+00  0.00E+00  7.17E+00  0.00E+00  4.24E+00  1.71E-01  4.07E+00  9.71E+00

  97    9.00E+00  0.00E+00  8.80E+00  0.00E+00  4.11E+00  7.85E-02  4.03E+00  1.36E+01

  98    9.00E+00  0.00E+00  1.16E+01  0.00E+00  3.16E+00  2.06E-02  3.14E+00  1.28E+01

  99    9.00E+00  0.00E+00  2.44E+01  0.00E+00  1.12E+00  4.50E-05  1.12E+00  5.15E+00

 100    1.00E+01  5.50E+00  0.00E+00  5.82E+01  2.40E-01  0.00E+00  2.40E-01  1.11E+00

 101    1.00E+01  0.00E+00  3.70E-01  0.00E+00  2.89E+00  4.23E+00 -1.34E+00 -3.80E+00

 102    1.00E+01  0.00E+00  7.70E-01  0.00E+00  5.22E+00  3.63E+00  1.59E+00 -3.99E+00

 103    1.00E+01  0.00E+00  1.02E+00  0.00E+00  6.41E+00  3.22E+00  3.19E+00 -3.68E+00



LINE NO.ID        AMT       TIME      BWT       DV        PRED      RES       WRES

 104    1.00E+01  0.00E+00  2.05E+00  0.00E+00  7.83E+00  1.97E+00  5.86E+00 -4.07E+00

 105    1.00E+01  0.00E+00  3.55E+00  0.00E+00  1.02E+01  9.63E-01  9.25E+00  3.62E+00

 106    1.00E+01  0.00E+00  5.05E+00  0.00E+00  9.18E+00  4.71E-01  8.71E+00  1.10E+01

 107    1.00E+01  0.00E+00  7.08E+00  0.00E+00  8.02E+00  1.79E-01  7.84E+00  2.09E+01

 108    1.00E+01  0.00E+00  9.38E+00  0.00E+00  7.14E+00  5.95E-02  7.08E+00  2.61E+01

 109    1.00E+01  0.00E+00  1.21E+01  0.00E+00  5.68E+00  1.62E-02  5.66E+00  2.38E+01

 110    1.00E+01  0.00E+00  2.37E+01  0.00E+00  2.42E+00  6.38E-05  2.42E+00  1.11E+01

 111    1.10E+01  4.92E+00  0.00E+00  6.50E+01  0.00E+00  0.00E+00  0.00E+00  0.00E+00

 112    1.10E+01  0.00E+00  2.50E-01  0.00E+00  4.86E+00  4.14E+00  7.21E-01 -7.96E-01

 113    1.10E+01  0.00E+00  5.00E-01  0.00E+00  7.24E+00  4.08E+00  3.16E+00 -8.32E-01

 114    1.10E+01  0.00E+00  9.80E-01  0.00E+00  8.00E+00  3.29E+00  4.71E+00 -7.70E-01

 115    1.10E+01  0.00E+00  1.98E+00  0.00E+00  6.81E+00  2.04E+00  4.77E+00 -1.99E+00

 116    1.10E+01  0.00E+00  3.60E+00  0.00E+00  5.87E+00  9.41E-01  4.93E+00 -5.57E-01

 117    1.10E+01  0.00E+00  5.02E+00  0.00E+00  5.22E+00  4.77E-01  4.74E+00  4.01E+00

 118    1.10E+01  0.00E+00  7.03E+00  0.00E+00  4.45E+00  1.83E-01  4.27E+00  1.02E+01

 119    1.10E+01  0.00E+00  9.03E+00  0.00E+00  3.62E+00  7.04E-02  3.55E+00  1.18E+01

 120    1.10E+01  0.00E+00  1.21E+01  0.00E+00  2.69E+00  1.61E-02  2.67E+00  1.10E+01

 121    1.10E+01  0.00E+00  2.41E+01  0.00E+00  8.60E-01  5.32E-05  8.60E-01  3.96E+00

 122    1.20E+01  5.30E+00  0.00E+00  6.05E+01  0.00E+00  0.00E+00  0.00E+00  0.00E+00

 123    1.20E+01  0.00E+00  2.50E-01  0.00E+00  1.25E+00  4.14E+00 -2.89E+00 -3.82E+00

 124    1.20E+01  0.00E+00  5.00E-01  0.00E+00  3.96E+00  4.08E+00 -1.22E-01 -4.38E+00

 125    1.20E+01  0.00E+00  1.00E+00  0.00E+00  7.82E+00  3.25E+00  4.57E+00 -2.97E+00

 126    1.20E+01  0.00E+00  2.00E+00  0.00E+00  9.72E+00  2.02E+00  7.70E+00 -1.87E+00

 127    1.20E+01  0.00E+00  3.52E+00  0.00E+00  9.75E+00  9.77E-01  8.77E+00  2.02E+00

 128    1.20E+01  0.00E+00  5.07E+00  0.00E+00  8.57E+00  4.66E-01  8.10E+00  9.09E+00

 129    1.20E+01  0.00E+00  7.07E+00  0.00E+00  6.59E+00  1.79E-01  6.41E+00  1.48E+01



LINE NO.ID        AMT       TIME      BWT       DV        PRED      RES       WRES

 130    1.20E+01  0.00E+00  9.03E+00  0.00E+00  6.11E+00  7.04E-02  6.04E+00  2.06E+01

 131    1.20E+01  0.00E+00  1.21E+01  0.00E+00  4.57E+00  1.66E-02  4.55E+00  1.87E+01

 132    1.20E+01  0.00E+00  2.41E+01  0.00E+00  1.17E+00  5.15E-05  1.17E+00  5.38E+00

#CPUT: Total CPU Time in Seconds,        0.984
