2015-02-15 
17:48
$PROB Emax Model
$INPUT ID CE DV
$DATA ../SimData.CSV IGNORE=@
$PRED
  CE50 = THETA(1) * EXP(ETA(1))
  BASE = THETA(2)
  F    = BASE * (1 - CE/(CE50 + CE))
  Y    = F + EPS(1)

$THETA
  (0, 10)
  (0, 100)

$OMEGA 0.2
$SIGMA 1
$EST MAXEVAL=9999 NOTBT NOOBT NOSBT PRINT=5 METHOD=COND LAPL
$COV PRINT=ERS
$TAB ID ETA(1) FIRSTONLY NOAPPEND FILE=INDIPARA.OUT
$TAB ID CE G11 H11 ONEHEADER FILE=FIT.OUT
  
NM-TRAN MESSAGES 
  
 WARNINGS AND ERRORS (IF ANY) FOR PROBLEM    1
             
 (WARNING  2) NM-TRAN INFERS THAT THE DATA ARE POPULATION.
             
 (WARNING  13) WITH USER-WRITTEN PRED OR $PRED, NM-TRAN CANNOT APPEND THE
 MDV DATA ITEM.
  
License Registered to: Asan Medical Center
Expiration Date:    14 DEC 2015
Current Date:       15 FEB 2015
Days until program expires : 299
1NONLINEAR MIXED EFFECTS MODEL PROGRAM (NONMEM) VERSION 7.3.0
 ORIGINALLY DEVELOPED BY STUART BEAL, LEWIS SHEINER, AND ALISON BOECKMANN
 CURRENT DEVELOPERS ARE ROBERT BAUER, ICON DEVELOPMENT SOLUTIONS,
 AND ALISON BOECKMANN. IMPLEMENTATION, EFFICIENCY, AND STANDARDIZATION
 PERFORMED BY NOUS INFOSYSTEMS.

 PROBLEM NO.:         1
 Emax Model
0DATA CHECKOUT RUN:              NO
 DATA SET LOCATED ON UNIT NO.:    2
 THIS UNIT TO BE REWOUND:        NO
 NO. OF DATA RECS IN DATA SET:       72
 NO. OF DATA ITEMS IN DATA SET:   3
 ID DATA ITEM IS DATA ITEM NO.:   1
 DEP VARIABLE IS DATA ITEM NO.:   3
0LABELS FOR DATA ITEMS:
 ID CE DV
0(NONBLANK) LABELS FOR PRED-DEFINED ITEMS:
 G11 H11
0FORMAT FOR DATA:
 (3E7.0)

 TOT. NO. OF OBS RECS:       72
 TOT. NO. OF INDIVIDUALS:      4
0LENGTH OF THETA:   2
0DEFAULT THETA BOUNDARY TEST OMITTED:   YES
0OMEGA HAS SIMPLE DIAGONAL FORM WITH DIMENSION:   1
0DEFAULT OMEGA BOUNDARY TEST OMITTED:   YES
0SIGMA HAS SIMPLE DIAGONAL FORM WITH DIMENSION:   1
0DEFAULT SIGMA BOUNDARY TEST OMITTED:   YES
0INITIAL ESTIMATE OF THETA:
 LOWER BOUND    INITIAL EST    UPPER BOUND
  0.0000E+00     0.1000E+02     0.1000E+07
  0.0000E+00     0.1000E+03     0.1000E+07
0INITIAL ESTIMATE OF OMEGA:
 0.2000E+00
0INITIAL ESTIMATE OF SIGMA:
 0.1000E+01
0COVARIANCE STEP OMITTED:        NO
 R MATRIX PRINTED:              YES
 S MATRIX PRINTED:              YES
 EIGENVLS. PRINTED:             YES
 SPECIAL COMPUTATION:            NO
 COMPRESSED FORMAT:              NO
 SIGDIGITS ETAHAT (SIGLO):                  -1
 SIGDIGITS GRADIENTS (SIGL):                -1
 RELATIVE TOLERANCE (TOL):                  -1
 ABSOLUTE TOLERANCE-ADVAN 9,13 ONLY (ATOL): -1
 EXCLUDE COV FOR FOCE (NOFCOV):              NO
 RESUME COV ANALYSIS (RESUME):               NO
0TABLES STEP OMITTED:    NO
 NO. OF TABLES:           2
 SEED NUMBER (SEED):    11456
 RANMETHOD:
 MC SAMPLES (ESEED):    300
 WRES SQUARE ROOT TYPE:            EIGENVALUE
0-- TABLE   1 --
0FIRST RECORDS ONLY:    YES
04 COLUMNS APPENDED:     NO
 PRINTED:               YES
 FOR TABLE FILE,
 HEADER:                YES
 FILE TO BE FORWARDED:   NO
 FORMAT:                S1PE11.4
 LFORMAT:
 RFORMAT:
0USER-CHOSEN ITEMS:
 ID ETA1
0-- TABLE   2 --
 PRINTED:               YES
 FOR TABLE FILE,
 HEADER:                YES
 FILE TO BE FORWARDED:   NO
 FORMAT:                S1PE11.4
 LFORMAT:
 RFORMAT:
0USER-CHOSEN ITEMS:
 ID CE G11 H11
1


 #TBLN:      1
 #METH: Laplacian Conditional Estimation

 ESTIMATION STEP OMITTED:                 NO  
 ANALYSIS TYPE:                           POPULATION
 CONDITIONAL ESTIMATES USED:              YES 
 CENTERED ETA:                            NO  
 EPS-ETA INTERACTION:                     NO  
 LAPLACIAN OBJ. FUNC.:                    YES 
 NUMERICAL 2ND DERIVATIVES:               NO  
 NO. OF FUNCT. EVALS. ALLOWED:            9999
 NO. OF SIG. FIGURES REQUIRED:            3
 INTERMEDIATE PRINTOUT:                   YES 
 ESTIMATE OUTPUT TO MSF:                  NO  
 IND. OBJ. FUNC. VALUES SORTED:           NO  
 NUMERICAL DERIVATIVE 
       FILE REQUEST (NUMDER):             NONE
 MAP (ETAHAT) ESTIMATION METHOD (OPTMAP): 0           
 ETA HESSIAN EVALUATION METHOD (ETADER):  0           
 INITIAL ETA FOR MAP ESTIMATION (MCETA):  0           
 SIGDIGITS FOR MAP ESTIMATION (SIGLO):    100         
 GRADIENT SIGDIGITS OF 
       FIXED EFFECTS PARAMETERS (SIGL):   100         
 EXCLUDE TITLE (NOTITLE):                 NO 
 EXCLUDE COLUMN LABELS (NOLABEL):         NO 
 NOPRIOR SETTING (NOPRIOR):               OFF
 NOCOV SETTING (NOCOV):                   OFF
 DERCONT SETTING (DERCONT):               OFF
 ABSOLUTE TOLERANCE-ADVAN 9,13 ONLY(ATOL):-100        
 FINAL ETA RE-EVALUATION (FNLETA):        ON 
 EXCLUDE NON-INFLUENTIAL (NON-INFL.) ETAS 
       IN SHRINKAGE (ETASTYPE):           NO 
 NON-INFL. ETA CORRECTION (NONINFETA):    OFF
 FORMAT FOR ADDITIONAL FILES (FORMAT):    S1PE12.5
 PARAMETER ORDER FOR OUTPUTS (ORDER):     TSOL
 ADDITIONAL CONVERGENCE TEST (CTYPE=4)?:  NO
 EM OR BAYESIAN METHOD USED:                NONE


 THE FOLLOWING LABELS ARE EQUIVALENT
 PRED=NPRED
 RES=NRES
 WRES=NWRES
 IWRS=NIWRES
 IPRD=NIPRED
 IRS=NIRES

 MONITORING OF SEARCH:


0ITERATION NO.:    0    OBJECTIVE VALUE:   20011.5877350041        NO. OF FUNC. EVALS.:   5
 CUMULATIVE NO. OF FUNC. EVALS.:        5
 NPARAMETR:  1.0000E+01  1.0000E+02  2.0000E-01  1.0000E+00
 PARAMETER:  1.0000E-01  1.0000E-01  1.0000E-01  1.0000E-01
 GRADIENT:   7.9957E+01  1.8132E+05 -1.4925E+02 -3.9679E+04

0ITERATION NO.:    5    OBJECTIVE VALUE:   303.802710727188        NO. OF FUNC. EVALS.:   6
 CUMULATIVE NO. OF FUNC. EVALS.:       35
 NPARAMETR:  2.0017E+00  8.0613E+01  1.2199E-01  3.0532E+00
 PARAMETER: -1.5086E+00 -1.1551E-01 -1.4718E-01  6.5810E-01
 GRADIENT:  -2.3040E+01  3.7510E+03 -2.8449E+00 -2.6815E+02

0ITERATION NO.:   10    OBJECTIVE VALUE:   229.527744159322        NO. OF FUNC. EVALS.:   6
 CUMULATIVE NO. OF FUNC. EVALS.:       72
 NPARAMETR:  3.1591E+00  7.9161E+01  3.1411E-03  4.5634E+00
 PARAMETER: -1.0523E+00 -1.3369E-01 -1.9769E+00  8.5903E-01
 GRADIENT:   3.9289E+00  1.8495E+02 -2.9376E+00 -8.8345E+01

0ITERATION NO.:   15    OBJECTIVE VALUE:   220.247699086157        NO. OF FUNC. EVALS.:   6
 CUMULATIVE NO. OF FUNC. EVALS.:      102
 NPARAMETR:  3.1582E+00  7.9067E+01  1.4364E-04  7.7803E+00
 PARAMETER: -1.0526E+00 -1.3487E-01 -3.5194E+00  1.1258E+00
 GRADIENT:   1.4397E+00  1.2340E+01 -1.6488E-01 -5.5558E-01

0ITERATION NO.:   20    OBJECTIVE VALUE:   219.516417554442        NO. OF FUNC. EVALS.:   6
 CUMULATIVE NO. OF FUNC. EVALS.:      141
 NPARAMETR:  3.0954E+00  7.8982E+01  7.2966E-03  6.9310E+00
 PARAMETER: -1.0727E+00 -1.3595E-01 -1.5555E+00  1.0680E+00
 GRADIENT:  -1.5347E+01 -1.2279E+02  2.8038E-02 -9.3933E+00

0ITERATION NO.:   25    OBJECTIVE VALUE:   219.109895224496        NO. OF FUNC. EVALS.:  10
 CUMULATIVE NO. OF FUNC. EVALS.:      175
 NPARAMETR:  3.1656E+00  7.9052E+01  6.3128E-03  7.4132E+00
 PARAMETER: -1.0502E+00 -1.3507E-01 -1.6279E+00  1.1016E+00
 GRADIENT:  -2.0941E-01 -4.9996E+00  1.7716E-02  3.2340E-02

0ITERATION NO.:   27    OBJECTIVE VALUE:   219.109707005980        NO. OF FUNC. EVALS.:   6
 CUMULATIVE NO. OF FUNC. EVALS.:      190
 NPARAMETR:  3.1661E+00  7.9056E+01  6.2502E-03  7.4127E+00
 PARAMETER: -1.0501E+00 -1.3501E-01 -1.6329E+00  1.1016E+00
 GRADIENT:   1.8377E-02  1.3383E-01 -3.6002E-03  4.1115E-03

 #TERM:
0MINIMIZATION SUCCESSFUL
 NO. OF FUNCTION EVALUATIONS USED:      190
 NO. OF SIG. DIGITS IN FINAL EST.:  3.2

 ETABAR IS THE ARITHMETIC MEAN OF THE ETA-ESTIMATES,
 AND THE P-VALUE IS GIVEN FOR THE NULL HYPOTHESIS THAT THE TRUE MEAN IS 0.

 ETABAR:        -3.2896E-05
 SE:             2.8343E-02
 N:                       4

 P VAL.:         9.9907E-01

 ETAshrink(%):   1.7206E+01
 EBVshrink(%):   2.8371E+01
 EPSshrink(%):   1.4387E+00

 #TERE:
 Elapsed estimation time in seconds:     0.27
 Elapsed covariance time in seconds:     0.02
1
 
 
 
 
 
 
 
 
 
 
 
 
 
 
 
 
 
 
 
 
 ************************************************************************************************************************
 ********************                                                                                ********************
 ********************                         LAPLACIAN CONDITIONAL ESTIMATION                       ********************
 #OBJT:**************                       MINIMUM VALUE OF OBJECTIVE FUNCTION                      ********************
 ********************                                                                                ********************
 ************************************************************************************************************************
 





 #OBJV:********************************************      219.110       **************************************************
1
 ************************************************************************************************************************
 ********************                                                                                ********************
 ********************                         LAPLACIAN CONDITIONAL ESTIMATION                       ********************
 ********************                             FINAL PARAMETER ESTIMATE                           ********************
 ********************                                                                                ********************
 ************************************************************************************************************************
 


 THETA - VECTOR OF FIXED EFFECTS PARAMETERS   *********


         TH 1      TH 2     
 
         3.17E+00  7.91E+01
 


 OMEGA - COV MATRIX FOR RANDOM EFFECTS - ETAS  ********


            ETA1   
 
 ETA1
+        6.25E-03
 


 SIGMA - COV MATRIX FOR RANDOM EFFECTS - EPSILONS  ****


            EPS1   
 
 EPS1
+        7.41E+00
 
1


 OMEGA - CORR MATRIX FOR RANDOM EFFECTS - ETAS  *******


            ETA1   
 
 ETA1
+        7.91E-02
 


 SIGMA - CORR MATRIX FOR RANDOM EFFECTS - EPSILONS  ***


            EPS1   
 
 EPS1
+        2.72E+00
 
1
 ************************************************************************************************************************
 ********************                                                                                ********************
 ********************                         LAPLACIAN CONDITIONAL ESTIMATION                       ********************
 ********************                            STANDARD ERROR OF ESTIMATE                          ********************
 ********************                                                                                ********************
 ************************************************************************************************************************
 


 THETA - VECTOR OF FIXED EFFECTS PARAMETERS   *********


         TH 1      TH 2     
 
         2.17E-01  4.07E-01
 


 OMEGA - COV MATRIX FOR RANDOM EFFECTS - ETAS  ********


            ETA1   
 
 ETA1
+        5.48E-03
 


 SIGMA - COV MATRIX FOR RANDOM EFFECTS - EPSILONS  ****


            EPS1   
 
 EPS1
+        1.19E+00
 
1


 OMEGA - CORR MATRIX FOR RANDOM EFFECTS - ETAS  *******


            ETA1   
 
 ETA1
+        3.47E-02
 


 SIGMA - CORR MATRIX FOR RANDOM EFFECTS - EPSILONS  ***


            EPS1   
 
 EPS1
+        2.19E-01
 
1
 ************************************************************************************************************************
 ********************                                                                                ********************
 ********************                         LAPLACIAN CONDITIONAL ESTIMATION                       ********************
 ********************                          COVARIANCE MATRIX OF ESTIMATE                         ********************
 ********************                                                                                ********************
 ************************************************************************************************************************
 

            TH 1      TH 2      OM11      SG11  
 
 TH 1
+        4.70E-02
 
 TH 2
+       -7.67E-02  1.65E-01
 
 OM11
+       -3.64E-04 -2.61E-05  3.00E-05
 
 SG11
+        7.39E-02  4.06E-03  1.52E-03  1.43E+00
 
1
 ************************************************************************************************************************
 ********************                                                                                ********************
 ********************                         LAPLACIAN CONDITIONAL ESTIMATION                       ********************
 ********************                          CORRELATION MATRIX OF ESTIMATE                        ********************
 ********************                                                                                ********************
 ************************************************************************************************************************
 

            TH 1      TH 2      OM11      SG11  
 
 TH 1
+        2.17E-01
 
 TH 2
+       -8.71E-01  4.07E-01
 
 OM11
+       -3.06E-01 -1.17E-02  5.48E-03
 
 SG11
+        2.85E-01  8.36E-03  2.32E-01  1.19E+00
 
1
 ************************************************************************************************************************
 ********************                                                                                ********************
 ********************                         LAPLACIAN CONDITIONAL ESTIMATION                       ********************
 ********************                      INVERSE COVARIANCE MATRIX OF ESTIMATE                     ********************
 ********************                                                                                ********************
 ************************************************************************************************************************
 

            TH 1      TH 2      OM11      SG11  
 
 TH 1
+        4.48E+08
 
 TH 2
+        2.10E+08  9.81E+07
 
 OM11
+        7.20E+09  3.37E+09  1.16E+11
 
 SG11
+       -3.14E+07 -1.47E+07 -5.05E+08  2.21E+06
 
1
 
 
 
 
 
 
 
 
 
 
 
 
 
 
 
 
 
 
 
 
 ************************************************************************************************************************
 ********************                                                                                ********************
 ********************                         LAPLACIAN CONDITIONAL ESTIMATION                       ********************
 ********************                      EIGENVALUES OF COR MATRIX OF ESTIMATE                     ********************
 ********************                                                                                ********************
 ************************************************************************************************************************
 

             1         2         3         4
 
         2.28E-08  8.25E-01  1.23E+00  1.94E+00
 
1
 ************************************************************************************************************************
 ********************                                                                                ********************
 ********************                         LAPLACIAN CONDITIONAL ESTIMATION                       ********************
 ********************                                     R MATRIX                                   ********************
 ********************                                                                                ********************
 ************************************************************************************************************************
 

            TH 1      TH 2      OM11      SG11  
 
 TH 1
+        3.28E+01
 
 TH 2
+        4.22E+00  6.82E+00
 
 OM11
+       -2.30E+01  1.48E+00  1.35E+04
 
 SG11
+        1.85E-02  1.39E-04  1.08E+01  6.27E-01
 
1
 ************************************************************************************************************************
 ********************                                                                                ********************
 ********************                         LAPLACIAN CONDITIONAL ESTIMATION                       ********************
 ********************                                     S MATRIX                                   ********************
 ********************                                                                                ********************
 ************************************************************************************************************************
 

            TH 1      TH 2      OM11      SG11  
 
 TH 1
+        3.28E+01
 
 TH 2
+       -7.22E+00  4.11E+00
 
 OM11
+       -1.76E+02 -1.02E+01  6.31E+03
 
 SG11
+        1.41E+00  1.91E-01  2.60E+01  5.87E-01
 
1
 
 
 
 
 
 
 
 
 
 
 
 
 
 
 
 
 
 
 
 
 ************************************************************************************************************************
 ********************                                                                                ********************
 ********************                         LAPLACIAN CONDITIONAL ESTIMATION                       ********************
 ********************                          TABLES OF DATA AND PREDICTIONS                        ********************
 ********************                                                                                ********************
 ************************************************************************************************************************
 
1TABLE NO.  1



 LINE NO.ID        ETA1     
 
    1
+        1.00E+00 -8.64E-02
 
    2
+        2.00E+00 -5.30E-03
 
    3
+        3.00E+00  2.15E-02
 
    4
+        4.00E+00  7.00E-02
 
1TABLE NO.  2



 LINE NO.ID        CE        G11       H11       DV        PRED      RES       WRES     
 
    1
+        1.00E+00  1.00E-04  2.72E-03  1.00E+00  8.51E+01  7.91E+01  6.00E+00  2.20E+00
 
    2
+        1.00E+00  1.00E-04  2.72E-03  1.00E+00  7.92E+01  7.91E+01  1.93E-01  7.10E-02
 
    3
+        1.00E+00  1.00E-04  2.72E-03  1.00E+00  7.77E+01  7.91E+01 -1.34E+00 -4.93E-01
 
    4
+        1.00E+00  1.00E-03  2.72E-02  1.00E+00  7.81E+01  7.90E+01 -9.13E-01 -3.35E-01
 
    5
+        1.00E+00  1.00E-03  2.72E-02  1.00E+00  8.23E+01  7.90E+01  3.26E+00  1.20E+00
 
    6
+        1.00E+00  1.00E-03  2.72E-02  1.00E+00  8.35E+01  7.90E+01  4.43E+00  1.63E+00
 
    7
+        1.00E+00  1.00E-02  2.70E-01  1.00E+00  7.77E+01  7.88E+01 -1.07E+00 -3.87E-01
 
    8
+        1.00E+00  1.00E-02  2.70E-01  1.00E+00  7.74E+01  7.88E+01 -1.38E+00 -5.00E-01
 
    9
+        1.00E+00  1.00E-02  2.70E-01  1.00E+00  7.94E+01  7.88E+01  5.67E-01  2.13E-01
 
   10
+        1.00E+00  1.00E-01  2.54E+00  1.00E+00  7.86E+01  7.66E+01  1.96E+00  7.63E-01
 
   11
+        1.00E+00  1.00E-01  2.54E+00  1.00E+00  7.46E+01  7.66E+01 -2.01E+00 -6.92E-01
 
   12
+        1.00E+00  1.00E-01  2.54E+00  1.00E+00  7.35E+01  7.66E+01 -3.14E+00 -1.11E+00
 
   13
+        1.00E+00  1.00E+00  1.51E+01  1.00E+00  6.00E+01  6.01E+01 -6.13E-02  2.53E-01
 
   14
+        1.00E+00  1.00E+00  1.51E+01  1.00E+00  5.90E+01  6.01E+01 -1.06E+00 -1.15E-01
 
   15
+        1.00E+00  1.00E+00  1.51E+01  1.00E+00  5.76E+01  6.01E+01 -2.47E+00 -6.32E-01
 
   16
+        1.00E+00  1.00E+01  1.38E+01  1.00E+00  1.20E+01  1.90E+01 -6.98E+00 -2.29E+00
 
   17
+        1.00E+00  1.00E+01  1.38E+01  1.00E+00  1.91E+01  1.90E+01  7.10E-02  3.02E-01
 
   18
+        1.00E+00  1.00E+01  1.38E+01  1.00E+00  1.51E+01  1.90E+01 -3.93E+00 -1.17E+00
 
   19
+        2.00E+00  1.00E-04  2.51E-03  1.00E+00  7.88E+01  7.91E+01 -2.05E-01 -7.52E-02
 
   20
+        2.00E+00  1.00E-04  2.51E-03  1.00E+00  7.89E+01  7.91E+01 -1.09E-01 -4.00E-02
 
   21
+        2.00E+00  1.00E-04  2.51E-03  1.00E+00  8.06E+01  7.91E+01  1.55E+00  5.70E-01
 
   22
+        2.00E+00  1.00E-03  2.51E-02  1.00E+00  7.70E+01  7.90E+01 -2.08E+00 -7.63E-01
 
   23
+        2.00E+00  1.00E-03  2.51E-02  1.00E+00  7.86E+01  7.90E+01 -4.32E-01 -1.59E-01
 
   24
+        2.00E+00  1.00E-03  2.51E-02  1.00E+00  7.95E+01  7.90E+01  4.50E-01  1.65E-01
 
   25
+        2.00E+00  1.00E-02  2.49E-01  1.00E+00  7.87E+01  7.88E+01 -7.34E-02 -2.67E-02
 
1

 LINE NO.ID        CE        G11       H11       DV        PRED      RES       WRES     
 
   26
+        2.00E+00  1.00E-02  2.49E-01  1.00E+00  8.00E+01  7.88E+01  1.16E+00  4.27E-01
 
   27
+        2.00E+00  1.00E-02  2.49E-01  1.00E+00  7.52E+01  7.88E+01 -3.65E+00 -1.34E+00
 
   28
+        2.00E+00  1.00E-01  2.36E+00  1.00E+00  7.29E+01  7.66E+01 -3.75E+00 -1.38E+00
 
   29
+        2.00E+00  1.00E-01  2.36E+00  1.00E+00  7.55E+01  7.66E+01 -1.10E+00 -4.01E-01
 
   30
+        2.00E+00  1.00E-01  2.36E+00  1.00E+00  7.98E+01  7.66E+01  3.12E+00  1.15E+00
 
   31
+        2.00E+00  1.00E+00  1.45E+01  1.00E+00  6.21E+01  6.01E+01  2.07E+00  7.76E-01
 
   32
+        2.00E+00  1.00E+00  1.45E+01  1.00E+00  6.13E+01  6.01E+01  1.21E+00  4.62E-01
 
   33
+        2.00E+00  1.00E+00  1.45E+01  1.00E+00  5.98E+01  6.01E+01 -3.00E-01 -9.34E-02
 
   34
+        2.00E+00  1.00E+01  1.44E+01  1.00E+00  1.66E+01  1.90E+01 -2.37E+00 -8.52E-01
 
   35
+        2.00E+00  1.00E+01  1.44E+01  1.00E+00  1.89E+01  1.90E+01 -6.60E-02 -7.38E-03
 
   36
+        2.00E+00  1.00E+01  1.44E+01  1.00E+00  1.79E+01  1.90E+01 -1.13E+00 -3.99E-01
 
   37
+        3.00E+00  1.00E-04  2.44E-03  1.00E+00  8.32E+01  7.91E+01  4.10E+00  1.51E+00
 
   38
+        3.00E+00  1.00E-04  2.44E-03  1.00E+00  7.62E+01  7.91E+01 -2.81E+00 -1.03E+00
 
   39
+        3.00E+00  1.00E-04  2.44E-03  1.00E+00  8.23E+01  7.91E+01  3.22E+00  1.18E+00
 
   40
+        3.00E+00  1.00E-03  2.44E-02  1.00E+00  8.07E+01  7.90E+01  1.62E+00  5.96E-01
 
   41
+        3.00E+00  1.00E-03  2.44E-02  1.00E+00  8.40E+01  7.90E+01  5.00E+00  1.84E+00
 
   42
+        3.00E+00  1.00E-03  2.44E-02  1.00E+00  7.75E+01  7.90E+01 -1.53E+00 -5.61E-01
 
   43
+        3.00E+00  1.00E-02  2.43E-01  1.00E+00  8.22E+01  7.88E+01  3.43E+00  1.26E+00
 
   44
+        3.00E+00  1.00E-02  2.43E-01  1.00E+00  7.75E+01  7.88E+01 -1.33E+00 -4.91E-01
 
   45
+        3.00E+00  1.00E-02  2.43E-01  1.00E+00  7.89E+01  7.88E+01  6.66E-02  2.33E-02
 
   46
+        3.00E+00  1.00E-01  2.30E+00  1.00E+00  7.51E+01  7.66E+01 -1.50E+00 -5.62E-01
 
   47
+        3.00E+00  1.00E-01  2.30E+00  1.00E+00  7.27E+01  7.66E+01 -3.98E+00 -1.47E+00
 
   48
+        3.00E+00  1.00E-01  2.30E+00  1.00E+00  7.86E+01  7.66E+01  2.01E+00  7.28E-01
 
   49
+        3.00E+00  1.00E+00  1.43E+01  1.00E+00  5.82E+01  6.01E+01 -1.93E+00 -7.74E-01
 
   50
+        3.00E+00  1.00E+00  1.43E+01  1.00E+00  5.82E+01  6.01E+01 -1.89E+00 -7.62E-01
 
   51
+        3.00E+00  1.00E+00  1.43E+01  1.00E+00  6.36E+01  6.01E+01  3.54E+00  1.24E+00
 
1

 LINE NO.ID        CE        G11       H11       DV        PRED      RES       WRES     
 
   52
+        3.00E+00  1.00E+01  1.46E+01  1.00E+00  1.74E+01  1.90E+01 -1.61E+00 -6.56E-01
 
   53
+        3.00E+00  1.00E+01  1.46E+01  1.00E+00  2.53E+01  1.90E+01  6.28E+00  2.24E+00
 
   54
+        3.00E+00  1.00E+01  1.46E+01  1.00E+00  1.87E+01  1.90E+01 -2.88E-01 -1.72E-01
 
   55
+        4.00E+00  1.00E-04  2.33E-03  1.00E+00  7.84E+01  7.91E+01 -6.08E-01 -2.23E-01
 
   56
+        4.00E+00  1.00E-04  2.33E-03  1.00E+00  8.02E+01  7.91E+01  1.17E+00  4.28E-01
 
   57
+        4.00E+00  1.00E-04  2.33E-03  1.00E+00  7.79E+01  7.91E+01 -1.18E+00 -4.34E-01
 
   58
+        4.00E+00  1.00E-03  2.33E-02  1.00E+00  8.33E+01  7.90E+01  4.29E+00  1.58E+00
 
   59
+        4.00E+00  1.00E-03  2.33E-02  1.00E+00  7.90E+01  7.90E+01 -2.23E-02 -8.56E-03
 
   60
+        4.00E+00  1.00E-03  2.33E-02  1.00E+00  7.74E+01  7.90E+01 -1.59E+00 -5.83E-01
 
   61
+        4.00E+00  1.00E-02  2.31E-01  1.00E+00  7.70E+01  7.88E+01 -1.85E+00 -6.83E-01
 
   62
+        4.00E+00  1.00E-02  2.31E-01  1.00E+00  7.91E+01  7.88E+01  3.08E-01  1.09E-01
 
   63
+        4.00E+00  1.00E-02  2.31E-01  1.00E+00  7.88E+01  7.88E+01  2.16E-02  4.36E-03
 
   64
+        4.00E+00  1.00E-01  2.20E+00  1.00E+00  7.73E+01  7.66E+01  6.65E-01  2.10E-01
 
   65
+        4.00E+00  1.00E-01  2.20E+00  1.00E+00  7.16E+01  7.66E+01 -5.00E+00 -1.87E+00
 
   66
+        4.00E+00  1.00E-01  2.20E+00  1.00E+00  6.94E+01  7.66E+01 -7.23E+00 -2.69E+00
 
   67
+        4.00E+00  1.00E+00  1.39E+01  1.00E+00  6.38E+01  6.01E+01  3.77E+00  1.18E+00
 
   68
+        4.00E+00  1.00E+00  1.39E+01  1.00E+00  5.78E+01  6.01E+01 -2.30E+00 -1.05E+00
 
   69
+        4.00E+00  1.00E+00  1.39E+01  1.00E+00  5.92E+01  6.01E+01 -8.63E-01 -5.26E-01
 
   70
+        4.00E+00  1.00E+01  1.50E+01  1.00E+00  2.45E+01  1.90E+01  5.49E+00  1.81E+00
 
   71
+        4.00E+00  1.00E+01  1.50E+01  1.00E+00  2.23E+01  1.90E+01  3.27E+00  9.93E-01
 
   72
+        4.00E+00  1.00E+01  1.50E+01  1.00E+00  2.29E+01  1.90E+01  3.86E+00  1.21E+00
 
 #CPUT: Total CPU Time in Seconds,        0.141
Stop Time: 
2015-02-15 
17:48
