NONLINEAR MIXED EFFECTS MODEL PROGRAM (NONMEM) VERSION 7.3.0
ORIGINALLY DEVELOPED BY STUART BEAL, LEWIS SHEINER, AND ALISON BOECKMANN
CURRENT DEVELOPERS ARE ROBERT BAUER, ICON DEVELOPMENT SOLUTIONS,
AND ALISON BOECKMANN. IMPLEMENTATION, EFFICIENCY, AND STANDARDIZATION
PERFORMED BY NOUS INFOSYSTEMS.

PROBLEM NO.:         1
Emax Model

DATA CHECKOUT RUN:              NO
DATA SET LOCATED ON UNIT NO.:    2
THIS UNIT TO BE REWOUND:        NO
NO. OF DATA RECS IN DATA SET:       72
NO. OF DATA ITEMS IN DATA SET:   3
ID DATA ITEM IS DATA ITEM NO.:   1
DEP VARIABLE IS DATA ITEM NO.:   3

LABELS FOR DATA ITEMS:
ID CE DV

(NONBLANK) LABELS FOR PRED-DEFINED ITEMS:
G11 H11

FORMAT FOR DATA:
(3E7.0)

TOT. NO. OF OBS RECS:       72
TOT. NO. OF INDIVIDUALS:      4

LENGTH OF THETA:   2

DEFAULT THETA BOUNDARY TEST OMITTED:   YES

OMEGA HAS SIMPLE DIAGONAL FORM WITH DIMENSION:   1

DEFAULT OMEGA BOUNDARY TEST OMITTED:   YES

SIGMA HAS SIMPLE DIAGONAL FORM WITH DIMENSION:   1

DEFAULT SIGMA BOUNDARY TEST OMITTED:   YES

INITIAL ESTIMATE OF THETA:
LOWER BOUND    INITIAL EST    UPPER BOUND
 0.0000E+00     0.1000E+02     0.1000E+07
 0.0000E+00     0.1000E+03     0.1000E+07

INITIAL ESTIMATE OF OMEGA:
0.2000E+00

INITIAL ESTIMATE OF SIGMA:
0.1000E+01

COVARIANCE STEP OMITTED:        NO
R MATRIX PRINTED:              YES
S MATRIX PRINTED:              YES
EIGENVLS. PRINTED:             YES
SPECIAL COMPUTATION:            NO
COMPRESSED FORMAT:              NO
SIGDIGITS ETAHAT (SIGLO):                  -1
SIGDIGITS GRADIENTS (SIGL):                -1
RELATIVE TOLERANCE (TOL):                  -1
ABSOLUTE TOLERANCE-ADVAN 9,13 ONLY (ATOL): -1
EXCLUDE COV FOR FOCE (NOFCOV):              NO
RESUME COV ANALYSIS (RESUME):               NO

TABLES STEP OMITTED:    NO
NO. OF TABLES:           2
SEED NUMBER (SEED):    11456
RANMETHOD:
MC SAMPLES (ESEED):    300
WRES SQUARE ROOT TYPE:            EIGENVALUE

-- TABLE   1 --

FIRST RECORDS ONLY:    YES

4 COLUMNS APPENDED:     NO
PRINTED:               YES
FOR TABLE FILE,
HEADER:                YES
FILE TO BE FORWARDED:   NO
FORMAT:                S1PE11.4
LFORMAT:
RFORMAT:

USER-CHOSEN ITEMS:
ID ETA1

-- TABLE   2 --
PRINTED:               YES
FOR TABLE FILE,
HEADER:                YES
FILE TO BE FORWARDED:   NO
FORMAT:                S1PE11.4
LFORMAT:
RFORMAT:

USER-CHOSEN ITEMS:
ID CE G11 H11



#TBLN:      1
#METH: First Order with Interaction

ESTIMATION STEP OMITTED:                 NO
ANALYSIS TYPE:                           POPULATION
EPS-ETA INTERACTION:                     YES
NO. OF FUNCT. EVALS. ALLOWED:            9999
NO. OF SIG. FIGURES REQUIRED:            3
INTERMEDIATE PRINTOUT:                   YES
ESTIMATE OUTPUT TO MSF:                  NO
IND. OBJ. FUNC. VALUES SORTED:           NO
NUMERICAL DERIVATIVE
      FILE REQUEST (NUMDER):             NONE
MAP (ETAHAT) ESTIMATION METHOD (OPTMAP): 0
ETA HESSIAN EVALUATION METHOD (ETADER):  0
INITIAL ETA FOR MAP ESTIMATION (MCETA):  0
SIGDIGITS FOR MAP ESTIMATION (SIGLO):    100
GRADIENT SIGDIGITS OF
      FIXED EFFECTS PARAMETERS (SIGL):   100
EXCLUDE TITLE (NOTITLE):                 NO
EXCLUDE COLUMN LABELS (NOLABEL):         NO
NOPRIOR SETTING (NOPRIOR):               OFF
NOCOV SETTING (NOCOV):                   OFF
DERCONT SETTING (DERCONT):               OFF
ABSOLUTE TOLERANCE-ADVAN 9,13 ONLY(ATOL):-100
FINAL ETA RE-EVALUATION (FNLETA):        ON
EXCLUDE NON-INFLUENTIAL (NON-INFL.) ETAS
      IN SHRINKAGE (ETASTYPE):           NO
NON-INFL. ETA CORRECTION (NONINFETA):    OFF
FORMAT FOR ADDITIONAL FILES (FORMAT):    S1PE12.5
PARAMETER ORDER FOR OUTPUTS (ORDER):     TSOL
ADDITIONAL CONVERGENCE TEST (CTYPE=4)?:  NO
EM OR BAYESIAN METHOD USED:                NONE


THE FOLLOWING LABELS ARE EQUIVALENT
PRED=PREDI
RES=RESI
WRES=WRESI
IWRS=IWRESI
IPRD=IPREDI
IRS=IRESI

MONITORING OF SEARCH:



ITERATION NO.:    0    OBJECTIVE VALUE:   26252.4395779711        NO. OF FUNC. EVALS.:   5
CUMULATIVE NO. OF FUNC. EVALS.:        5
NPARAMETR:  1.0000E+01  1.0000E+02  2.0000E-01  1.0000E+00
PARAMETER:  1.0000E-01  1.0000E-01  1.0000E-01  1.0000E-01
GRADIENT:   5.4193E+03  2.3234E+05 -8.3570E+01 -5.2224E+04


ITERATION NO.:    1    OBJECTIVE VALUE:   1434.17952068692        NO. OF FUNC. EVALS.:   6
CUMULATIVE NO. OF FUNC. EVALS.:       11
NPARAMETR:  9.9303E+00  7.4082E+01  2.0004E-01  1.1444E+00
PARAMETER:  9.3003E-02 -2.0000E-01  1.0011E-01  1.6743E-01
GRADIENT:   1.1867E+02 -2.7335E+04 -3.0243E+01 -2.6318E+03


ITERATION NO.:    2    OBJECTIVE VALUE:   555.409325651144        NO. OF FUNC. EVALS.:   6
CUMULATIVE NO. OF FUNC. EVALS.:       17
NPARAMETR:  9.5133E+00  8.1612E+01  2.0099E-01  3.1251E+00
PARAMETER:  5.0101E-02 -1.0320E-01  1.0247E-01  6.6973E-01
GRADIENT:   3.7548E+02  9.6611E+03 -4.1509E+01 -7.2458E+02


ITERATION NO.:    3    OBJECTIVE VALUE:   458.043915867263        NO. OF FUNC. EVALS.:   7
CUMULATIVE NO. OF FUNC. EVALS.:       24
NPARAMETR:  5.2147E+00  8.2094E+01  2.4450E-01  2.9229E+00
PARAMETER: -5.5111E-01 -9.7306E-02  2.0045E-01  6.3628E-01
GRADIENT:   1.7740E+02  9.1827E+03 -3.4178E+00 -5.7559E+02


ITERATION NO.:    4    OBJECTIVE VALUE:   450.097549819004        NO. OF FUNC. EVALS.:   6
CUMULATIVE NO. OF FUNC. EVALS.:       30
NPARAMETR:  4.5576E+00  8.2119E+01  7.3444E-02  2.8617E+00
PARAMETER: -6.8578E-01 -9.7002E-02 -4.0090E-01  6.2571E-01
GRADIENT:   1.5574E+02  9.0849E+03 -1.5532E+01 -5.6003E+02


ITERATION NO.:    5    OBJECTIVE VALUE:   329.128318809976        NO. OF FUNC. EVALS.:   9
CUMULATIVE NO. OF FUNC. EVALS.:       39
NPARAMETR:  3.6377E+00  8.0468E+01  8.3448E-02  2.3986E+00
PARAMETER: -9.1124E-01 -1.1731E-01 -3.3705E-01  5.3745E-01
GRADIENT:   2.7084E+01  4.6253E+03  3.2448E+00 -3.6051E+02


ITERATION NO.:    6    OBJECTIVE VALUE:   304.467712439811        NO. OF FUNC. EVALS.:   6
CUMULATIVE NO. OF FUNC. EVALS.:       45
NPARAMETR:  3.8305E+00  7.8869E+01  5.4615E-02  2.1505E+00
PARAMETER: -8.5960E-01 -1.3738E-01 -5.4900E-01  4.8285E-01
GRADIENT:   1.5630E+01 -4.3496E+02  1.2211E+00 -3.2768E+02


ITERATION NO.:    7    OBJECTIVE VALUE:   297.186326576181        NO. OF FUNC. EVALS.:   6
CUMULATIVE NO. OF FUNC. EVALS.:       51
NPARAMETR:  3.8983E+00  7.9305E+01  5.7779E-02  2.2832E+00
PARAMETER: -8.4204E-01 -1.3187E-01 -5.2085E-01  5.1280E-01
GRADIENT:   2.8491E+01  1.0718E+03 -1.6222E-01 -3.0305E+02


ITERATION NO.:    8    OBJECTIVE VALUE:   282.176257875082        NO. OF FUNC. EVALS.:   7
CUMULATIVE NO. OF FUNC. EVALS.:       58
NPARAMETR:  4.0403E+00  7.9720E+01  5.1282E-02  2.7451E+00
PARAMETER: -8.0626E-01 -1.2665E-01 -5.8049E-01  6.0491E-01
GRADIENT:   5.1304E+01  2.1471E+03 -4.5461E+00 -2.4436E+02


ITERATION NO.:    9    OBJECTIVE VALUE:   244.564175569054        NO. OF FUNC. EVALS.:   7
CUMULATIVE NO. OF FUNC. EVALS.:       65
NPARAMETR:  3.7920E+00  8.0147E+01  3.8337E-02  4.8254E+00
PARAMETER: -8.6970E-01 -1.2131E-01 -7.2595E-01  8.8694E-01
GRADIENT:   4.6877E+01  1.9136E+03 -3.4765E+00 -9.5369E+01


ITERATION NO.:   10    OBJECTIVE VALUE:   225.494003936413        NO. OF FUNC. EVALS.:   6
CUMULATIVE NO. OF FUNC. EVALS.:       71
NPARAMETR:  3.0111E+00  8.0001E+01  1.7373E-02  7.9572E+00
PARAMETER: -1.1003E+00 -1.2314E-01 -1.1217E+00  1.1370E+00
GRADIENT:  -7.8981E+00  8.7068E+02  3.1036E+00 -5.1152E-01


ITERATION NO.:   11    OBJECTIVE VALUE:   220.427407690779        NO. OF FUNC. EVALS.:   6
CUMULATIVE NO. OF FUNC. EVALS.:       77
NPARAMETR:  3.1247E+00  7.9452E+01  1.1028E-02  7.7260E+00
PARAMETER: -1.0632E+00 -1.3002E-01 -1.3489E+00  1.1223E+00
GRADIENT:  -1.4029E+00  3.8675E+02  1.6336E+00  4.3942E+00


ITERATION NO.:   12    OBJECTIVE VALUE:   219.204473434532        NO. OF FUNC. EVALS.:   6
CUMULATIVE NO. OF FUNC. EVALS.:       83
NPARAMETR:  3.1879E+00  7.8986E+01  7.1464E-03  7.2928E+00
PARAMETER: -1.0432E+00 -1.3589E-01 -1.5659E+00  1.0934E+00
GRADIENT:   5.9188E-01 -5.7608E+01  3.0154E-01 -2.0007E+00


ITERATION NO.:   13    OBJECTIVE VALUE:   219.178677353145        NO. OF FUNC. EVALS.:   6
CUMULATIVE NO. OF FUNC. EVALS.:       89
NPARAMETR:  3.1629E+00  7.9037E+01  7.0824E-03  7.4076E+00
PARAMETER: -1.0511E+00 -1.3526E-01 -1.5704E+00  1.1013E+00
GRADIENT:  -2.9354E+00 -1.8292E+01  3.5259E-01  1.4628E-01


ITERATION NO.:   14    OBJECTIVE VALUE:   219.169918491643        NO. OF FUNC. EVALS.:   6
CUMULATIVE NO. OF FUNC. EVALS.:       95
NPARAMETR:  3.1769E+00  7.9045E+01  7.1107E-03  7.4115E+00
PARAMETER: -1.0467E+00 -1.3516E-01 -1.5684E+00  1.1015E+00
GRADIENT:  -5.5562E-03 -1.0762E+00  3.3727E-01  2.6991E-01


ITERATION NO.:   15    OBJECTIVE VALUE:   219.164256213554        NO. OF FUNC. EVALS.:   6
CUMULATIVE NO. OF FUNC. EVALS.:      101
NPARAMETR:  3.1773E+00  7.9035E+01  6.7660E-03  7.4120E+00
PARAMETER: -1.0465E+00 -1.3527E-01 -1.5932E+00  1.1016E+00
GRADIENT:   2.8413E-02 -1.0339E+01  2.2164E-01  1.9052E-01


ITERATION NO.:   16    OBJECTIVE VALUE:   219.158239019919        NO. OF FUNC. EVALS.:   6
CUMULATIVE NO. OF FUNC. EVALS.:      107
NPARAMETR:  3.1750E+00  7.9039E+01  6.1213E-03  7.4276E+00
PARAMETER: -1.0473E+00 -1.3523E-01 -1.6433E+00  1.1026E+00
GRADIENT:   1.1769E-03 -8.1580E+00  1.1785E-02  2.8688E-01


ITERATION NO.:   17    OBJECTIVE VALUE:   219.157187305382        NO. OF FUNC. EVALS.:   6
CUMULATIVE NO. OF FUNC. EVALS.:      113
NPARAMETR:  3.1737E+00  7.9049E+01  6.0639E-03  7.4168E+00
PARAMETER: -1.0477E+00 -1.3510E-01 -1.6480E+00  1.1019E+00
GRADIENT:   4.5920E-02  2.4171E+00 -8.7566E-03  6.9119E-02


ITERATION NO.:   18    OBJECTIVE VALUE:   219.157187305382        NO. OF FUNC. EVALS.:   9
CUMULATIVE NO. OF FUNC. EVALS.:      122
NPARAMETR:  3.1737E+00  7.9049E+01  6.0639E-03  7.4168E+00
PARAMETER: -1.0477E+00 -1.3510E-01 -1.6480E+00  1.1019E+00
GRADIENT:  -3.0602E-01 -3.3479E+00 -8.7566E-03 -8.2946E-02


ITERATION NO.:   19    OBJECTIVE VALUE:   219.157059495191        NO. OF FUNC. EVALS.:   9
CUMULATIVE NO. OF FUNC. EVALS.:      131
NPARAMETR:  3.1750E+00  7.9051E+01  6.0948E-03  7.4189E+00
PARAMETER: -1.0473E+00 -1.3507E-01 -1.6454E+00  1.1020E+00
GRADIENT:   2.0028E-02 -1.3196E-01 -7.9998E-04 -3.0056E-02


ITERATION NO.:   20    OBJECTIVE VALUE:   219.157059495191        NO. OF FUNC. EVALS.:   0
CUMULATIVE NO. OF FUNC. EVALS.:      131
NPARAMETR:  3.1750E+00  7.9051E+01  6.0948E-03  7.4189E+00
PARAMETER: -1.0473E+00 -1.3507E-01 -1.6454E+00  1.1020E+00
GRADIENT:   2.0028E-02 -1.3196E-01 -7.9998E-04 -3.0056E-02

#TERM:

MINIMIZATION SUCCESSFUL
NO. OF FUNCTION EVALUATIONS USED:      131
NO. OF SIG. DIGITS IN FINAL EST.:  4.1
#TERE:
Elapsed estimation time in seconds:     0.43
Elapsed covariance time in seconds:     0.01





















************************************************************************************************************************
********************                                                                                ********************
********************                           FIRST ORDER WITH INTERACTION                         ********************
#OBJT:**************                       MINIMUM VALUE OF OBJECTIVE FUNCTION                      ********************
********************                                                                                ********************
************************************************************************************************************************






#OBJV:********************************************      219.157       **************************************************

************************************************************************************************************************
********************                                                                                ********************
********************                           FIRST ORDER WITH INTERACTION                         ********************
********************                             FINAL PARAMETER ESTIMATE                           ********************
********************                                                                                ********************
************************************************************************************************************************



THETA - VECTOR OF FIXED EFFECTS PARAMETERS   *********


        TH 1      TH 2

        3.18E+00  7.91E+01



OMEGA - COV MATRIX FOR RANDOM EFFECTS - ETAS  ********


           ETA1

ETA1    6.09E-03



SIGMA - COV MATRIX FOR RANDOM EFFECTS - EPSILONS  ****


           EPS1

EPS1    7.42E+00




OMEGA - CORR MATRIX FOR RANDOM EFFECTS - ETAS  *******


           ETA1

ETA1    7.81E-02



SIGMA - CORR MATRIX FOR RANDOM EFFECTS - EPSILONS  ***


           EPS1

EPS1    2.72E+00


************************************************************************************************************************
********************                                                                                ********************
********************                           FIRST ORDER WITH INTERACTION                         ********************
********************                            STANDARD ERROR OF ESTIMATE                          ********************
********************                                                                                ********************
************************************************************************************************************************



THETA - VECTOR OF FIXED EFFECTS PARAMETERS   *********


        TH 1      TH 2

        2.14E-01  4.07E-01



OMEGA - COV MATRIX FOR RANDOM EFFECTS - ETAS  ********


           ETA1

ETA1    5.41E-03



SIGMA - COV MATRIX FOR RANDOM EFFECTS - EPSILONS  ****


           EPS1

EPS1    1.20E+00




OMEGA - CORR MATRIX FOR RANDOM EFFECTS - ETAS  *******


           ETA1

ETA1    3.46E-02



SIGMA - CORR MATRIX FOR RANDOM EFFECTS - EPSILONS  ***


           EPS1

EPS1    2.19E-01


************************************************************************************************************************
********************                                                                                ********************
********************                           FIRST ORDER WITH INTERACTION                         ********************
********************                          COVARIANCE MATRIX OF ESTIMATE                         ********************
********************                                                                                ********************
************************************************************************************************************************


           TH 1      TH 2      OM11      SG11

TH 1    4.57E-02

TH 2   -7.73E-02  1.66E-01

OM11   -2.86E-04 -4.78E-05  2.92E-05

SG11    7.62E-02  3.22E-03  1.46E-03  1.43E+00


************************************************************************************************************************
********************                                                                                ********************
********************                           FIRST ORDER WITH INTERACTION                         ********************
********************                          CORRELATION MATRIX OF ESTIMATE                        ********************
********************                                                                                ********************
************************************************************************************************************************


           TH 1      TH 2      OM11      SG11

TH 1    2.14E-01

TH 2   -8.88E-01  4.07E-01

OM11   -2.47E-01 -2.17E-02  5.41E-03

SG11    2.98E-01  6.63E-03  2.26E-01  1.20E+00


************************************************************************************************************************
********************                                                                                ********************
********************                           FIRST ORDER WITH INTERACTION                         ********************
********************                      INVERSE COVARIANCE MATRIX OF ESTIMATE                     ********************
********************                                                                                ********************
************************************************************************************************************************


           TH 1      TH 2      OM11      SG11

TH 1    2.14E+08

TH 2    1.01E+08  4.76E+07

OM11    2.99E+09  1.41E+09  4.18E+10

SG11   -1.47E+07 -6.92E+06 -2.05E+08  1.01E+06






















************************************************************************************************************************
********************                                                                                ********************
********************                           FIRST ORDER WITH INTERACTION                         ********************
********************                      EIGENVALUES OF COR MATRIX OF ESTIMATE                     ********************
********************                                                                                ********************
************************************************************************************************************************


            1         2         3         4

        4.93E-08  8.27E-01  1.22E+00  1.95E+00


************************************************************************************************************************
********************                                                                                ********************
********************                           FIRST ORDER WITH INTERACTION                         ********************
********************                                     R MATRIX                                   ********************
********************                                                                                ********************
************************************************************************************************************************


           TH 1      TH 2      OM11      SG11

TH 1    3.32E+01

TH 2    4.30E+00  6.83E+00

OM11   -9.22E+01 -3.83E+00  1.40E+04

SG11    7.43E-02  6.73E-03  1.11E+01  6.27E-01


************************************************************************************************************************
********************                                                                                ********************
********************                           FIRST ORDER WITH INTERACTION                         ********************
********************                                     S MATRIX                                   ********************
********************                                                                                ********************
************************************************************************************************************************


           TH 1      TH 2      OM11      SG11

TH 1    3.39E+01

TH 2   -7.33E+00  4.04E+00

OM11   -2.50E+02  8.03E+00  7.27E+03

SG11    1.52E+00  1.84E-01  2.28E+01  5.92E-01






















************************************************************************************************************************
********************                                                                                ********************
********************                           FIRST ORDER WITH INTERACTION                         ********************
********************                          TABLES OF DATA AND PREDICTIONS                        ********************
********************                                                                                ********************
************************************************************************************************************************

TABLE NO.  1



LINE NO.ID        ETA1

   1    1.00E+00  0.00E+00

   2    2.00E+00  0.00E+00

   3    3.00E+00  0.00E+00

   4    4.00E+00  0.00E+00

TABLE NO.  2



LINE NO.ID        CE        G11       H11       DV        PRED      RES       WRES

   1    1.00E+00  1.00E-04  2.49E-03  1.00E+00  8.51E+01  7.90E+01  6.01E+00  2.21E+00

   2    1.00E+00  1.00E-04  2.49E-03  1.00E+00  7.92E+01  7.90E+01  1.98E-01  7.28E-02

   3    1.00E+00  1.00E-04  2.49E-03  1.00E+00  7.77E+01  7.90E+01 -1.34E+00 -4.91E-01

   4    1.00E+00  1.00E-03  2.49E-02  1.00E+00  7.81E+01  7.90E+01 -9.08E-01 -3.33E-01

   5    1.00E+00  1.00E-03  2.49E-02  1.00E+00  8.23E+01  7.90E+01  3.26E+00  1.20E+00

   6    1.00E+00  1.00E-03  2.49E-02  1.00E+00  8.35E+01  7.90E+01  4.44E+00  1.63E+00

   7    1.00E+00  1.00E-02  2.47E-01  1.00E+00  7.77E+01  7.88E+01 -1.06E+00 -3.85E-01

   8    1.00E+00  1.00E-02  2.47E-01  1.00E+00  7.74E+01  7.88E+01 -1.37E+00 -4.99E-01

   9    1.00E+00  1.00E-02  2.47E-01  1.00E+00  7.94E+01  7.88E+01  5.71E-01  2.14E-01

  10    1.00E+00  1.00E-01  2.34E+00  1.00E+00  7.86E+01  7.66E+01  1.95E+00  7.62E-01

  11    1.00E+00  1.00E-01  2.34E+00  1.00E+00  7.46E+01  7.66E+01 -2.01E+00 -6.92E-01

  12    1.00E+00  1.00E-01  2.34E+00  1.00E+00  7.35E+01  7.66E+01 -3.14E+00 -1.11E+00

  13    1.00E+00  1.00E+00  1.44E+01  1.00E+00  6.00E+01  6.01E+01 -9.79E-02  2.39E-01

  14    1.00E+00  1.00E+00  1.44E+01  1.00E+00  5.90E+01  6.01E+01 -1.10E+00 -1.29E-01

  15    1.00E+00  1.00E+00  1.44E+01  1.00E+00  5.76E+01  6.01E+01 -2.51E+00 -6.46E-01

  16    1.00E+00  1.00E+01  1.45E+01  1.00E+00  1.20E+01  1.91E+01 -7.02E+00 -2.30E+00

  17    1.00E+00  1.00E+01  1.45E+01  1.00E+00  1.91E+01  1.91E+01  3.16E-02  2.88E-01

  18    1.00E+00  1.00E+01  1.45E+01  1.00E+00  1.51E+01  1.91E+01 -3.97E+00 -1.18E+00

  19    2.00E+00  1.00E-04  2.49E-03  1.00E+00  7.88E+01  7.90E+01 -2.00E-01 -7.34E-02

  20    2.00E+00  1.00E-04  2.49E-03  1.00E+00  7.89E+01  7.90E+01 -1.04E-01 -3.81E-02

  21    2.00E+00  1.00E-04  2.49E-03  1.00E+00  8.06E+01  7.90E+01  1.56E+00  5.72E-01

  22    2.00E+00  1.00E-03  2.49E-02  1.00E+00  7.70E+01  7.90E+01 -2.07E+00 -7.61E-01

  23    2.00E+00  1.00E-03  2.49E-02  1.00E+00  7.86E+01  7.90E+01 -4.27E-01 -1.57E-01

  24    2.00E+00  1.00E-03  2.49E-02  1.00E+00  7.95E+01  7.90E+01  4.55E-01  1.67E-01

  25    2.00E+00  1.00E-02  2.47E-01  1.00E+00  7.87E+01  7.88E+01 -6.92E-02 -2.50E-02



LINE NO.ID        CE        G11       H11       DV        PRED      RES       WRES

  26    2.00E+00  1.00E-02  2.47E-01  1.00E+00  8.00E+01  7.88E+01  1.16E+00  4.28E-01

  27    2.00E+00  1.00E-02  2.47E-01  1.00E+00  7.52E+01  7.88E+01 -3.65E+00 -1.34E+00

  28    2.00E+00  1.00E-01  2.34E+00  1.00E+00  7.29E+01  7.66E+01 -3.75E+00 -1.38E+00

  29    2.00E+00  1.00E-01  2.34E+00  1.00E+00  7.55E+01  7.66E+01 -1.10E+00 -4.01E-01

  30    2.00E+00  1.00E-01  2.34E+00  1.00E+00  7.98E+01  7.66E+01  3.12E+00  1.15E+00

  31    2.00E+00  1.00E+00  1.44E+01  1.00E+00  6.21E+01  6.01E+01  2.03E+00  7.67E-01

  32    2.00E+00  1.00E+00  1.44E+01  1.00E+00  6.13E+01  6.01E+01  1.18E+00  4.53E-01

  33    2.00E+00  1.00E+00  1.44E+01  1.00E+00  5.98E+01  6.01E+01 -3.37E-01 -1.03E-01

  34    2.00E+00  1.00E+01  1.45E+01  1.00E+00  1.66E+01  1.91E+01 -2.41E+00 -8.62E-01

  35    2.00E+00  1.00E+01  1.45E+01  1.00E+00  1.89E+01  1.91E+01 -1.05E-01 -1.77E-02

  36    2.00E+00  1.00E+01  1.45E+01  1.00E+00  1.79E+01  1.91E+01 -1.17E+00 -4.09E-01

  37    3.00E+00  1.00E-04  2.49E-03  1.00E+00  8.32E+01  7.90E+01  4.11E+00  1.51E+00

  38    3.00E+00  1.00E-04  2.49E-03  1.00E+00  7.62E+01  7.90E+01 -2.80E+00 -1.03E+00

  39    3.00E+00  1.00E-04  2.49E-03  1.00E+00  8.23E+01  7.90E+01  3.23E+00  1.18E+00

  40    3.00E+00  1.00E-03  2.49E-02  1.00E+00  8.07E+01  7.90E+01  1.63E+00  5.97E-01

  41    3.00E+00  1.00E-03  2.49E-02  1.00E+00  8.40E+01  7.90E+01  5.00E+00  1.84E+00

  42    3.00E+00  1.00E-03  2.49E-02  1.00E+00  7.75E+01  7.90E+01 -1.52E+00 -5.59E-01

  43    3.00E+00  1.00E-02  2.47E-01  1.00E+00  8.22E+01  7.88E+01  3.44E+00  1.26E+00

  44    3.00E+00  1.00E-02  2.47E-01  1.00E+00  7.75E+01  7.88E+01 -1.33E+00 -4.89E-01

  45    3.00E+00  1.00E-02  2.47E-01  1.00E+00  7.89E+01  7.88E+01  7.08E-02  2.50E-02

  46    3.00E+00  1.00E-01  2.34E+00  1.00E+00  7.51E+01  7.66E+01 -1.50E+00 -5.62E-01

  47    3.00E+00  1.00E-01  2.34E+00  1.00E+00  7.27E+01  7.66E+01 -3.99E+00 -1.47E+00

  48    3.00E+00  1.00E-01  2.34E+00  1.00E+00  7.86E+01  7.66E+01  2.01E+00  7.28E-01

  49    3.00E+00  1.00E+00  1.44E+01  1.00E+00  5.82E+01  6.01E+01 -1.96E+00 -7.82E-01

  50    3.00E+00  1.00E+00  1.44E+01  1.00E+00  5.82E+01  6.01E+01 -1.93E+00 -7.70E-01

  51    3.00E+00  1.00E+00  1.44E+01  1.00E+00  6.36E+01  6.01E+01  3.51E+00  1.23E+00



LINE NO.ID        CE        G11       H11       DV        PRED      RES       WRES

  52    3.00E+00  1.00E+01  1.45E+01  1.00E+00  1.74E+01  1.91E+01 -1.65E+00 -6.66E-01

  53    3.00E+00  1.00E+01  1.45E+01  1.00E+00  2.53E+01  1.91E+01  6.24E+00  2.23E+00

  54    3.00E+00  1.00E+01  1.45E+01  1.00E+00  1.87E+01  1.91E+01 -3.27E-01 -1.81E-01

  55    4.00E+00  1.00E-04  2.49E-03  1.00E+00  7.84E+01  7.90E+01 -6.03E-01 -2.21E-01

  56    4.00E+00  1.00E-04  2.49E-03  1.00E+00  8.02E+01  7.90E+01  1.17E+00  4.30E-01

  57    4.00E+00  1.00E-04  2.49E-03  1.00E+00  7.79E+01  7.90E+01 -1.18E+00 -4.32E-01

  58    4.00E+00  1.00E-03  2.49E-02  1.00E+00  8.33E+01  7.90E+01  4.30E+00  1.58E+00

  59    4.00E+00  1.00E-03  2.49E-02  1.00E+00  7.90E+01  7.90E+01 -1.75E-02 -6.76E-03

  60    4.00E+00  1.00E-03  2.49E-02  1.00E+00  7.74E+01  7.90E+01 -1.58E+00 -5.81E-01

  61    4.00E+00  1.00E-02  2.47E-01  1.00E+00  7.70E+01  7.88E+01 -1.85E+00 -6.81E-01

  62    4.00E+00  1.00E-02  2.47E-01  1.00E+00  7.91E+01  7.88E+01  3.12E-01  1.11E-01

  63    4.00E+00  1.00E-02  2.47E-01  1.00E+00  7.88E+01  7.88E+01  2.58E-02  6.03E-03

  64    4.00E+00  1.00E-01  2.34E+00  1.00E+00  7.73E+01  7.66E+01  6.63E-01  2.11E-01

  65    4.00E+00  1.00E-01  2.34E+00  1.00E+00  7.16E+01  7.66E+01 -5.00E+00 -1.87E+00

  66    4.00E+00  1.00E-01  2.34E+00  1.00E+00  6.94E+01  7.66E+01 -7.23E+00 -2.69E+00

  67    4.00E+00  1.00E+00  1.44E+01  1.00E+00  6.38E+01  6.01E+01  3.73E+00  1.17E+00

  68    4.00E+00  1.00E+00  1.44E+01  1.00E+00  5.78E+01  6.01E+01 -2.33E+00 -1.06E+00

  69    4.00E+00  1.00E+00  1.44E+01  1.00E+00  5.92E+01  6.01E+01 -9.00E-01 -5.32E-01

  70    4.00E+00  1.00E+01  1.45E+01  1.00E+00  2.45E+01  1.91E+01  5.45E+00  1.80E+00

  71    4.00E+00  1.00E+01  1.45E+01  1.00E+00  2.23E+01  1.91E+01  3.23E+00  9.85E-01

  72    4.00E+00  1.00E+01  1.45E+01  1.00E+00  2.29E+01  1.91E+01  3.82E+00  1.20E+00

#CPUT: Total CPU Time in Seconds,        0.109
